<?xml version="1.0" encoding="UTF-8"?>
<robot generator="Robot 6.1.1 (Python 3.10.7 on win32)" generated="20240306 20:06:54.939" rpa="false" schemaversion="4">
<suite id="s1" name="1042Ero" source="D:\Form1042\Test suite\Form1042ERO\1042ero.robot">
<test id="s1-t1" name="Login to Account" line="6">
<kw name="ssettings" library="1042ero_support">
<kw name="Logid" library="associatelib">
<var>${logid}</var>
<msg timestamp="20240306 20:07:14.894" level="INFO">${logid} = Log_20240306200714</msg>
<status status="PASS" starttime="20240306 20:07:14.892" endtime="20240306 20:07:14.894"/>
</kw>
<kw name="Set Environment Variable" library="OperatingSystem">
<arg>logid</arg>
<arg>${logid}</arg>
<doc>Sets an environment variable to a specified value.</doc>
<msg timestamp="20240306 20:07:14.895" level="INFO">Environment variable 'logid' set to value 'Log_20240306200714'.</msg>
<status status="PASS" starttime="20240306 20:07:14.894" endtime="20240306 20:07:14.895"/>
</kw>
<kw name="Time" library="associatelib">
<var>${time}</var>
<msg timestamp="20240306 20:07:14.895" level="INFO">${time} = 20:07:14</msg>
<status status="PASS" starttime="20240306 20:07:14.895" endtime="20240306 20:07:14.895"/>
</kw>
<kw name="Set Environment Variable" library="OperatingSystem">
<arg>starttime</arg>
<arg>${time}</arg>
<doc>Sets an environment variable to a specified value.</doc>
<msg timestamp="20240306 20:07:14.895" level="INFO">Environment variable 'starttime' set to value '20:07:14'.</msg>
<status status="PASS" starttime="20240306 20:07:14.895" endtime="20240306 20:07:14.895"/>
</kw>
<status status="PASS" starttime="20240306 20:07:14.892" endtime="20240306 20:07:14.895"/>
</kw>
<kw name="Get Environment Variable" library="OperatingSystem">
<var>${logid}</var>
<arg>logid</arg>
<doc>Returns the value of an environment variable with the given name.</doc>
<msg timestamp="20240306 20:07:14.896" level="INFO">${logid} = Log_20240306200714</msg>
<status status="PASS" starttime="20240306 20:07:14.896" endtime="20240306 20:07:14.896"/>
</kw>
<kw name="Fndbget" library="associatelib">
<var>${apwd}</var>
<arg>select pcode from tb_autodata where SiteName='UAT-Form941'</arg>
<msg timestamp="20240306 20:07:18.376" level="INFO">${apwd} = spanqatesting</msg>
<status status="PASS" starttime="20240306 20:07:14.896" endtime="20240306 20:07:18.376"/>
</kw>
<kw name="Set Variable" library="BuiltIn">
<var>${siteURL}</var>
<arg>https://tbs-secure.spansprint.com/login</arg>
<doc>Returns the given values which can then be assigned to a variables.</doc>
<msg timestamp="20240306 20:07:18.378" level="INFO">${siteURL} = https://tbs-secure.spansprint.com/login</msg>
<status status="PASS" starttime="20240306 20:07:18.377" endtime="20240306 20:07:18.378"/>
</kw>
<kw name="Set Variable" library="BuiltIn">
<var>${uid}</var>
<arg>puvanasri.j+1042CPAsprint@spantechnologyservices.com</arg>
<doc>Returns the given values which can then be assigned to a variables.</doc>
<msg timestamp="20240306 20:07:18.378" level="INFO">${uid} = puvanasri.j+1042CPAsprint@spantechnologyservices.com</msg>
<status status="PASS" starttime="20240306 20:07:18.378" endtime="20240306 20:07:18.378"/>
</kw>
<kw name="Fndbget" library="associatelib">
<var>${pwd}</var>
<arg>select pwd from tb_autodata where SiteName='UAT-Form941'</arg>
<msg timestamp="20240306 20:07:19.421" level="INFO">${pwd} = Span@123</msg>
<status status="PASS" starttime="20240306 20:07:18.379" endtime="20240306 20:07:19.421"/>
</kw>
<kw name="Parse Xml" library="XML">
<var>${xml}</var>
<arg>../../Object Repository/1042.xml</arg>
<doc>Parses the given XML file or string into an element structure.</doc>
<msg timestamp="20240306 20:07:19.424" level="INFO">${xml} = &lt;Element 'OR' at 0x0000027B5164FBA0&gt;</msg>
<status status="PASS" starttime="20240306 20:07:19.422" endtime="20240306 20:07:19.424"/>
</kw>
<kw name="Get Element Text" library="XML">
<var>${osigin}</var>
<arg>${xml}</arg>
<arg>signin</arg>
<doc>Returns all text of the element, possibly whitespace normalized.</doc>
<msg timestamp="20240306 20:07:19.425" level="INFO">${osigin} = //span[@class="v-btn__content" and contains(text(),"Sign In")]</msg>
<status status="PASS" starttime="20240306 20:07:19.424" endtime="20240306 20:07:19.425"/>
</kw>
<kw name="Get Element Text" library="XML">
<var>${ouid}</var>
<arg>${xml}</arg>
<arg>uid</arg>
<doc>Returns all text of the element, possibly whitespace normalized.</doc>
<msg timestamp="20240306 20:07:19.425" level="INFO">${ouid} = //label[contains(text(),"Email Address")]/following-sibling::input[1]</msg>
<status status="PASS" starttime="20240306 20:07:19.425" endtime="20240306 20:07:19.425"/>
</kw>
<kw name="Get Element Text" library="XML">
<var>${opwd}</var>
<arg>${xml}</arg>
<arg>pwd</arg>
<doc>Returns all text of the element, possibly whitespace normalized.</doc>
<msg timestamp="20240306 20:07:19.426" level="INFO">${opwd} = //label[contains(text(),"Password")]/following-sibling::input[1]</msg>
<status status="PASS" starttime="20240306 20:07:19.426" endtime="20240306 20:07:19.426"/>
</kw>
<kw name="Get Element Text" library="XML">
<var>${start}</var>
<arg>${xml}</arg>
<arg>start</arg>
<doc>Returns all text of the element, possibly whitespace normalized.</doc>
<msg timestamp="20240306 20:07:19.427" level="INFO">${start} = //span[@class="v-btn__content" and contains(text(),"Start New")]</msg>
<status status="PASS" starttime="20240306 20:07:19.427" endtime="20240306 20:07:19.427"/>
</kw>
<kw name="Get Element Text" library="XML">
<var>${form}</var>
<arg>${xml}</arg>
<arg>form</arg>
<doc>Returns all text of the element, possibly whitespace normalized.</doc>
<msg timestamp="20240306 20:07:19.429" level="INFO">${form} = //div[@class="v-list-item__title cursor-pointer" and text()="Form"]</msg>
<status status="PASS" starttime="20240306 20:07:19.429" endtime="20240306 20:07:19.429"/>
</kw>
<kw name="Set Variable" library="BuiltIn">
<var>${1042}</var>
<arg>(//span[contains(text(),"Form 1042")])[4]</arg>
<doc>Returns the given values which can then be assigned to a variables.</doc>
<msg timestamp="20240306 20:07:19.430" level="INFO">${1042} = (//span[contains(text(),"Form 1042")])[4]</msg>
<status status="PASS" starttime="20240306 20:07:19.430" endtime="20240306 20:07:19.430"/>
</kw>
<kw name="Open Window" library="common">
<arg>${siteURL}</arg>
<kw name="Evaluate" library="BuiltIn">
<var>${browse}</var>
<arg>random.choice(@{Browser})</arg>
<arg>random</arg>
<doc>Evaluates the given expression in Python and returns the result.</doc>
<msg timestamp="20240306 20:07:19.430" level="INFO">${browse} = Chrome</msg>
<status status="PASS" starttime="20240306 20:07:19.430" endtime="20240306 20:07:19.430"/>
</kw>
<kw name="Set Environment Variable" library="OperatingSystem">
<arg>browser</arg>
<arg>Chrome</arg>
<doc>Sets an environment variable to a specified value.</doc>
<msg timestamp="20240306 20:07:19.431" level="INFO">Environment variable 'browser' set to value 'Chrome'.</msg>
<status status="PASS" starttime="20240306 20:07:19.431" endtime="20240306 20:07:19.431"/>
</kw>
<kw name="Log To Console" library="BuiltIn">
<arg>${browse}</arg>
<doc>Logs the given message to the console.</doc>
<status status="PASS" starttime="20240306 20:07:19.431" endtime="20240306 20:07:19.431"/>
</kw>
<kw name="Set Environment Variable" library="OperatingSystem">
<arg>url</arg>
<arg>${siteURL}</arg>
<doc>Sets an environment variable to a specified value.</doc>
<msg timestamp="20240306 20:07:19.432" level="INFO">Environment variable 'url' set to value 'https://tbs-secure.spansprint.com/login'.</msg>
<status status="PASS" starttime="20240306 20:07:19.432" endtime="20240306 20:07:19.432"/>
</kw>
<kw name="Open Browser" library="SeleniumLibrary">
<arg>${siteURL}</arg>
<arg>Chrome</arg>
<doc>Opens a new browser instance to the optional ``url``.</doc>
<msg timestamp="20240306 20:07:19.432" level="INFO">Opening browser 'Chrome' to base url 'https://tbs-secure.spansprint.com/login'.</msg>
<status status="PASS" starttime="20240306 20:07:19.432" endtime="20240306 20:07:24.295"/>
</kw>
<status status="PASS" starttime="20240306 20:07:19.430" endtime="20240306 20:07:24.295"/>
</kw>
<kw name="Sleep" library="BuiltIn">
<arg>2s</arg>
<doc>Pauses the test executed for the given time.</doc>
<msg timestamp="20240306 20:07:26.308" level="INFO">Slept 2 seconds</msg>
<status status="PASS" starttime="20240306 20:07:24.296" endtime="20240306 20:07:26.308"/>
</kw>
<kw name="TestingPopUp" library="common">
<kw name="Sleep" library="BuiltIn">
<arg>2s</arg>
<doc>Pauses the test executed for the given time.</doc>
<msg timestamp="20240306 20:07:28.323" level="INFO">Slept 2 seconds</msg>
<status status="PASS" starttime="20240306 20:07:26.312" endtime="20240306 20:07:28.324"/>
</kw>
<kw name="Run Keyword And Return Status" library="BuiltIn">
<var>${passed}</var>
<arg>Wait Until Element Is Enabled</arg>
<arg>(//input[@type="password"])[2]</arg>
<arg>10s</arg>
<doc>Runs the given keyword with given arguments and returns the status as a Boolean value.</doc>
<kw name="Wait Until Element Is Enabled" library="SeleniumLibrary">
<arg>(//input[@type="password"])[2]</arg>
<arg>10s</arg>
<doc>Waits until the element ``locator`` is enabled.</doc>
<status status="PASS" starttime="20240306 20:07:28.327" endtime="20240306 20:07:28.493"/>
</kw>
<msg timestamp="20240306 20:07:28.493" level="INFO">${passed} = True</msg>
<status status="PASS" starttime="20240306 20:07:28.325" endtime="20240306 20:07:28.494"/>
</kw>
<kw name="Run Keyword If" library="BuiltIn">
<arg>${passed}</arg>
<arg>Input Text</arg>
<arg>(//input[@type="password"])[2]</arg>
<arg>spanqatesting</arg>
<doc>Runs the given keyword with the given arguments, if ``condition`` is true.</doc>
<kw name="Input Text" library="SeleniumLibrary">
<arg>(//input[@type="password"])[2]</arg>
<arg>spanqatesting</arg>
<doc>Types the given ``text`` into the text field identified by ``locator``.</doc>
<msg timestamp="20240306 20:07:28.496" level="INFO">Typing text 'spanqatesting' into text field '(//input[@type="password"])[2]'.</msg>
<status status="PASS" starttime="20240306 20:07:28.494" endtime="20240306 20:07:29.041"/>
</kw>
<status status="PASS" starttime="20240306 20:07:28.494" endtime="20240306 20:07:29.041"/>
</kw>
<kw name="Sleep" library="BuiltIn">
<arg>2s</arg>
<doc>Pauses the test executed for the given time.</doc>
<msg timestamp="20240306 20:07:31.045" level="INFO">Slept 2 seconds</msg>
<status status="PASS" starttime="20240306 20:07:29.041" endtime="20240306 20:07:31.045"/>
</kw>
<kw name="Run Keyword If" library="BuiltIn">
<arg>${passed}</arg>
<arg>Click Element</arg>
<arg>//span[text()="Continue"]</arg>
<doc>Runs the given keyword with the given arguments, if ``condition`` is true.</doc>
<kw name="Click Element" library="SeleniumLibrary">
<arg>//span[text()="Continue"]</arg>
<doc>Click the element identified by ``locator``.</doc>
<msg timestamp="20240306 20:07:31.046" level="INFO">Clicking element '//span[text()="Continue"]'.</msg>
<status status="PASS" starttime="20240306 20:07:31.046" endtime="20240306 20:07:31.178"/>
</kw>
<status status="PASS" starttime="20240306 20:07:31.045" endtime="20240306 20:07:31.178"/>
</kw>
<status status="PASS" starttime="20240306 20:07:26.311" endtime="20240306 20:07:31.178"/>
</kw>
<kw name="Singin_Page" library="common">
<arg>${ouid}</arg>
<arg>${uid}</arg>
<arg>${opwd}</arg>
<arg>${pwd}</arg>
<arg>${osigin}</arg>
<kw name="Input Text" library="SeleniumLibrary">
<arg>${ouid}</arg>
<arg>${uid}</arg>
<doc>Types the given ``text`` into the text field identified by ``locator``.</doc>
<msg timestamp="20240306 20:07:31.181" level="INFO">Typing text 'puvanasri.j+1042CPAsprint@spantechnologyservices.com' into text field '//label[contains(text(),"Email Address")]/following-sibling::input[1]'.</msg>
<status status="PASS" starttime="20240306 20:07:31.180" endtime="20240306 20:07:31.964"/>
</kw>
<kw name="Set Global Variable" library="BuiltIn">
<arg>${uid}</arg>
<doc>Makes a variable available globally in all tests and suites.</doc>
<msg timestamp="20240306 20:07:31.965" level="INFO">${uid} = puvanasri.j+1042CPAsprint@spantechnologyservices.com</msg>
<status status="PASS" starttime="20240306 20:07:31.965" endtime="20240306 20:07:31.966"/>
</kw>
<kw name="Set Environment Variable" library="OperatingSystem">
<arg>EmailAddress</arg>
<arg>${uid}</arg>
<doc>Sets an environment variable to a specified value.</doc>
<msg timestamp="20240306 20:07:31.967" level="INFO">Environment variable 'EmailAddress' set to value 'puvanasri.j+1042CPAsprint@spantechnologyservices.com'.</msg>
<status status="PASS" starttime="20240306 20:07:31.966" endtime="20240306 20:07:31.967"/>
</kw>
<kw name="Input Text" library="SeleniumLibrary">
<arg>${opwd}</arg>
<arg>${pwd}</arg>
<doc>Types the given ``text`` into the text field identified by ``locator``.</doc>
<msg timestamp="20240306 20:07:31.970" level="INFO">Typing text 'Span@123' into text field '//label[contains(text(),"Password")]/following-sibling::input[1]'.</msg>
<status status="PASS" starttime="20240306 20:07:31.967" endtime="20240306 20:07:32.260"/>
</kw>
<kw name="Set Global Variable" library="BuiltIn">
<arg>${pwd}</arg>
<doc>Makes a variable available globally in all tests and suites.</doc>
<msg timestamp="20240306 20:07:32.261" level="INFO">${pwd} = Span@123</msg>
<status status="PASS" starttime="20240306 20:07:32.260" endtime="20240306 20:07:32.261"/>
</kw>
<kw name="Set Environment Variable" library="OperatingSystem">
<arg>Password</arg>
<arg>${pwd}</arg>
<doc>Sets an environment variable to a specified value.</doc>
<msg timestamp="20240306 20:07:32.261" level="INFO">Environment variable 'Password' set to value 'Span@123'.</msg>
<status status="PASS" starttime="20240306 20:07:32.261" endtime="20240306 20:07:32.262"/>
</kw>
<kw name="Run Keyword And Return Status" library="BuiltIn">
<var>${passed}</var>
<arg>Wait Until Element Is Enabled</arg>
<arg>${osigin}</arg>
<arg>10s</arg>
<doc>Runs the given keyword with given arguments and returns the status as a Boolean value.</doc>
<kw name="Wait Until Element Is Enabled" library="SeleniumLibrary">
<arg>${osigin}</arg>
<arg>10s</arg>
<doc>Waits until the element ``locator`` is enabled.</doc>
<status status="PASS" starttime="20240306 20:07:32.263" endtime="20240306 20:07:32.329"/>
</kw>
<msg timestamp="20240306 20:07:32.329" level="INFO">${passed} = True</msg>
<status status="PASS" starttime="20240306 20:07:32.262" endtime="20240306 20:07:32.329"/>
</kw>
<kw name="Click Element" library="SeleniumLibrary">
<arg>${osigin}</arg>
<doc>Click the element identified by ``locator``.</doc>
<msg timestamp="20240306 20:07:32.332" level="INFO">Clicking element '//span[@class="v-btn__content" and contains(text(),"Sign In")]'.</msg>
<status status="PASS" starttime="20240306 20:07:32.330" endtime="20240306 20:07:32.572"/>
</kw>
<status status="PASS" starttime="20240306 20:07:31.179" endtime="20240306 20:07:32.572"/>
</kw>
<kw name="Sleep" library="BuiltIn">
<arg>30s</arg>
<doc>Pauses the test executed for the given time.</doc>
<msg timestamp="20240306 20:08:02.581" level="INFO">Slept 30 seconds</msg>
<status status="PASS" starttime="20240306 20:07:32.576" endtime="20240306 20:08:02.581"/>
</kw>
<kw name="Run Keyword And Return Status" library="BuiltIn">
<var>${passed}</var>
<arg>SeleniumLibrary.Page Should Contain</arg>
<arg>Verify your Email to Sign-In</arg>
<arg>15s</arg>
<doc>Runs the given keyword with given arguments and returns the status as a Boolean value.</doc>
<kw name="Page Should Contain" library="SeleniumLibrary">
<arg>Verify your Email to Sign-In</arg>
<arg>15s</arg>
<doc>Verifies that current page contains ``text``.</doc>
<msg timestamp="20240306 20:08:03.976" level="INFO" html="true">&lt;/td&gt;&lt;/tr&gt;&lt;tr&gt;&lt;td colspan="3"&gt;&lt;a href="selenium-screenshot-1.png"&gt;&lt;img src="selenium-screenshot-1.png" width="800px"&gt;&lt;/a&gt;</msg>
<msg timestamp="20240306 20:08:03.977" level="FAIL">Invalid log level '15S'.</msg>
<status status="FAIL" starttime="20240306 20:08:02.583" endtime="20240306 20:08:03.980"/>
</kw>
<msg timestamp="20240306 20:08:03.980" level="INFO">${passed} = False</msg>
<status status="PASS" starttime="20240306 20:08:02.582" endtime="20240306 20:08:03.980"/>
</kw>
<kw name="Run Keyword If" library="BuiltIn">
<arg>${passed}</arg>
<arg>OTAvalidation</arg>
<doc>Runs the given keyword with the given arguments, if ``condition`` is true.</doc>
<status status="PASS" starttime="20240306 20:08:03.981" endtime="20240306 20:08:03.981"/>
</kw>
<kw name="Two Factor Authentication" library="common">
<kw name="Run Keyword And Return Status" library="BuiltIn">
<var>${passed}</var>
<arg>Wait Until Element Is Enabled</arg>
<arg>//span[@class="v-btn__content" and contains(text(), "Remind Me Later")]</arg>
<arg>10s</arg>
<doc>Runs the given keyword with given arguments and returns the status as a Boolean value.</doc>
<kw name="Wait Until Element Is Enabled" library="SeleniumLibrary">
<arg>//span[@class="v-btn__content" and contains(text(), "Remind Me Later")]</arg>
<arg>10s</arg>
<doc>Waits until the element ``locator`` is enabled.</doc>
<msg timestamp="20240306 20:08:14.184" level="INFO" html="true">&lt;/td&gt;&lt;/tr&gt;&lt;tr&gt;&lt;td colspan="3"&gt;&lt;a href="selenium-screenshot-2.png"&gt;&lt;img src="selenium-screenshot-2.png" width="800px"&gt;&lt;/a&gt;</msg>
<msg timestamp="20240306 20:08:14.184" level="FAIL">Element with locator '//span[@class="v-btn__content" and contains(text(), "Remind Me Later")]' not found.</msg>
<status status="FAIL" starttime="20240306 20:08:03.985" endtime="20240306 20:08:14.185"/>
</kw>
<msg timestamp="20240306 20:08:14.185" level="INFO">${passed} = False</msg>
<status status="PASS" starttime="20240306 20:08:03.984" endtime="20240306 20:08:14.185"/>
</kw>
<kw name="Run Keyword If" library="BuiltIn">
<arg>${passed}</arg>
<arg>Click Element</arg>
<arg>//span[@class="v-btn__content" and contains(text(), "Remind Me Later")]</arg>
<doc>Runs the given keyword with the given arguments, if ``condition`` is true.</doc>
<status status="PASS" starttime="20240306 20:08:14.185" endtime="20240306 20:08:14.185"/>
</kw>
<status status="PASS" starttime="20240306 20:08:03.984" endtime="20240306 20:08:14.185"/>
</kw>
<kw name="Remove Files" library="OperatingSystem">
<arg>../../Test suite/Form1042/Screenshot/*.png</arg>
<doc>Uses `Remove File` to remove multiple files one-by-one.</doc>
<msg timestamp="20240306 20:08:14.187" level="INFO" html="true">File '&lt;a href="file://D:\Form1042\Test suite\Form1042\Screenshot\*.png"&gt;D:\Form1042\Test suite\Form1042\Screenshot\*.png&lt;/a&gt;' does not exist.</msg>
<status status="PASS" starttime="20240306 20:08:14.186" endtime="20240306 20:08:14.187"/>
</kw>
<kw name="SelectNewForm1042" library="common">
<arg>${start}</arg>
<arg>${form}</arg>
<arg>${1042}</arg>
<kw name="Sleep" library="BuiltIn">
<arg>10s</arg>
<doc>Pauses the test executed for the given time.</doc>
<msg timestamp="20240306 20:08:24.200" level="INFO">Slept 10 seconds</msg>
<status status="PASS" starttime="20240306 20:08:14.188" endtime="20240306 20:08:24.200"/>
</kw>
<kw name="Run Keyword And Return Status" library="BuiltIn">
<var>${passed}</var>
<arg>Wait Until Element Is Enabled</arg>
<arg>//span[@class="v-btn__content" and contains(text(),"Start New Form")]</arg>
<arg>100s</arg>
<doc>Runs the given keyword with given arguments and returns the status as a Boolean value.</doc>
<kw name="Wait Until Element Is Enabled" library="SeleniumLibrary">
<arg>//span[@class="v-btn__content" and contains(text(),"Start New Form")]</arg>
<arg>100s</arg>
<doc>Waits until the element ``locator`` is enabled.</doc>
<status status="PASS" starttime="20240306 20:08:24.201" endtime="20240306 20:08:24.273"/>
</kw>
<msg timestamp="20240306 20:08:24.274" level="INFO">${passed} = True</msg>
<status status="PASS" starttime="20240306 20:08:24.201" endtime="20240306 20:08:24.274"/>
</kw>
<kw name="Run Keyword If" library="BuiltIn">
<arg>${passed}</arg>
<arg>Click Element</arg>
<arg>//span[@class="v-btn__content" and contains(text(),"Start New Form")]</arg>
<doc>Runs the given keyword with the given arguments, if ``condition`` is true.</doc>
<kw name="Click Element" library="SeleniumLibrary">
<arg>//span[@class="v-btn__content" and contains(text(),"Start New Form")]</arg>
<doc>Click the element identified by ``locator``.</doc>
<msg timestamp="20240306 20:08:24.274" level="INFO">Clicking element '//span[@class="v-btn__content" and contains(text(),"Start New Form")]'.</msg>
<status status="PASS" starttime="20240306 20:08:24.274" endtime="20240306 20:08:24.605"/>
</kw>
<status status="PASS" starttime="20240306 20:08:24.274" endtime="20240306 20:08:24.606"/>
</kw>
<kw name="Sleep" library="BuiltIn">
<arg>10s</arg>
<doc>Pauses the test executed for the given time.</doc>
<msg timestamp="20240306 20:08:34.617" level="INFO">Slept 10 seconds</msg>
<status status="PASS" starttime="20240306 20:08:24.607" endtime="20240306 20:08:34.617"/>
</kw>
<kw name="Run Keyword And Return Status" library="BuiltIn">
<var>${passed}</var>
<arg>Wait Until Element Is Enabled</arg>
<arg>${1042}</arg>
<arg>100s</arg>
<doc>Runs the given keyword with given arguments and returns the status as a Boolean value.</doc>
<kw name="Wait Until Element Is Enabled" library="SeleniumLibrary">
<arg>${1042}</arg>
<arg>100s</arg>
<doc>Waits until the element ``locator`` is enabled.</doc>
<msg timestamp="20240306 20:10:14.983" level="INFO" html="true">&lt;/td&gt;&lt;/tr&gt;&lt;tr&gt;&lt;td colspan="3"&gt;&lt;a href="selenium-screenshot-3.png"&gt;&lt;img src="selenium-screenshot-3.png" width="800px"&gt;&lt;/a&gt;</msg>
<msg timestamp="20240306 20:10:14.983" level="FAIL">Element with locator '(//span[contains(text(),"Form 1042")])[4]' not found.</msg>
<status status="FAIL" starttime="20240306 20:08:34.620" endtime="20240306 20:10:14.984"/>
</kw>
<msg timestamp="20240306 20:10:14.984" level="INFO">${passed} = False</msg>
<status status="PASS" starttime="20240306 20:08:34.618" endtime="20240306 20:10:14.984"/>
</kw>
<kw name="Run Keyword If" library="BuiltIn">
<arg>${passed}</arg>
<arg>Execute JavaScript</arg>
<arg>document.evaluate('${1042}', document, null, XPathResult.ORDERED_NODE_SNAPSHOT_TYPE, null).snapshotItem(0).click();</arg>
<doc>Runs the given keyword with the given arguments, if ``condition`` is true.</doc>
<status status="PASS" starttime="20240306 20:10:14.984" endtime="20240306 20:10:14.984"/>
</kw>
<kw name="Run Keyword And Return Status" library="BuiltIn">
<var>${passed}</var>
<arg>Wait Until Element Is Enabled</arg>
<arg>(//span[contains(text(),"Form 1042")])</arg>
<arg>100s</arg>
<doc>Runs the given keyword with given arguments and returns the status as a Boolean value.</doc>
<kw name="Wait Until Element Is Enabled" library="SeleniumLibrary">
<arg>(//span[contains(text(),"Form 1042")])</arg>
<arg>100s</arg>
<doc>Waits until the element ``locator`` is enabled.</doc>
<status status="PASS" starttime="20240306 20:10:14.984" endtime="20240306 20:10:15.025"/>
</kw>
<msg timestamp="20240306 20:10:15.025" level="INFO">${passed} = True</msg>
<status status="PASS" starttime="20240306 20:10:14.984" endtime="20240306 20:10:15.025"/>
</kw>
<kw name="Run Keyword If" library="BuiltIn">
<arg>${passed}</arg>
<arg>Execute JavaScript</arg>
<arg>document.evaluate('(//span[contains(text(),"Form 1042")])', document, null, XPathResult.ORDERED_NODE_SNAPSHOT_TYPE, null).snapshotItem(0).click();</arg>
<doc>Runs the given keyword with the given arguments, if ``condition`` is true.</doc>
<kw name="Execute Javascript" library="SeleniumLibrary">
<arg>document.evaluate('(//span[contains(text(),"Form 1042")])', document, null, XPathResult.ORDERED_NODE_SNAPSHOT_TYPE, null).snapshotItem(0).click();</arg>
<doc>Executes the given JavaScript code with possible arguments.</doc>
<msg timestamp="20240306 20:10:15.026" level="INFO">Executing JavaScript:
document.evaluate('(//span[contains(text(),"Form 1042")])', document, null, XPathResult.ORDERED_NODE_SNAPSHOT_TYPE, null).snapshotItem(0).click();
Without any arguments.</msg>
<status status="PASS" starttime="20240306 20:10:15.026" endtime="20240306 20:10:20.301"/>
</kw>
<status status="PASS" starttime="20240306 20:10:15.025" endtime="20240306 20:10:20.301"/>
</kw>
<status status="PASS" starttime="20240306 20:08:14.187" endtime="20240306 20:10:20.301"/>
</kw>
<kw name="Sleep" library="BuiltIn">
<arg>15s</arg>
<doc>Pauses the test executed for the given time.</doc>
<msg timestamp="20240306 20:10:35.305" level="INFO">Slept 15 seconds</msg>
<status status="PASS" starttime="20240306 20:10:20.302" endtime="20240306 20:10:35.305"/>
</kw>
<kw name="Run Keyword And Return Status" library="BuiltIn">
<var>${passed}</var>
<arg>Wait Until Element Is Enabled</arg>
<arg>(//span[@class="v-btn__content"])[28]</arg>
<arg>100s</arg>
<doc>Runs the given keyword with given arguments and returns the status as a Boolean value.</doc>
<kw name="Wait Until Element Is Enabled" library="SeleniumLibrary">
<arg>(//span[@class="v-btn__content"])[28]</arg>
<arg>100s</arg>
<doc>Waits until the element ``locator`` is enabled.</doc>
<status status="PASS" starttime="20240306 20:10:35.306" endtime="20240306 20:10:35.342"/>
</kw>
<msg timestamp="20240306 20:10:35.342" level="INFO">${passed} = True</msg>
<status status="PASS" starttime="20240306 20:10:35.305" endtime="20240306 20:10:35.342"/>
</kw>
<kw name="Run Keyword If" library="BuiltIn">
<arg>${passed}</arg>
<arg>Click Element</arg>
<arg>(//span[@class="v-btn__content"])[28]</arg>
<doc>Runs the given keyword with the given arguments, if ``condition`` is true.</doc>
<kw name="Click Element" library="SeleniumLibrary">
<arg>(//span[@class="v-btn__content"])[28]</arg>
<doc>Click the element identified by ``locator``.</doc>
<msg timestamp="20240306 20:10:35.344" level="INFO">Clicking element '(//span[@class="v-btn__content"])[28]'.</msg>
<status status="PASS" starttime="20240306 20:10:35.343" endtime="20240306 20:10:40.140"/>
</kw>
<status status="PASS" starttime="20240306 20:10:35.343" endtime="20240306 20:10:40.140"/>
</kw>
<kw name="Sleep" library="BuiltIn">
<arg>10s</arg>
<doc>Pauses the test executed for the given time.</doc>
<msg timestamp="20240306 20:10:50.155" level="INFO">Slept 10 seconds</msg>
<status status="PASS" starttime="20240306 20:10:40.140" endtime="20240306 20:10:50.155"/>
</kw>
<status status="PASS" starttime="20240306 20:07:14.891" endtime="20240306 20:10:50.156"/>
</test>
<test id="s1-t2" name="GenerateReturn-Form1042" line="37">
<kw name="ProcessReturn-Form1042ERO" library="1042ero">
<kw name="Locators_1042" library="Form1042Locators">
<kw name="Parse Xml" library="XML">
<var>${xml}</var>
<arg>../../Object Repository/1042.xml</arg>
<doc>Parses the given XML file or string into an element structure.</doc>
<msg timestamp="20240306 20:10:50.161" level="INFO">${xml} = &lt;Element 'OR' at 0x0000027B5171D7B0&gt;</msg>
<status status="PASS" starttime="20240306 20:10:50.160" endtime="20240306 20:10:50.161"/>
</kw>
<kw name="Get Environment Variable" library="OperatingSystem">
<var>${logid}</var>
<arg>logid</arg>
<doc>Returns the value of an environment variable with the given name.</doc>
<msg timestamp="20240306 20:10:50.162" level="INFO">${logid} = Log_20240306200714</msg>
<status status="PASS" starttime="20240306 20:10:50.161" endtime="20240306 20:10:50.162"/>
</kw>
<kw name="Get Element Text" library="XML">
<var>${OChapter3SC}</var>
<arg>${xml}</arg>
<arg>Chapter3SC</arg>
<doc>Returns all text of the element, possibly whitespace normalized.</doc>
<msg timestamp="20240306 20:10:50.162" level="INFO">${OChapter3SC} = //div[@class="v-list-item__title" and contains(text(),"02 U.S. Withholding Agent  Other")]</msg>
<status status="PASS" starttime="20240306 20:10:50.162" endtime="20240306 20:10:50.162"/>
</kw>
<kw name="Get Element Text" library="XML">
<var>${OWithholdingAgentName}</var>
<arg>${xml}</arg>
<arg>WithholdingAgentName</arg>
<doc>Returns all text of the element, possibly whitespace normalized.</doc>
<msg timestamp="20240306 20:10:50.163" level="INFO">${OWithholdingAgentName} = (//label[@class="v-label v-field-label"])[1]/following-sibling::input</msg>
<status status="PASS" starttime="20240306 20:10:50.162" endtime="20240306 20:10:50.163"/>
</kw>
<kw name="Get Element Text" library="XML">
<var>${OWithholdingAgentEIN}</var>
<arg>${xml}</arg>
<arg>OWithholdingAgentEIN</arg>
<doc>Returns all text of the element, possibly whitespace normalized.</doc>
<msg timestamp="20240306 20:10:50.163" level="INFO">${OWithholdingAgentEIN} = (//label[@class="v-label v-field-label"])[2]/following-sibling::input</msg>
<status status="PASS" starttime="20240306 20:10:50.163" endtime="20240306 20:10:50.163"/>
</kw>
<kw name="Get Element Text" library="XML">
<var>${OEIN}</var>
<arg>${xml}</arg>
<arg>EIN</arg>
<doc>Returns all text of the element, possibly whitespace normalized.</doc>
<msg timestamp="20240306 20:10:50.164" level="INFO">${OEIN} = (//label[@class="v-label v-label--clickable"])[1]</msg>
<status status="PASS" starttime="20240306 20:10:50.163" endtime="20240306 20:10:50.164"/>
</kw>
<kw name="Get Element Text" library="XML">
<var>${OQI-EIN}</var>
<arg>${xml}</arg>
<arg>QI-EIN</arg>
<doc>Returns all text of the element, possibly whitespace normalized.</doc>
<msg timestamp="20240306 20:10:50.164" level="INFO">${OQI-EIN} = (//label[@class="v-label v-label--clickable"])[2]</msg>
<status status="PASS" starttime="20240306 20:10:50.164" endtime="20240306 20:10:50.164"/>
</kw>
<kw name="Get Element Text" library="XML">
<var>${OWP-EIN}</var>
<arg>${xml}</arg>
<arg>WP-EIN</arg>
<doc>Returns all text of the element, possibly whitespace normalized.</doc>
<msg timestamp="20240306 20:10:50.164" level="INFO">${OWP-EIN} = (//label[@class="v-label v-label--clickable"])[3]</msg>
<status status="PASS" starttime="20240306 20:10:50.164" endtime="20240306 20:10:50.165"/>
</kw>
<kw name="Get Element Text" library="XML">
<var>${OWT-EIN}</var>
<arg>${xml}</arg>
<arg>WT-EIN</arg>
<doc>Returns all text of the element, possibly whitespace normalized.</doc>
<msg timestamp="20240306 20:10:50.165" level="INFO">${OWT-EIN} = (//label[@class="v-label v-label--clickable"])[4]</msg>
<status status="PASS" starttime="20240306 20:10:50.165" endtime="20240306 20:10:50.165"/>
</kw>
<kw name="Get Element Text" library="XML">
<var>${ONQI-EIN}</var>
<arg>${xml}</arg>
<arg>NQI-EIN</arg>
<doc>Returns all text of the element, possibly whitespace normalized.</doc>
<msg timestamp="20240306 20:10:50.165" level="INFO">${ONQI-EIN} = (//label[@class="v-label v-label--clickable"])[5]</msg>
<status status="PASS" starttime="20240306 20:10:50.165" endtime="20240306 20:10:50.165"/>
</kw>
<kw name="Get Element Text" library="XML">
<var>${OIsForeignAddr}</var>
<arg>${xml}</arg>
<arg>IsForeignAddr</arg>
<doc>Returns all text of the element, possibly whitespace normalized.</doc>
<msg timestamp="20240306 20:10:50.166" level="INFO">${OIsForeignAddr} = (//label[@class="v-label v-label--clickable"])[6]</msg>
<status status="PASS" starttime="20240306 20:10:50.165" endtime="20240306 20:10:50.166"/>
</kw>
<kw name="Get Element Text" library="XML">
<var>${OWHAddress1}</var>
<arg>${xml}</arg>
<arg>WHAddress1</arg>
<doc>Returns all text of the element, possibly whitespace normalized.</doc>
<msg timestamp="20240306 20:10:50.166" level="INFO">${OWHAddress1} = (//label[@class="v-label v-field-label"])[3]/following-sibling::input</msg>
<status status="PASS" starttime="20240306 20:10:50.166" endtime="20240306 20:10:50.166"/>
</kw>
<kw name="Get Element Text" library="XML">
<var>${OWHAddress2}</var>
<arg>${xml}</arg>
<arg>WHAddress2</arg>
<doc>Returns all text of the element, possibly whitespace normalized.</doc>
<msg timestamp="20240306 20:10:50.167" level="INFO">${OWHAddress2} = (//label[@class="v-label v-field-label"])[4]/following-sibling::input</msg>
<status status="PASS" starttime="20240306 20:10:50.166" endtime="20240306 20:10:50.167"/>
</kw>
<kw name="Get Element Text" library="XML">
<var>${OWHCity}</var>
<arg>${xml}</arg>
<arg>WHCity</arg>
<doc>Returns all text of the element, possibly whitespace normalized.</doc>
<msg timestamp="20240306 20:10:50.167" level="INFO">${OWHCity} = (//label[@class="v-label v-field-label"])[5]/following-sibling::input</msg>
<status status="PASS" starttime="20240306 20:10:50.167" endtime="20240306 20:10:50.167"/>
</kw>
<kw name="Get Element Text" library="XML">
<var>${OWHState}</var>
<arg>${xml}</arg>
<arg>WHState</arg>
<doc>Returns all text of the element, possibly whitespace normalized.</doc>
<msg timestamp="20240306 20:10:50.168" level="INFO">${OWHState} = (//div[@class="v-field__input"])[1]</msg>
<status status="PASS" starttime="20240306 20:10:50.167" endtime="20240306 20:10:50.168"/>
</kw>
<kw name="Get Element Text" library="XML">
<var>${OWHCountry}</var>
<arg>${xml}</arg>
<arg>WHCountry</arg>
<doc>Returns all text of the element, possibly whitespace normalized.</doc>
<msg timestamp="20240306 20:10:50.168" level="INFO">${OWHCountry} = (//div[@class="v-field__input"])[1]</msg>
<status status="PASS" starttime="20240306 20:10:50.168" endtime="20240306 20:10:50.168"/>
</kw>
<kw name="Get Element Text" library="XML">
<var>${OWHZipCode}</var>
<arg>${xml}</arg>
<arg>WHZipCode</arg>
<doc>Returns all text of the element, possibly whitespace normalized.</doc>
<msg timestamp="20240306 20:10:50.168" level="INFO">${OWHZipCode} = (//label[@class="v-label v-field-label"])[7]/following-sibling::input</msg>
<status status="PASS" starttime="20240306 20:10:50.168" endtime="20240306 20:10:50.168"/>
</kw>
<kw name="Get Element Text" library="XML">
<var>${OWHPostalCode}</var>
<arg>${xml}</arg>
<arg>WHPostalCode</arg>
<doc>Returns all text of the element, possibly whitespace normalized.</doc>
<msg timestamp="20240306 20:10:50.169" level="INFO">${OWHPostalCode} = (//label[@class="v-label v-field-label"])[7]/following-sibling::input</msg>
<status status="PASS" starttime="20240306 20:10:50.169" endtime="20240306 20:10:50.169"/>
</kw>
<kw name="Get Element Text" library="XML">
<var>${OWHContactName}</var>
<arg>${xml}</arg>
<arg>WHContactName</arg>
<doc>Returns all text of the element, possibly whitespace normalized.</doc>
<msg timestamp="20240306 20:10:50.169" level="INFO">${OWHContactName} = (//label[@class="v-label v-field-label"])[8]/following-sibling::input</msg>
<status status="PASS" starttime="20240306 20:10:50.169" endtime="20240306 20:10:50.169"/>
</kw>
<kw name="Get Element Text" library="XML">
<var>${OWHEmail}</var>
<arg>${xml}</arg>
<arg>WHEmail</arg>
<doc>Returns all text of the element, possibly whitespace normalized.</doc>
<msg timestamp="20240306 20:10:50.170" level="INFO">${OWHEmail} = (//label[@class="v-label v-field-label"])[9]/following-sibling::input</msg>
<status status="PASS" starttime="20240306 20:10:50.170" endtime="20240306 20:10:50.170"/>
</kw>
<kw name="Get Element Text" library="XML">
<var>${OWHPhone}</var>
<arg>${xml}</arg>
<arg>WHPhone</arg>
<doc>Returns all text of the element, possibly whitespace normalized.</doc>
<msg timestamp="20240306 20:10:50.170" level="INFO">${OWHPhone} = (//label[@class="v-label v-field-label"])[10]/following-sibling::input</msg>
<status status="PASS" starttime="20240306 20:10:50.170" endtime="20240306 20:10:50.170"/>
</kw>
<kw name="Get Element Text" library="XML">
<var>${OWHFax}</var>
<arg>${xml}</arg>
<arg>WHFax</arg>
<doc>Returns all text of the element, possibly whitespace normalized.</doc>
<msg timestamp="20240306 20:10:50.170" level="INFO">${OWHFax} = (//label[@class="v-label v-field-label"])[11]/following-sibling::input</msg>
<status status="PASS" starttime="20240306 20:10:50.170" endtime="20240306 20:10:50.171"/>
</kw>
<kw name="Get Element Text" library="XML">
<var>${OWHSignatoryName}</var>
<arg>${xml}</arg>
<arg>WHSignatoryName</arg>
<doc>Returns all text of the element, possibly whitespace normalized.</doc>
<msg timestamp="20240306 20:10:50.171" level="INFO">${OWHSignatoryName} = (//label[@class="v-label v-field-label"])[12]/following-sibling::input</msg>
<status status="PASS" starttime="20240306 20:10:50.171" endtime="20240306 20:10:50.171"/>
</kw>
<kw name="Get Element Text" library="XML">
<var>${OWHTitle}</var>
<arg>${xml}</arg>
<arg>WHTitle</arg>
<doc>Returns all text of the element, possibly whitespace normalized.</doc>
<msg timestamp="20240306 20:10:50.172" level="INFO">${OWHTitle} = (//label[@class="v-label v-field-label"])[13]/following-sibling::input</msg>
<status status="PASS" starttime="20240306 20:10:50.171" endtime="20240306 20:10:50.172"/>
</kw>
<kw name="Get Element Text" library="XML">
<var>${OWHDaytimePhone}</var>
<arg>${xml}</arg>
<arg>WHDaytimePhone</arg>
<doc>Returns all text of the element, possibly whitespace normalized.</doc>
<msg timestamp="20240306 20:10:50.172" level="INFO">${OWHDaytimePhone} = (//label[@class="v-label v-field-label"])[14]/following-sibling::input</msg>
<status status="PASS" starttime="20240306 20:10:50.172" endtime="20240306 20:10:50.172"/>
</kw>
<kw name="Get Element Text" library="XML">
<var>${OJan7}</var>
<arg>${xml}</arg>
<arg>Jan07</arg>
<doc>Returns all text of the element, possibly whitespace normalized.</doc>
<msg timestamp="20240306 20:10:50.172" level="INFO">${OJan7} = (//td[contains(text(),"Jan.")])[1]/..//following-sibling::div/div[4]/label/following-sibling::input</msg>
<status status="PASS" starttime="20240306 20:10:50.172" endtime="20240306 20:10:50.172"/>
</kw>
<kw name="Get Element Text" library="XML">
<var>${OJan15}</var>
<arg>${xml}</arg>
<arg>Jan15</arg>
<doc>Returns all text of the element, possibly whitespace normalized.</doc>
<msg timestamp="20240306 20:10:50.173" level="INFO">${OJan15} = (//tbody/tr/td[contains(text()," Jan. ")])[1]/../following-sibling::tr[1]/td[3]/div/div/div/div/label/following-sibling::input</msg>
<status status="PASS" starttime="20240306 20:10:50.172" endtime="20240306 20:10:50.173"/>
</kw>
<kw name="Get Element Text" library="XML">
<var>${OJan22}</var>
<arg>${xml}</arg>
<arg>Jan22</arg>
<doc>Returns all text of the element, possibly whitespace normalized.</doc>
<msg timestamp="20240306 20:10:50.173" level="INFO">${OJan22} = (//tbody/tr/td[contains(text()," Jan. ")])[1]/../following-sibling::tr[2]/td[3]/div/div/div/div/label/following-sibling::input</msg>
<status status="PASS" starttime="20240306 20:10:50.173" endtime="20240306 20:10:50.173"/>
</kw>
<kw name="Get Element Text" library="XML">
<var>${OJan31}</var>
<arg>${xml}</arg>
<arg>Jan31</arg>
<doc>Returns all text of the element, possibly whitespace normalized.</doc>
<msg timestamp="20240306 20:10:50.174" level="INFO">${OJan31} = (//tbody/tr/td[contains(text()," Jan. ")])[1]/../following-sibling::tr[3]/td[3]/div/div/div/div/label/following-sibling::input</msg>
<status status="PASS" starttime="20240306 20:10:50.173" endtime="20240306 20:10:50.175"/>
</kw>
<kw name="Get Element Text" library="XML">
<var>${OJanTotal}</var>
<arg>${xml}</arg>
<arg>JanTotal</arg>
<doc>Returns all text of the element, possibly whitespace normalized.</doc>
<msg timestamp="20240306 20:10:50.175" level="INFO">${OJanTotal} = ((//td[contains(text()," Jan. total ")])[1]/following-sibling::td/descendant::div)[12]/label/following-sibling::input</msg>
<status status="PASS" starttime="20240306 20:10:50.175" endtime="20240306 20:10:50.175"/>
</kw>
<kw name="Get Element Text" library="XML">
<var>${OFeb07}</var>
<arg>${xml}</arg>
<arg>Feb07</arg>
<doc>Returns all text of the element, possibly whitespace normalized.</doc>
<msg timestamp="20240306 20:10:50.175" level="INFO">${OFeb07} = (//td[contains(text(),"Feb.")])[1]/..//following-sibling::div/div[4]/label/following-sibling::input</msg>
<status status="PASS" starttime="20240306 20:10:50.175" endtime="20240306 20:10:50.175"/>
</kw>
<kw name="Get Element Text" library="XML">
<var>${OFeb15}</var>
<arg>${xml}</arg>
<arg>Feb15</arg>
<doc>Returns all text of the element, possibly whitespace normalized.</doc>
<msg timestamp="20240306 20:10:50.176" level="INFO">${OFeb15} = (//tbody/tr/td[contains(text()," Feb. ")])[1]/../following-sibling::tr[1]/td[3]/div/div/div/div/label/following-sibling::input</msg>
<status status="PASS" starttime="20240306 20:10:50.175" endtime="20240306 20:10:50.176"/>
</kw>
<kw name="Get Element Text" library="XML">
<var>${OFeb22}</var>
<arg>${xml}</arg>
<arg>Feb22</arg>
<doc>Returns all text of the element, possibly whitespace normalized.</doc>
<msg timestamp="20240306 20:10:50.176" level="INFO">${OFeb22} = (//tbody/tr/td[contains(text()," Feb. ")])[1]/../following-sibling::tr[2]/td[3]/div/div/div/div/label/following-sibling::input</msg>
<status status="PASS" starttime="20240306 20:10:50.176" endtime="20240306 20:10:50.176"/>
</kw>
<kw name="Get Element Text" library="XML">
<var>${OFeb28}</var>
<arg>${xml}</arg>
<arg>Feb28</arg>
<doc>Returns all text of the element, possibly whitespace normalized.</doc>
<msg timestamp="20240306 20:10:50.177" level="INFO">${OFeb28} = (//tbody/tr/td[contains(text()," Feb. ")])[1]/../following-sibling::tr[3]/td[3]/div/div/div/div/label/following-sibling::input</msg>
<status status="PASS" starttime="20240306 20:10:50.176" endtime="20240306 20:10:50.177"/>
</kw>
<kw name="Get Element Text" library="XML">
<var>${OFebTotal}</var>
<arg>${xml}</arg>
<arg>FebTotal</arg>
<doc>Returns all text of the element, possibly whitespace normalized.</doc>
<msg timestamp="20240306 20:10:50.177" level="INFO">${OFebTotal} = ((//td[contains(text()," Feb. total ")])[1]/following-sibling::td/descendant::div)[12]/label/following-sibling::input</msg>
<status status="PASS" starttime="20240306 20:10:50.177" endtime="20240306 20:10:50.177"/>
</kw>
<kw name="Get Element Text" library="XML">
<var>${OMar07}</var>
<arg>${xml}</arg>
<arg>Mar07</arg>
<doc>Returns all text of the element, possibly whitespace normalized.</doc>
<msg timestamp="20240306 20:10:50.178" level="INFO">${OMar07} = (//td[contains(text(),"Mar.")])[1]/..//following-sibling::div/div[4]/label/following-sibling::input</msg>
<status status="PASS" starttime="20240306 20:10:50.177" endtime="20240306 20:10:50.178"/>
</kw>
<kw name="Get Element Text" library="XML">
<var>${OMar15}</var>
<arg>${xml}</arg>
<arg>Mar15</arg>
<doc>Returns all text of the element, possibly whitespace normalized.</doc>
<msg timestamp="20240306 20:10:50.178" level="INFO">${OMar15} = (//tbody/tr/td[contains(text()," Mar. ")])[1]/../following-sibling::tr[1]/td[3]/div/div/div/div/label/following-sibling::input</msg>
<status status="PASS" starttime="20240306 20:10:50.178" endtime="20240306 20:10:50.178"/>
</kw>
<kw name="Get Element Text" library="XML">
<var>${OMar22}</var>
<arg>${xml}</arg>
<arg>Mar22</arg>
<doc>Returns all text of the element, possibly whitespace normalized.</doc>
<msg timestamp="20240306 20:10:50.178" level="INFO">${OMar22} = (//tbody/tr/td[contains(text()," Mar. ")])[1]/../following-sibling::tr[2]/td[3]/div/div/div/div/label/following-sibling::input</msg>
<status status="PASS" starttime="20240306 20:10:50.178" endtime="20240306 20:10:50.178"/>
</kw>
<kw name="Get Element Text" library="XML">
<var>${OMar31}</var>
<arg>${xml}</arg>
<arg>Mar31</arg>
<doc>Returns all text of the element, possibly whitespace normalized.</doc>
<msg timestamp="20240306 20:10:50.178" level="INFO">${OMar31} = (//tbody/tr/td[contains(text()," Mar. ")])[1]/../following-sibling::tr[3]/td[3]/div/div/div/div/label/following-sibling::input</msg>
<status status="PASS" starttime="20240306 20:10:50.178" endtime="20240306 20:10:50.178"/>
</kw>
<kw name="Get Element Text" library="XML">
<var>${OMarTotal}</var>
<arg>${xml}</arg>
<arg>MarTotal</arg>
<doc>Returns all text of the element, possibly whitespace normalized.</doc>
<msg timestamp="20240306 20:10:50.179" level="INFO">${OMarTotal} = ((//td[contains(text()," Mar. total ")])[1]/following-sibling::td/descendant::div)[12]/label/following-sibling::input</msg>
<status status="PASS" starttime="20240306 20:10:50.179" endtime="20240306 20:10:50.179"/>
</kw>
<kw name="Get Element Text" library="XML">
<var>${OApr07}</var>
<arg>${xml}</arg>
<arg>Apr07</arg>
<doc>Returns all text of the element, possibly whitespace normalized.</doc>
<msg timestamp="20240306 20:10:50.179" level="INFO">${OApr07} = (//td[contains(text(),"Apr.")])[1]/..//following-sibling::div/div[4]/label/following-sibling::input</msg>
<status status="PASS" starttime="20240306 20:10:50.179" endtime="20240306 20:10:50.179"/>
</kw>
<kw name="Get Element Text" library="XML">
<var>${OApr15}</var>
<arg>${xml}</arg>
<arg>Apr15</arg>
<doc>Returns all text of the element, possibly whitespace normalized.</doc>
<msg timestamp="20240306 20:10:50.179" level="INFO">${OApr15} = (//tbody/tr/td[contains(text()," Apr. ")])[1]/../following-sibling::tr[1]/td[3]/div/div/div/div/label/following-sibling::input</msg>
<status status="PASS" starttime="20240306 20:10:50.179" endtime="20240306 20:10:50.179"/>
</kw>
<kw name="Get Element Text" library="XML">
<var>${OApr22}</var>
<arg>${xml}</arg>
<arg>Apr22</arg>
<doc>Returns all text of the element, possibly whitespace normalized.</doc>
<msg timestamp="20240306 20:10:50.180" level="INFO">${OApr22} = (//tbody/tr/td[contains(text()," Apr. ")])[1]/../following-sibling::tr[2]/td[3]/div/div/div/div/label/following-sibling::input</msg>
<status status="PASS" starttime="20240306 20:10:50.180" endtime="20240306 20:10:50.180"/>
</kw>
<kw name="Get Element Text" library="XML">
<var>${OApr30}</var>
<arg>${xml}</arg>
<arg>Apr30</arg>
<doc>Returns all text of the element, possibly whitespace normalized.</doc>
<msg timestamp="20240306 20:10:50.180" level="INFO">${OApr30} = (//tbody/tr/td[contains(text()," Apr. ")])[1]/../following-sibling::tr[3]/td[3]/div/div/div/div/label/following-sibling::input</msg>
<status status="PASS" starttime="20240306 20:10:50.180" endtime="20240306 20:10:50.180"/>
</kw>
<kw name="Get Element Text" library="XML">
<var>${OAprTotal}</var>
<arg>${xml}</arg>
<arg>AprTotal</arg>
<doc>Returns all text of the element, possibly whitespace normalized.</doc>
<msg timestamp="20240306 20:10:50.181" level="INFO">${OAprTotal} = ((//td[contains(text()," Apr. total ")])[1]/following-sibling::td/descendant::div)[12]/label/following-sibling::input</msg>
<status status="PASS" starttime="20240306 20:10:50.180" endtime="20240306 20:10:50.181"/>
</kw>
<kw name="Get Element Text" library="XML">
<var>${OMay07}</var>
<arg>${xml}</arg>
<arg>May07</arg>
<doc>Returns all text of the element, possibly whitespace normalized.</doc>
<msg timestamp="20240306 20:10:50.181" level="INFO">${OMay07} = (//td[contains(text(),"May")])[1]/..//following-sibling::div/div[4]/label/following-sibling::input</msg>
<status status="PASS" starttime="20240306 20:10:50.181" endtime="20240306 20:10:50.181"/>
</kw>
<kw name="Get Element Text" library="XML">
<var>${OMay15}</var>
<arg>${xml}</arg>
<arg>May15</arg>
<doc>Returns all text of the element, possibly whitespace normalized.</doc>
<msg timestamp="20240306 20:10:50.181" level="INFO">${OMay15} = (//tbody/tr/td[contains(text()," May ")])[1]/../following-sibling::tr[1]/td[3]/div/div/div/div/label/following-sibling::input</msg>
<status status="PASS" starttime="20240306 20:10:50.181" endtime="20240306 20:10:50.181"/>
</kw>
<kw name="Get Element Text" library="XML">
<var>${OMay22}</var>
<arg>${xml}</arg>
<arg>May22</arg>
<doc>Returns all text of the element, possibly whitespace normalized.</doc>
<msg timestamp="20240306 20:10:50.182" level="INFO">${OMay22} = (//tbody/tr/td[contains(text()," May ")])[1]/../following-sibling::tr[2]/td[3]/div/div/div/div/label/following-sibling::input</msg>
<status status="PASS" starttime="20240306 20:10:50.181" endtime="20240306 20:10:50.182"/>
</kw>
<kw name="Get Element Text" library="XML">
<var>${OMay31}</var>
<arg>${xml}</arg>
<arg>May31</arg>
<doc>Returns all text of the element, possibly whitespace normalized.</doc>
<msg timestamp="20240306 20:10:50.182" level="INFO">${OMay31} = (//tbody/tr/td[contains(text()," May ")])[1]/../following-sibling::tr[3]/td[3]/div/div/div/div/label/following-sibling::input</msg>
<status status="PASS" starttime="20240306 20:10:50.182" endtime="20240306 20:10:50.182"/>
</kw>
<kw name="Get Element Text" library="XML">
<var>${OMayTotal}</var>
<arg>${xml}</arg>
<arg>MayTotal</arg>
<doc>Returns all text of the element, possibly whitespace normalized.</doc>
<msg timestamp="20240306 20:10:50.183" level="INFO">${OMayTotal} = ((//td[contains(text()," May total ")])[1]/following-sibling::td/descendant::div)[12]/label/following-sibling::input</msg>
<status status="PASS" starttime="20240306 20:10:50.182" endtime="20240306 20:10:50.183"/>
</kw>
<kw name="Get Element Text" library="XML">
<var>${OJune07}</var>
<arg>${xml}</arg>
<arg>June07</arg>
<doc>Returns all text of the element, possibly whitespace normalized.</doc>
<msg timestamp="20240306 20:10:50.183" level="INFO">${OJune07} = (//td[contains(text(),"June")])[1]/..//following-sibling::div/div[4]/label/following-sibling::input</msg>
<status status="PASS" starttime="20240306 20:10:50.183" endtime="20240306 20:10:50.183"/>
</kw>
<kw name="Get Element Text" library="XML">
<var>${OJune15}</var>
<arg>${xml}</arg>
<arg>June15</arg>
<doc>Returns all text of the element, possibly whitespace normalized.</doc>
<msg timestamp="20240306 20:10:50.183" level="INFO">${OJune15} = (//tbody/tr/td[contains(text()," June ")])[1]/../following-sibling::tr[1]/td[3]/div/div/div/div/label/following-sibling::input</msg>
<status status="PASS" starttime="20240306 20:10:50.183" endtime="20240306 20:10:50.183"/>
</kw>
<kw name="Get Element Text" library="XML">
<var>${OJune22}</var>
<arg>${xml}</arg>
<arg>June22</arg>
<doc>Returns all text of the element, possibly whitespace normalized.</doc>
<msg timestamp="20240306 20:10:50.184" level="INFO">${OJune22} = (//tbody/tr/td[contains(text()," June ")])[1]/../following-sibling::tr[2]/td[3]/div/div/div/div/label/following-sibling::input</msg>
<status status="PASS" starttime="20240306 20:10:50.184" endtime="20240306 20:10:50.184"/>
</kw>
<kw name="Get Element Text" library="XML">
<var>${OJune30}</var>
<arg>${xml}</arg>
<arg>June30</arg>
<doc>Returns all text of the element, possibly whitespace normalized.</doc>
<msg timestamp="20240306 20:10:50.184" level="INFO">${OJune30} = (//tbody/tr/td[contains(text()," June ")])[1]/../following-sibling::tr[3]/td[3]/div/div/div/div/label/following-sibling::input</msg>
<status status="PASS" starttime="20240306 20:10:50.184" endtime="20240306 20:10:50.184"/>
</kw>
<kw name="Get Element Text" library="XML">
<var>${OJuneTotal}</var>
<arg>${xml}</arg>
<arg>JuneTotal</arg>
<doc>Returns all text of the element, possibly whitespace normalized.</doc>
<msg timestamp="20240306 20:10:50.184" level="INFO">${OJuneTotal} = ((//td[contains(text()," June total ")])[1]/following-sibling::td/descendant::div)[12]/label/following-sibling::input</msg>
<status status="PASS" starttime="20240306 20:10:50.184" endtime="20240306 20:10:50.184"/>
</kw>
<kw name="Get Element Text" library="XML">
<var>${OJuly07}</var>
<arg>${xml}</arg>
<arg>July07</arg>
<doc>Returns all text of the element, possibly whitespace normalized.</doc>
<msg timestamp="20240306 20:10:50.185" level="INFO">${OJuly07} = (//td[contains(text(),"July")])[1]/..//following-sibling::div/div[4]/label/following-sibling::input</msg>
<status status="PASS" starttime="20240306 20:10:50.185" endtime="20240306 20:10:50.185"/>
</kw>
<kw name="Get Element Text" library="XML">
<var>${OJuly15}</var>
<arg>${xml}</arg>
<arg>July15</arg>
<doc>Returns all text of the element, possibly whitespace normalized.</doc>
<msg timestamp="20240306 20:10:50.186" level="INFO">${OJuly15} = (//tbody/tr/td[contains(text()," July ")])[1]/../following-sibling::tr[1]/td[3]/div/div/div/div/label/following-sibling::input</msg>
<status status="PASS" starttime="20240306 20:10:50.185" endtime="20240306 20:10:50.186"/>
</kw>
<kw name="Get Element Text" library="XML">
<var>${OJuly22}</var>
<arg>${xml}</arg>
<arg>July22</arg>
<doc>Returns all text of the element, possibly whitespace normalized.</doc>
<msg timestamp="20240306 20:10:50.186" level="INFO">${OJuly22} = (//tbody/tr/td[contains(text()," July ")])[1]/../following-sibling::tr[2]/td[3]/div/div/div/div/label/following-sibling::input</msg>
<status status="PASS" starttime="20240306 20:10:50.186" endtime="20240306 20:10:50.186"/>
</kw>
<kw name="Get Element Text" library="XML">
<var>${OJuly31}</var>
<arg>${xml}</arg>
<arg>July31</arg>
<doc>Returns all text of the element, possibly whitespace normalized.</doc>
<msg timestamp="20240306 20:10:50.186" level="INFO">${OJuly31} = (//tbody/tr/td[contains(text()," July ")])[1]/../following-sibling::tr[3]/td[3]/div/div/div/div/label/following-sibling::input</msg>
<status status="PASS" starttime="20240306 20:10:50.186" endtime="20240306 20:10:50.186"/>
</kw>
<kw name="Get Element Text" library="XML">
<var>${OJulyTotal}</var>
<arg>${xml}</arg>
<arg>JulyTotal</arg>
<doc>Returns all text of the element, possibly whitespace normalized.</doc>
<msg timestamp="20240306 20:10:50.187" level="INFO">${OJulyTotal} = ((//td[contains(text()," July total ")])[1]/following-sibling::td/descendant::div)[12]/label/following-sibling::input</msg>
<status status="PASS" starttime="20240306 20:10:50.186" endtime="20240306 20:10:50.187"/>
</kw>
<kw name="Get Element Text" library="XML">
<var>${OAug07}</var>
<arg>${xml}</arg>
<arg>Aug07</arg>
<doc>Returns all text of the element, possibly whitespace normalized.</doc>
<msg timestamp="20240306 20:10:50.187" level="INFO">${OAug07} = (//td[contains(text(),"Aug.")])[1]/..//following-sibling::div/div[4]/label/following-sibling::input</msg>
<status status="PASS" starttime="20240306 20:10:50.187" endtime="20240306 20:10:50.188"/>
</kw>
<kw name="Get Element Text" library="XML">
<var>${OAug15}</var>
<arg>${xml}</arg>
<arg>Aug15</arg>
<doc>Returns all text of the element, possibly whitespace normalized.</doc>
<msg timestamp="20240306 20:10:50.188" level="INFO">${OAug15} = (//tbody/tr/td[contains(text()," Aug. ")])[1]/../following-sibling::tr[1]/td[3]/div/div/div/div/label/following-sibling::input</msg>
<status status="PASS" starttime="20240306 20:10:50.188" endtime="20240306 20:10:50.188"/>
</kw>
<kw name="Get Element Text" library="XML">
<var>${OAug22}</var>
<arg>${xml}</arg>
<arg>Aug22</arg>
<doc>Returns all text of the element, possibly whitespace normalized.</doc>
<msg timestamp="20240306 20:10:50.188" level="INFO">${OAug22} = (//tbody/tr/td[contains(text()," Aug. ")])[1]/../following-sibling::tr[2]/td[3]/div/div/div/div/label/following-sibling::input</msg>
<status status="PASS" starttime="20240306 20:10:50.188" endtime="20240306 20:10:50.188"/>
</kw>
<kw name="Get Element Text" library="XML">
<var>${OAug31}</var>
<arg>${xml}</arg>
<arg>Aug31</arg>
<doc>Returns all text of the element, possibly whitespace normalized.</doc>
<msg timestamp="20240306 20:10:50.189" level="INFO">${OAug31} = (//tbody/tr/td[contains(text()," Aug. ")])[1]/../following-sibling::tr[3]/td[3]/div/div/div/div/label/following-sibling::input</msg>
<status status="PASS" starttime="20240306 20:10:50.188" endtime="20240306 20:10:50.189"/>
</kw>
<kw name="Get Element Text" library="XML">
<var>${OAugTotal}</var>
<arg>${xml}</arg>
<arg>AugTotal</arg>
<doc>Returns all text of the element, possibly whitespace normalized.</doc>
<msg timestamp="20240306 20:10:50.189" level="INFO">${OAugTotal} = ((//td[contains(text()," Aug. total ")])[1]/following-sibling::td/descendant::div)[12]/label/following-sibling::input</msg>
<status status="PASS" starttime="20240306 20:10:50.189" endtime="20240306 20:10:50.189"/>
</kw>
<kw name="Get Element Text" library="XML">
<var>${OSep07}</var>
<arg>${xml}</arg>
<arg>Sep07</arg>
<doc>Returns all text of the element, possibly whitespace normalized.</doc>
<msg timestamp="20240306 20:10:50.189" level="INFO">${OSep07} = (//td[contains(text(),"Sep.")])[1]/..//following-sibling::div/div[4]/label/following-sibling::input</msg>
<status status="PASS" starttime="20240306 20:10:50.189" endtime="20240306 20:10:50.189"/>
</kw>
<kw name="Get Element Text" library="XML">
<var>${OSep15}</var>
<arg>${xml}</arg>
<arg>Sep15</arg>
<doc>Returns all text of the element, possibly whitespace normalized.</doc>
<msg timestamp="20240306 20:10:50.190" level="INFO">${OSep15} = (//tbody/tr/td[contains(text()," Sep. ")])[1]/../following-sibling::tr[1]/td[3]/div/div/div/div/label/following-sibling::input</msg>
<status status="PASS" starttime="20240306 20:10:50.190" endtime="20240306 20:10:50.190"/>
</kw>
<kw name="Get Element Text" library="XML">
<var>${OSep22}</var>
<arg>${xml}</arg>
<arg>Sep22</arg>
<doc>Returns all text of the element, possibly whitespace normalized.</doc>
<msg timestamp="20240306 20:10:50.190" level="INFO">${OSep22} = (//tbody/tr/td[contains(text()," Sep. ")])[1]/../following-sibling::tr[2]/td[3]/div/div/div/div/label/following-sibling::input</msg>
<status status="PASS" starttime="20240306 20:10:50.190" endtime="20240306 20:10:50.190"/>
</kw>
<kw name="Get Element Text" library="XML">
<var>${OSep31}</var>
<arg>${xml}</arg>
<arg>Sep31</arg>
<doc>Returns all text of the element, possibly whitespace normalized.</doc>
<msg timestamp="20240306 20:10:50.191" level="INFO">${OSep31} = (//tbody/tr/td[contains(text()," Sep. ")])[1]/../following-sibling::tr[3]/td[3]/div/div/div/div/label/following-sibling::input</msg>
<status status="PASS" starttime="20240306 20:10:50.190" endtime="20240306 20:10:50.191"/>
</kw>
<kw name="Get Element Text" library="XML">
<var>${OSepTotal}</var>
<arg>${xml}</arg>
<arg>SepTotal</arg>
<doc>Returns all text of the element, possibly whitespace normalized.</doc>
<msg timestamp="20240306 20:10:50.191" level="INFO">${OSepTotal} = ((//td[contains(text()," Sep. total ")])[1]/following-sibling::td/descendant::div)[12]/label/following-sibling::input</msg>
<status status="PASS" starttime="20240306 20:10:50.191" endtime="20240306 20:10:50.191"/>
</kw>
<kw name="Get Element Text" library="XML">
<var>${OOct07}</var>
<arg>${xml}</arg>
<arg>Oct07</arg>
<doc>Returns all text of the element, possibly whitespace normalized.</doc>
<msg timestamp="20240306 20:10:50.192" level="INFO">${OOct07} = (//td[contains(text(),"Oct.")])[1]/..//following-sibling::div/div[4]/label/following-sibling::input</msg>
<status status="PASS" starttime="20240306 20:10:50.191" endtime="20240306 20:10:50.192"/>
</kw>
<kw name="Get Element Text" library="XML">
<var>${OOct15}</var>
<arg>${xml}</arg>
<arg>Oct15</arg>
<doc>Returns all text of the element, possibly whitespace normalized.</doc>
<msg timestamp="20240306 20:10:50.192" level="INFO">${OOct15} = (//tbody/tr/td[contains(text()," Oct. ")])[1]/../following-sibling::tr[1]/td[3]/div/div/div/div/label/following-sibling::input</msg>
<status status="PASS" starttime="20240306 20:10:50.192" endtime="20240306 20:10:50.192"/>
</kw>
<kw name="Get Element Text" library="XML">
<var>${OOct22}</var>
<arg>${xml}</arg>
<arg>Oct22</arg>
<doc>Returns all text of the element, possibly whitespace normalized.</doc>
<msg timestamp="20240306 20:10:50.193" level="INFO">${OOct22} = (//tbody/tr/td[contains(text()," Oct. ")])[1]/../following-sibling::tr[2]/td[3]/div/div/div/div/label/following-sibling::input</msg>
<status status="PASS" starttime="20240306 20:10:50.192" endtime="20240306 20:10:50.193"/>
</kw>
<kw name="Get Element Text" library="XML">
<var>${OOct31}</var>
<arg>${xml}</arg>
<arg>Oct31</arg>
<doc>Returns all text of the element, possibly whitespace normalized.</doc>
<msg timestamp="20240306 20:10:50.193" level="INFO">${OOct31} = (//tbody/tr/td[contains(text()," Oct. ")])[1]/../following-sibling::tr[3]/td[3]/div/div/div/div/label/following-sibling::input</msg>
<status status="PASS" starttime="20240306 20:10:50.193" endtime="20240306 20:10:50.193"/>
</kw>
<kw name="Get Element Text" library="XML">
<var>${OOctTotal}</var>
<arg>${xml}</arg>
<arg>OctTotal</arg>
<doc>Returns all text of the element, possibly whitespace normalized.</doc>
<msg timestamp="20240306 20:10:50.193" level="INFO">${OOctTotal} = ((//td[contains(text()," Oct. total ")])[1]/following-sibling::td/descendant::div)[12]/label/following-sibling::input</msg>
<status status="PASS" starttime="20240306 20:10:50.193" endtime="20240306 20:10:50.194"/>
</kw>
<kw name="Get Element Text" library="XML">
<var>${ONov07}</var>
<arg>${xml}</arg>
<arg>Nov07</arg>
<doc>Returns all text of the element, possibly whitespace normalized.</doc>
<msg timestamp="20240306 20:10:50.194" level="INFO">${ONov07} = (//td[contains(text(),"Nov.")])[1]/..//following-sibling::div/div[4]/label/following-sibling::input</msg>
<status status="PASS" starttime="20240306 20:10:50.194" endtime="20240306 20:10:50.194"/>
</kw>
<kw name="Get Element Text" library="XML">
<var>${ONov15}</var>
<arg>${xml}</arg>
<arg>Nov15</arg>
<doc>Returns all text of the element, possibly whitespace normalized.</doc>
<msg timestamp="20240306 20:10:50.194" level="INFO">${ONov15} = (//tbody/tr/td[contains(text()," Nov. ")])[1]/../following-sibling::tr[1]/td[3]/div/div/div/div/label/following-sibling::input</msg>
<status status="PASS" starttime="20240306 20:10:50.194" endtime="20240306 20:10:50.194"/>
</kw>
<kw name="Get Element Text" library="XML">
<var>${ONov22}</var>
<arg>${xml}</arg>
<arg>Nov22</arg>
<doc>Returns all text of the element, possibly whitespace normalized.</doc>
<msg timestamp="20240306 20:10:50.195" level="INFO">${ONov22} = (//tbody/tr/td[contains(text()," Nov. ")])[1]/../following-sibling::tr[2]/td[3]/div/div/div/div/label/following-sibling::input</msg>
<status status="PASS" starttime="20240306 20:10:50.194" endtime="20240306 20:10:50.195"/>
</kw>
<kw name="Get Element Text" library="XML">
<var>${ONov30}</var>
<arg>${xml}</arg>
<arg>Nov30</arg>
<doc>Returns all text of the element, possibly whitespace normalized.</doc>
<msg timestamp="20240306 20:10:50.195" level="INFO">${ONov30} = (//tbody/tr/td[contains(text()," Nov. ")])[1]/../following-sibling::tr[3]/td[3]/div/div/div/div/label/following-sibling::input</msg>
<status status="PASS" starttime="20240306 20:10:50.195" endtime="20240306 20:10:50.195"/>
</kw>
<kw name="Get Element Text" library="XML">
<var>${ONovTotal}</var>
<arg>${xml}</arg>
<arg>NovTotal</arg>
<doc>Returns all text of the element, possibly whitespace normalized.</doc>
<msg timestamp="20240306 20:10:50.195" level="INFO">${ONovTotal} = ((//td[contains(text()," Nov. total ")])[1]/following-sibling::td/descendant::div)[12]/label/following-sibling::input</msg>
<status status="PASS" starttime="20240306 20:10:50.195" endtime="20240306 20:10:50.195"/>
</kw>
<kw name="Get Element Text" library="XML">
<var>${ODec07}</var>
<arg>${xml}</arg>
<arg>Dec07</arg>
<doc>Returns all text of the element, possibly whitespace normalized.</doc>
<msg timestamp="20240306 20:10:50.196" level="INFO">${ODec07} = (//td[contains(text(),"Dec.")])[1]/..//following-sibling::div/div[4]/label/following-sibling::input</msg>
<status status="PASS" starttime="20240306 20:10:50.195" endtime="20240306 20:10:50.196"/>
</kw>
<kw name="Get Element Text" library="XML">
<var>${ODec15}</var>
<arg>${xml}</arg>
<arg>Dec15</arg>
<doc>Returns all text of the element, possibly whitespace normalized.</doc>
<msg timestamp="20240306 20:10:50.196" level="INFO">${ODec15} = (//tbody/tr/td[contains(text()," Dec. ")])[1]/../following-sibling::tr[1]/td[3]/div/div/div/div/label/following-sibling::input</msg>
<status status="PASS" starttime="20240306 20:10:50.196" endtime="20240306 20:10:50.196"/>
</kw>
<kw name="Get Element Text" library="XML">
<var>${ODec22}</var>
<arg>${xml}</arg>
<arg>Dec22</arg>
<doc>Returns all text of the element, possibly whitespace normalized.</doc>
<msg timestamp="20240306 20:10:50.196" level="INFO">${ODec22} = (//tbody/tr/td[contains(text()," Dec. ")])[1]/../following-sibling::tr[2]/td[3]/div/div/div/div/label/following-sibling::input</msg>
<status status="PASS" starttime="20240306 20:10:50.196" endtime="20240306 20:10:50.196"/>
</kw>
<kw name="Get Element Text" library="XML">
<var>${ODec31}</var>
<arg>${xml}</arg>
<arg>Dec31</arg>
<doc>Returns all text of the element, possibly whitespace normalized.</doc>
<msg timestamp="20240306 20:10:50.197" level="INFO">${ODec31} = (//tbody/tr/td[contains(text()," Dec. ")])[1]/../following-sibling::tr[3]/td[3]/div/div/div/div/label/following-sibling::input</msg>
<status status="PASS" starttime="20240306 20:10:50.196" endtime="20240306 20:10:50.197"/>
</kw>
<kw name="Get Element Text" library="XML">
<var>${ODecTotal}</var>
<arg>${xml}</arg>
<arg>DecTotal</arg>
<doc>Returns all text of the element, possibly whitespace normalized.</doc>
<msg timestamp="20240306 20:10:50.197" level="INFO">${ODecTotal} = ((//td[contains(text()," Dec. total ")])[1]/following-sibling::td/descendant::div)[12]/label/following-sibling::input</msg>
<status status="PASS" starttime="20240306 20:10:50.197" endtime="20240306 20:10:50.197"/>
</kw>
<kw name="Get Element Text" library="XML">
<var>${OLine61Onpaper}</var>
<arg>${xml}</arg>
<arg>Line61Onpaper</arg>
<doc>Returns all text of the element, possibly whitespace normalized.</doc>
<msg timestamp="20240306 20:10:50.197" level="INFO">${OLine61Onpaper} = (//em[contains(text(),"61")]/../../div/div)[2]/div/div/div/div/label/following-sibling::input</msg>
<status status="PASS" starttime="20240306 20:10:50.197" endtime="20240306 20:10:50.197"/>
</kw>
<kw name="Get Element Text" library="XML">
<var>${OLine61Electronically}</var>
<arg>${xml}</arg>
<arg>Line61Electronically</arg>
<doc>Returns all text of the element, possibly whitespace normalized.</doc>
<msg timestamp="20240306 20:10:50.198" level="INFO">${OLine61Electronically} = //em[contains(text(),"61")]/../../following-sibling::div/div/div/div/div/div/label/following-sibling::input</msg>
<status status="PASS" starttime="20240306 20:10:50.197" endtime="20240306 20:10:50.198"/>
</kw>
<kw name="Get Element Text" library="XML">
<var>${OLine62}</var>
<arg>${xml}</arg>
<arg>Line62</arg>
<doc>Returns all text of the element, possibly whitespace normalized.</doc>
<msg timestamp="20240306 20:10:50.198" level="INFO">${OLine62} = //div[contains(text()," 62 ")]/../div/div/div/div/div/label/following-sibling::input</msg>
<status status="PASS" starttime="20240306 20:10:50.198" endtime="20240306 20:10:50.198"/>
</kw>
<kw name="Get Element Text" library="XML">
<var>${OLine62a}</var>
<arg>${xml}</arg>
<arg>Line62a</arg>
<doc>Returns all text of the element, possibly whitespace normalized.</doc>
<msg timestamp="20240306 20:10:50.198" level="INFO">${OLine62a} = //div[contains(text()," 62a ")]/../div/div/div/div/div/label/following-sibling::input</msg>
<status status="PASS" starttime="20240306 20:10:50.198" endtime="20240306 20:10:50.198"/>
</kw>
<kw name="Get Element Text" library="XML">
<var>${OLine62b}</var>
<arg>${xml}</arg>
<arg>Line62b</arg>
<doc>Returns all text of the element, possibly whitespace normalized.</doc>
<msg timestamp="20240306 20:10:50.198" level="INFO">${OLine62b} = //div[contains(text()," 62b ")]/../div/div/div/div/div/label/following-sibling::input</msg>
<status status="PASS" starttime="20240306 20:10:50.198" endtime="20240306 20:10:50.199"/>
</kw>
<kw name="Get Element Text" library="XML">
<var>${OLine62b1}</var>
<arg>${xml}</arg>
<arg>Line62b1</arg>
<doc>Returns all text of the element, possibly whitespace normalized.</doc>
<msg timestamp="20240306 20:10:50.199" level="INFO">${OLine62b1} = //div[contains(text()," 62b(1)")]/../div/div/div/div/div/label/following-sibling::input</msg>
<status status="PASS" starttime="20240306 20:10:50.199" endtime="20240306 20:10:50.199"/>
</kw>
<kw name="Get Element Text" library="XML">
<var>${OLine62b2}</var>
<arg>${xml}</arg>
<arg>Line62b2</arg>
<doc>Returns all text of the element, possibly whitespace normalized.</doc>
<msg timestamp="20240306 20:10:50.199" level="INFO">${OLine62b2} = //div[contains(text(),"62b(2)")]/../div/div/div/div/div/label/following-sibling::input</msg>
<status status="PASS" starttime="20240306 20:10:50.199" endtime="20240306 20:10:50.199"/>
</kw>
<kw name="Get Element Text" library="XML">
<var>${OLine62c}</var>
<arg>${xml}</arg>
<arg>Line62c</arg>
<doc>Returns all text of the element, possibly whitespace normalized.</doc>
<msg timestamp="20240306 20:10:50.199" level="INFO">${OLine62c} = //div[contains(text(),"62c")]/../div/div/div/div/div/label/following-sibling::input</msg>
<status status="PASS" starttime="20240306 20:10:50.199" endtime="20240306 20:10:50.199"/>
</kw>
<kw name="Get Element Text" library="XML">
<var>${OLine62d}</var>
<arg>${xml}</arg>
<arg>Line62d</arg>
<doc>Returns all text of the element, possibly whitespace normalized.</doc>
<msg timestamp="20240306 20:10:50.200" level="INFO">${OLine62d} = //div[contains(text(),"62d")]/../div/div/div/div/div/label/following-sibling::input</msg>
<status status="PASS" starttime="20240306 20:10:50.200" endtime="20240306 20:10:50.200"/>
</kw>
<kw name="Get Element Text" library="XML">
<var>${OThirdPartyDesigneeYes}</var>
<arg>${xml}</arg>
<arg>ThirdPartyDesigneeYes</arg>
<doc>Returns all text of the element, possibly whitespace normalized.</doc>
<msg timestamp="20240306 20:10:50.200" level="INFO">${OThirdPartyDesigneeYes} = //label[contains(text(),"Yes. Complete the following.")]</msg>
<status status="PASS" starttime="20240306 20:10:50.200" endtime="20240306 20:10:50.200"/>
</kw>
<kw name="Get Element Text" library="XML">
<var>${OThirdPartyDesigneeNo}</var>
<arg>${xml}</arg>
<arg>ThirdPartyDesigneeNo</arg>
<doc>Returns all text of the element, possibly whitespace normalized.</doc>
<msg timestamp="20240306 20:10:50.200" level="INFO">${OThirdPartyDesigneeNo} = //label[contains(text(),"No")]</msg>
<status status="PASS" starttime="20240306 20:10:50.200" endtime="20240306 20:10:50.200"/>
</kw>
<kw name="Get Element Text" library="XML">
<var>${ODesigneeName}</var>
<arg>${xml}</arg>
<arg>DesigneeName</arg>
<doc>Returns all text of the element, possibly whitespace normalized.</doc>
<msg timestamp="20240306 20:10:50.201" level="INFO">${ODesigneeName} = //em[contains(text(),"Designee’s name")]/../following-sibling::div/div/div/div/label/following-sibling::input</msg>
<status status="PASS" starttime="20240306 20:10:50.200" endtime="20240306 20:10:50.201"/>
</kw>
<kw name="Get Element Text" library="XML">
<var>${ODesigneePhoneNumber}</var>
<arg>${xml}</arg>
<arg>DesigneePhoneNumber</arg>
<doc>Returns all text of the element, possibly whitespace normalized.</doc>
<msg timestamp="20240306 20:10:50.201" level="INFO">${ODesigneePhoneNumber} = //em[contains(text(),"Phone no")]/../following-sibling::div/div/div/div/label/following-sibling::input</msg>
<status status="PASS" starttime="20240306 20:10:50.201" endtime="20240306 20:10:50.201"/>
</kw>
<kw name="Get Element Text" library="XML">
<var>${OPIN1}</var>
<arg>${xml}</arg>
<arg>PIN1</arg>
<doc>Returns all text of the element, possibly whitespace normalized.</doc>
<msg timestamp="20240306 20:10:50.201" level="INFO">${OPIN1} = (//em[contains(text(),"Personal identification number (PIN) ")]/../following-sibling::div/div/div/div/label/following-sibling::input)[1]</msg>
<status status="PASS" starttime="20240306 20:10:50.201" endtime="20240306 20:10:50.201"/>
</kw>
<kw name="Get Element Text" library="XML">
<var>${OPIN2}</var>
<arg>${xml}</arg>
<arg>PIN2</arg>
<doc>Returns all text of the element, possibly whitespace normalized.</doc>
<msg timestamp="20240306 20:10:50.201" level="INFO">${OPIN2} = (//em[contains(text(),"Personal identification number (PIN) ")]/../following-sibling::div/div/div/div/label/following-sibling::input)[2]</msg>
<status status="PASS" starttime="20240306 20:10:50.201" endtime="20240306 20:10:50.202"/>
</kw>
<kw name="Get Element Text" library="XML">
<var>${OPIN3}</var>
<arg>${xml}</arg>
<arg>PIN3</arg>
<doc>Returns all text of the element, possibly whitespace normalized.</doc>
<msg timestamp="20240306 20:10:50.202" level="INFO">${OPIN3} = (//em[contains(text(),"Personal identification number (PIN) ")]/../following-sibling::div/div/div/div/label/following-sibling::input)[3]</msg>
<status status="PASS" starttime="20240306 20:10:50.202" endtime="20240306 20:10:50.202"/>
</kw>
<kw name="Get Element Text" library="XML">
<var>${OPIN4}</var>
<arg>${xml}</arg>
<arg>PIN4</arg>
<doc>Returns all text of the element, possibly whitespace normalized.</doc>
<msg timestamp="20240306 20:10:50.202" level="INFO">${OPIN4} = (//em[contains(text(),"Personal identification number (PIN) ")]/../following-sibling::div/div/div/div/label/following-sibling::input)[4]</msg>
<status status="PASS" starttime="20240306 20:10:50.202" endtime="20240306 20:10:50.202"/>
</kw>
<kw name="Get Element Text" library="XML">
<var>${OPIN5}</var>
<arg>${xml}</arg>
<arg>PIN5</arg>
<doc>Returns all text of the element, possibly whitespace normalized.</doc>
<msg timestamp="20240306 20:10:50.203" level="INFO">${OPIN5} = (//em[contains(text(),"Personal identification number (PIN) ")]/../following-sibling::div/div/div/div/label/following-sibling::input)[5]</msg>
<status status="PASS" starttime="20240306 20:10:50.203" endtime="20240306 20:10:50.203"/>
</kw>
<kw name="Get Element Text" library="XML">
<var>${OSaveandContinue}</var>
<arg>${xml}</arg>
<arg>SaveandContinue</arg>
<doc>Returns all text of the element, possibly whitespace normalized.</doc>
<msg timestamp="20240306 20:10:50.203" level="INFO">${OSaveandContinue} = (//div[contains(@class,"justify-space-between d-flex align-center")]/button)[2]</msg>
<status status="PASS" starttime="20240306 20:10:50.203" endtime="20240306 20:10:50.203"/>
</kw>
<kw name="Get Element Text" library="XML">
<var>${OLine63a}</var>
<arg>${xml}</arg>
<arg>Line63a</arg>
<doc>Returns all text of the element, possibly whitespace normalized.</doc>
<msg timestamp="20240306 20:10:50.204" level="INFO">${OLine63a} = //div[contains(text(),"63a")]/../div/div/div/div/div/label/following-sibling::input</msg>
<status status="PASS" starttime="20240306 20:10:50.203" endtime="20240306 20:10:50.204"/>
</kw>
<kw name="Get Element Text" library="XML">
<var>${OLine63b1}</var>
<arg>${xml}</arg>
<arg>Line63b1</arg>
<doc>Returns all text of the element, possibly whitespace normalized.</doc>
<msg timestamp="20240306 20:10:50.204" level="INFO">${OLine63b1} = //div[contains(text(),"63b(1)")]/../div/div/div/div/div/label/following-sibling::input</msg>
<status status="PASS" starttime="20240306 20:10:50.204" endtime="20240306 20:10:50.204"/>
</kw>
<kw name="Get Element Text" library="XML">
<var>${OLine63b2}</var>
<arg>${xml}</arg>
<arg>Line63b2</arg>
<doc>Returns all text of the element, possibly whitespace normalized.</doc>
<msg timestamp="20240306 20:10:50.204" level="INFO">${OLine63b2} = //div[contains(text(),"63b(2)")]/../div/div/div/div/div/label/following-sibling::input</msg>
<status status="PASS" starttime="20240306 20:10:50.204" endtime="20240306 20:10:50.204"/>
</kw>
<kw name="Get Element Text" library="XML">
<var>${OLine63c1}</var>
<arg>${xml}</arg>
<arg>Line63c1</arg>
<doc>Returns all text of the element, possibly whitespace normalized.</doc>
<msg timestamp="20240306 20:10:50.205" level="INFO">${OLine63c1} = //div[contains(text()," 63c(1)")]/../div/div/div/div/div/label/following-sibling::input</msg>
<status status="PASS" starttime="20240306 20:10:50.204" endtime="20240306 20:10:50.205"/>
</kw>
<kw name="Get Element Text" library="XML">
<var>${OLine63c2}</var>
<arg>${xml}</arg>
<arg>Line63c2</arg>
<doc>Returns all text of the element, possibly whitespace normalized.</doc>
<msg timestamp="20240306 20:10:50.205" level="INFO">${OLine63c2} = //div[contains(text(),"63c(2)")]/../div/div/div/div/div/label/following-sibling::input</msg>
<status status="PASS" starttime="20240306 20:10:50.205" endtime="20240306 20:10:50.205"/>
</kw>
<kw name="Get Element Text" library="XML">
<var>${OLine63d}</var>
<arg>${xml}</arg>
<arg>Line63d</arg>
<doc>Returns all text of the element, possibly whitespace normalized.</doc>
<msg timestamp="20240306 20:10:50.205" level="INFO">${OLine63d} = //div[contains(text(),"63d")]/../div/div/div/div/div/label/following-sibling::input</msg>
<status status="PASS" starttime="20240306 20:10:50.205" endtime="20240306 20:10:50.205"/>
</kw>
<kw name="Get Element Text" library="XML">
<var>${OLine63e}</var>
<arg>${xml}</arg>
<arg>Line63e</arg>
<doc>Returns all text of the element, possibly whitespace normalized.</doc>
<msg timestamp="20240306 20:10:50.205" level="INFO">${OLine63e} = //div[contains(text(),"63e")]/../div/div/div/div/div/label/following-sibling::input</msg>
<status status="PASS" starttime="20240306 20:10:50.205" endtime="20240306 20:10:50.205"/>
</kw>
<kw name="Get Element Text" library="XML">
<var>${OLine64a}</var>
<arg>${xml}</arg>
<arg>Line64a</arg>
<doc>Returns all text of the element, possibly whitespace normalized.</doc>
<msg timestamp="20240306 20:10:50.206" level="INFO">${OLine64a} = //div[contains(text(),"64a")]/../div/div/div/div/div/label/following-sibling::input</msg>
<status status="PASS" starttime="20240306 20:10:50.206" endtime="20240306 20:10:50.206"/>
</kw>
<kw name="Get Element Text" library="XML">
<var>${OLine64b}</var>
<arg>${xml}</arg>
<arg>Line64b</arg>
<doc>Returns all text of the element, possibly whitespace normalized.</doc>
<msg timestamp="20240306 20:10:50.206" level="INFO">${OLine64b} = //div[contains(text(),"64b")]/../div/div/div/div/div/label/following-sibling::input</msg>
<status status="PASS" starttime="20240306 20:10:50.206" endtime="20240306 20:10:50.206"/>
</kw>
<kw name="Get Element Text" library="XML">
<var>${OLine64c}</var>
<arg>${xml}</arg>
<arg>Line64c</arg>
<doc>Returns all text of the element, possibly whitespace normalized.</doc>
<msg timestamp="20240306 20:10:50.207" level="INFO">${OLine64c} = //div[contains(text(),"64c")]/../div/div/div/div/div/label/following-sibling::input</msg>
<status status="PASS" starttime="20240306 20:10:50.206" endtime="20240306 20:10:50.207"/>
</kw>
<kw name="Get Element Text" library="XML">
<var>${OLine64d}</var>
<arg>${xml}</arg>
<arg>Line64d</arg>
<doc>Returns all text of the element, possibly whitespace normalized.</doc>
<msg timestamp="20240306 20:10:50.207" level="INFO">${OLine64d} = //div[contains(text(),"64d")]/../div/div/div/div/div/label/following-sibling::input</msg>
<status status="PASS" starttime="20240306 20:10:50.207" endtime="20240306 20:10:50.207"/>
</kw>
<kw name="Get Element Text" library="XML">
<var>${OLine64e}</var>
<arg>${xml}</arg>
<arg>Line64e</arg>
<doc>Returns all text of the element, possibly whitespace normalized.</doc>
<msg timestamp="20240306 20:10:50.208" level="INFO">${OLine64e} = //div[contains(text(),"64e")]/../div/div/div/div/div/label/following-sibling::input</msg>
<status status="PASS" starttime="20240306 20:10:50.207" endtime="20240306 20:10:50.208"/>
</kw>
<kw name="Get Element Text" library="XML">
<var>${OLine65a}</var>
<arg>${xml}</arg>
<arg>Line65a</arg>
<doc>Returns all text of the element, possibly whitespace normalized.</doc>
<msg timestamp="20240306 20:10:50.208" level="INFO">${OLine65a} = //div[contains(text(),"65a")]/../div/div/div/div/div/label/following-sibling::input</msg>
<status status="PASS" starttime="20240306 20:10:50.208" endtime="20240306 20:10:50.208"/>
</kw>
<kw name="Get Element Text" library="XML">
<var>${OLine65b}</var>
<arg>${xml}</arg>
<arg>Line65b</arg>
<doc>Returns all text of the element, possibly whitespace normalized.</doc>
<msg timestamp="20240306 20:10:50.208" level="INFO">${OLine65b} = //div[contains(text(),"65b")]/../div/div/div/div/div/label/following-sibling::input</msg>
<status status="PASS" starttime="20240306 20:10:50.208" endtime="20240306 20:10:50.208"/>
</kw>
<kw name="Get Element Text" library="XML">
<var>${OLine66}</var>
<arg>${xml}</arg>
<arg>Line66</arg>
<doc>Returns all text of the element, possibly whitespace normalized.</doc>
<msg timestamp="20240306 20:10:50.209" level="INFO">${OLine66} = //div[contains(text(),"66")]/../div/div/div/div/div/label/following-sibling::input</msg>
<status status="PASS" starttime="20240306 20:10:50.208" endtime="20240306 20:10:50.209"/>
</kw>
<kw name="Get Element Text" library="XML">
<var>${OLine67a}</var>
<arg>${xml}</arg>
<arg>Line67a</arg>
[...]
</branch>
<status status="NOT RUN" starttime="20240306 20:17:30.778" endtime="20240306 20:17:30.795"/>
</if>
<kw name="Click Element" library="SeleniumLibrary">
<arg>${obtnsave}</arg>
<doc>Click the element identified by ``locator``.</doc>
<status status="NOT RUN" starttime="20240306 20:17:30.795" endtime="20240306 20:17:30.795"/>
</kw>
<kw name="Run Keyword And Return Status" library="BuiltIn">
<var>${passed}</var>
<arg>SeleniumLibrary.Page Should Contain</arg>
<arg>inValid Zip Code</arg>
<arg>20s</arg>
<doc>Runs the given keyword with given arguments and returns the status as a Boolean value.</doc>
<status status="NOT RUN" starttime="20240306 20:17:30.795" endtime="20240306 20:17:30.795"/>
</kw>
<kw name="Press Keys" library="SeleniumLibrary">
<arg>${OWHZipCode}</arg>
<arg>CTRL+a+BACKSPACE</arg>
<doc>Simulates the user pressing key(s) to an element or on the active browser.</doc>
<status status="NOT RUN" starttime="20240306 20:17:30.795" endtime="20240306 20:17:30.795"/>
</kw>
<kw name="Input Text" library="SeleniumLibrary">
<arg>${OWHZipCode}</arg>
<arg>${WHZipCode}</arg>
<doc>Types the given ``text`` into the text field identified by ``locator``.</doc>
<status status="NOT RUN" starttime="20240306 20:17:30.796" endtime="20240306 20:17:30.796"/>
</kw>
<kw name="Run Keyword And Return Status" library="BuiltIn">
<var>${passed}</var>
<arg>Wait Until Element Is Enabled</arg>
<arg>//i[@class="mdi-close mdi v-icon notranslate v-theme--light v-icon--size-default fs-14px mr-1"]/..</arg>
<arg>20s</arg>
<doc>Runs the given keyword with given arguments and returns the status as a Boolean value.</doc>
<status status="NOT RUN" starttime="20240306 20:17:30.796" endtime="20240306 20:17:30.796"/>
</kw>
<kw name="Run Keyword If" library="BuiltIn">
<arg>${passed}</arg>
<arg>JavascriptClick</arg>
<arg>//i[@class="mdi-close mdi v-icon notranslate v-theme--light v-icon--size-default fs-14px mr-1"]/..</arg>
<doc>Runs the given keyword with the given arguments, if ``condition`` is true.</doc>
<status status="NOT RUN" starttime="20240306 20:17:30.796" endtime="20240306 20:17:30.796"/>
</kw>
<kw name="Sleep" library="BuiltIn">
<arg>5s</arg>
<doc>Pauses the test executed for the given time.</doc>
<status status="NOT RUN" starttime="20240306 20:17:30.797" endtime="20240306 20:17:30.797"/>
</kw>
<kw name="Run Keyword And Return Status" library="BuiltIn">
<var>${passed}</var>
<arg>Wait Until Element Is Enabled</arg>
<arg>(//span[@class="v-btn__content"])[30]</arg>
<arg>20s</arg>
<doc>Runs the given keyword with given arguments and returns the status as a Boolean value.</doc>
<status status="NOT RUN" starttime="20240306 20:17:30.797" endtime="20240306 20:17:30.797"/>
</kw>
<kw name="Run Keyword If" library="BuiltIn">
<arg>${passed}</arg>
<arg>JavascriptClick</arg>
<arg>(//span[@class="v-btn__content"])[30]</arg>
<doc>Runs the given keyword with the given arguments, if ``condition`` is true.</doc>
<status status="NOT RUN" starttime="20240306 20:17:30.797" endtime="20240306 20:17:30.797"/>
</kw>
<kw name="Run Keyword And Return Status" library="BuiltIn">
<var>${passed}</var>
<arg>Wait Until Element Is Enabled</arg>
<arg>(//span[@class="v-btn__content"])[30]</arg>
<arg>20s</arg>
<doc>Runs the given keyword with given arguments and returns the status as a Boolean value.</doc>
<status status="NOT RUN" starttime="20240306 20:17:30.798" endtime="20240306 20:17:30.798"/>
</kw>
<kw name="Run Keyword If" library="BuiltIn">
<arg>${passed}</arg>
<arg>Click Element</arg>
<arg>(//span[@class="v-btn__content"])[30]</arg>
<doc>Runs the given keyword with the given arguments, if ``condition`` is true.</doc>
<status status="NOT RUN" starttime="20240306 20:17:30.798" endtime="20240306 20:17:30.798"/>
</kw>
<kw name="Run Keyword And Return Status" library="BuiltIn">
<var>${passed}</var>
<arg>Wait Until Element Is Enabled</arg>
<arg>//i[@class="mdi-close mdi v-icon notranslate v-theme--light v-icon--size-default fs-14px mr-1"]/..</arg>
<arg>20s</arg>
<doc>Runs the given keyword with given arguments and returns the status as a Boolean value.</doc>
<status status="NOT RUN" starttime="20240306 20:17:30.798" endtime="20240306 20:17:30.798"/>
</kw>
<kw name="Run Keyword If" library="BuiltIn">
<arg>${passed}</arg>
<arg>JavascriptClick</arg>
<arg>//i[@class="mdi-close mdi v-icon notranslate v-theme--light v-icon--size-default fs-14px mr-1"]/..</arg>
<doc>Runs the given keyword with the given arguments, if ``condition`` is true.</doc>
<status status="NOT RUN" starttime="20240306 20:17:30.799" endtime="20240306 20:17:30.799"/>
</kw>
<kw name="Sleep" library="BuiltIn">
<arg>5s</arg>
<doc>Pauses the test executed for the given time.</doc>
<status status="NOT RUN" starttime="20240306 20:17:30.799" endtime="20240306 20:17:30.799"/>
</kw>
<kw name="Run Keyword And Return Status" library="BuiltIn">
<var>${passed}</var>
<arg>Wait Until Element Is Enabled</arg>
<arg>(//span[@class="v-btn__content"])[30]</arg>
<arg>20s</arg>
<doc>Runs the given keyword with given arguments and returns the status as a Boolean value.</doc>
<status status="NOT RUN" starttime="20240306 20:17:30.799" endtime="20240306 20:17:30.799"/>
</kw>
<kw name="Run Keyword If" library="BuiltIn">
<arg>${passed}</arg>
<arg>JavascriptClick</arg>
<arg>(//span[@class="v-btn__content"])[30]</arg>
<doc>Runs the given keyword with the given arguments, if ``condition`` is true.</doc>
<status status="NOT RUN" starttime="20240306 20:17:30.800" endtime="20240306 20:17:30.800"/>
</kw>
<status status="FAIL" starttime="20240306 20:17:15.725" endtime="20240306 20:17:30.800"/>
</branch>
<branch type="ELSE">
<kw name="Wait Until Element Is Enabled" library="SeleniumLibrary">
<arg>(//button[@type="button"]/child::span)[36]</arg>
<arg>50s</arg>
<doc>Waits until the element ``locator`` is enabled.</doc>
<status status="NOT RUN" starttime="20240306 20:17:30.800" endtime="20240306 20:17:30.800"/>
</kw>
<kw name="Click Element" library="SeleniumLibrary">
<arg>(//button[@type="button"]/child::span)[36]</arg>
<doc>Click the element identified by ``locator``.</doc>
<status status="NOT RUN" starttime="20240306 20:17:30.800" endtime="20240306 20:17:30.801"/>
</kw>
<kw name="Wait Until Element Is Enabled" library="SeleniumLibrary">
<arg>//div[@id='ListPart']/input[@id='BusinessSearch']</arg>
<arg>5s</arg>
<doc>Waits until the element ``locator`` is enabled.</doc>
<status status="NOT RUN" starttime="20240306 20:17:30.801" endtime="20240306 20:17:30.801"/>
</kw>
<kw name="Input Text" library="SeleniumLibrary">
<arg>//div[@id='ListPart']/input[@id='BusinessSearch']</arg>
<arg>${WithholdingAgentName}</arg>
<doc>Types the given ``text`` into the text field identified by ``locator``.</doc>
<status status="NOT RUN" starttime="20240306 20:17:30.801" endtime="20240306 20:17:30.801"/>
</kw>
<kw name="Sleep" library="BuiltIn">
<arg>5s</arg>
<doc>Pauses the test executed for the given time.</doc>
<status status="NOT RUN" starttime="20240306 20:17:30.801" endtime="20240306 20:17:30.801"/>
</kw>
<kw name="Wait Until Element Is Enabled" library="SeleniumLibrary">
<arg>//span[contains(text(),'${WithholdingAgentName}')]</arg>
<arg>5s</arg>
<doc>Waits until the element ``locator`` is enabled.</doc>
<status status="NOT RUN" starttime="20240306 20:17:30.802" endtime="20240306 20:17:30.802"/>
</kw>
<kw name="Sleep" library="BuiltIn">
<arg>2s</arg>
<doc>Pauses the test executed for the given time.</doc>
<status status="NOT RUN" starttime="20240306 20:17:30.802" endtime="20240306 20:17:30.802"/>
</kw>
<kw name="Click Element" library="SeleniumLibrary">
<arg>//span[contains(text(),'${WithholdingAgentName}')]</arg>
<doc>Click the element identified by ``locator``.</doc>
<status status="NOT RUN" starttime="20240306 20:17:30.802" endtime="20240306 20:17:30.802"/>
</kw>
<kw name="Sleep" library="BuiltIn">
<arg>5s</arg>
<doc>Pauses the test executed for the given time.</doc>
<status status="NOT RUN" starttime="20240306 20:17:30.802" endtime="20240306 20:17:30.802"/>
</kw>
<kw name="Click Element" library="SeleniumLibrary">
<arg>${obtnsave}</arg>
<doc>Click the element identified by ``locator``.</doc>
<status status="NOT RUN" starttime="20240306 20:17:30.803" endtime="20240306 20:17:30.803"/>
</kw>
<status status="NOT RUN" starttime="20240306 20:17:30.800" endtime="20240306 20:17:30.803"/>
</branch>
<status status="FAIL" starttime="20240306 20:17:15.725" endtime="20240306 20:17:30.803"/>
</if>
<status status="FAIL" starttime="20240306 20:17:15.722" endtime="20240306 20:17:30.803"/>
</kw>
<kw name="FormPage1-1042" library="commonKeywords">
<arg>${OThirdPartyDesigneeYes}</arg>
<arg>${ODesigneeName}</arg>
<arg>${ODesigneePhoneNumber}</arg>
<arg>${OPIN1}</arg>
<arg>${OPIN2}</arg>
<arg>${OPIN3}</arg>
<arg>${OPIN4}</arg>
<arg>${OPIN5}</arg>
<arg>${OSaveandContinue}</arg>
<arg>${OLine61Onpaper}</arg>
<arg>${OLine61Electronically}</arg>
<arg>${OLine62a}</arg>
<arg>${OLine62b1}</arg>
<arg>${OLine62b2}</arg>
<arg>${OLine62c}</arg>
<arg>${OLine62d}</arg>
<arg>${ONovTotal}</arg>
<arg>${ODec15}</arg>
<arg>${ODec07}</arg>
<arg>${ODec22}</arg>
<arg>${ODec31}</arg>
<arg>${ODecTotal}</arg>
<arg>${ONov07}</arg>
<arg>${ONov15}</arg>
<arg>${ONov22}</arg>
<arg>${ONov30}</arg>
<arg>${OOct07}</arg>
<arg>${OOct15}</arg>
<arg>${OOct22}</arg>
<arg>${OOct31}</arg>
<arg>${OOctTotal}</arg>
<arg>${OSep07}</arg>
<arg>${OSep15}</arg>
<arg>${OSep22}</arg>
<arg>${OSep31}</arg>
<arg>${OSepTotal}</arg>
<arg>${OAug07}</arg>
<arg>${OAug15}</arg>
<arg>${OAug22}</arg>
<arg>${OAug31}</arg>
<arg>${OAugTotal}</arg>
<arg>${OJuly07}</arg>
<arg>${OJuly15}</arg>
<arg>${OJuly22}</arg>
<arg>${OJuly31}</arg>
<arg>${OJulyTotal}</arg>
<arg>${OJune07}</arg>
<arg>${OJune15}</arg>
<arg>${OJune22}</arg>
<arg>${OJune30}</arg>
<arg>${OJuneTotal}</arg>
<arg>${OMay07}</arg>
<arg>${OMay15}</arg>
<arg>${OMay22}</arg>
<arg>${OMay31}</arg>
<arg>${OMayTotal}</arg>
<arg>${OApr15}</arg>
<arg>${OApr22}</arg>
<arg>${OApr30}</arg>
<arg>${OAprTotal}</arg>
<arg>${OApr07}</arg>
<arg>${OMarTotal}</arg>
<arg>${OMar31}</arg>
<arg>${OMar22}</arg>
<arg>${OMar15}</arg>
<arg>${OMar07}</arg>
<arg>${OFebTotal}</arg>
<arg>${OFeb28}</arg>
<arg>${OFeb22}</arg>
<arg>${OFeb15}</arg>
<arg>${OFeb07}</arg>
<arg>${OJan31}</arg>
<arg>${OJan22}</arg>
<arg>${OJan15}</arg>
<arg>${OJan7}</arg>
<arg>${OJanTotal}</arg>
<arg>${Chapter3StatusCode}</arg>
<arg>${Chapter4StatusCode}</arg>
<arg>${IsFinalReturn}</arg>
<arg>${FinalIncomePaidDate}</arg>
<arg>${IsSection1-FederalTaxLiabily}</arg>
<arg>${Jan-07}</arg>
<arg>${Jan-15}</arg>
<arg>${Jan-22}</arg>
<arg>${Jan-31}</arg>
<arg>${Jan.Total}</arg>
<arg>${Feb-07}</arg>
<arg>${Feb-15}</arg>
<arg>${Feb-22}</arg>
<arg>${Feb-28}</arg>
<arg>${Feb.Total}</arg>
<arg>${Mar-07}</arg>
<arg>${Mar-15}</arg>
<arg>${Mar-22}</arg>
<arg>${Mar-31}</arg>
<arg>${Mar.Total}</arg>
<arg>${Apr-07}</arg>
<arg>${Apr-15}</arg>
<arg>${Apr-22}</arg>
<arg>${Apr-30}</arg>
<arg>${Apr.Total}</arg>
<arg>${May-07}</arg>
<arg>${May-15}</arg>
<arg>${May-22}</arg>
<arg>${May-31}</arg>
<arg>${May.Total}</arg>
<arg>${June-07}</arg>
<arg>${June-15}</arg>
<arg>${June-22}</arg>
<arg>${June-30}</arg>
<arg>${June.Total}</arg>
<arg>${July-07}</arg>
<arg>${July-15}</arg>
<arg>${July-22}</arg>
<arg>${July-31}</arg>
<arg>${July.Total}</arg>
<arg>${Aug-07}</arg>
<arg>${Aug-15}</arg>
<arg>${Aug-22}</arg>
<arg>${Aug-31}</arg>
<arg>${Aug.Total}</arg>
<arg>${Sept-07}</arg>
<arg>${Sept-15}</arg>
<arg>${Sept-22}</arg>
<arg>${Sept-31}</arg>
<arg>${Sept.Total}</arg>
<arg>${Oct-07}</arg>
<arg>${Oct-15}</arg>
<arg>${Oct-22}</arg>
<arg>${Oct-31}</arg>
<arg>${Oct.Total}</arg>
<arg>${Nov-07}</arg>
<arg>${Nov-15}</arg>
<arg>${Nov-22}</arg>
<arg>${Nov-30}</arg>
<arg>${Nov.Total}</arg>
<arg>${Dec-07}</arg>
<arg>${Dec-15}</arg>
<arg>${Dec-22}</arg>
<arg>${Dec-31}</arg>
<arg>${Dec.Total}</arg>
<arg>${Line61-OnPaper}</arg>
<arg>${Line61-Electronically}</arg>
<arg>${Line62a-FDAPIncome}</arg>
<arg>${Line62b1-SubstituteDividendPayments}</arg>
<arg>${Line62b2-SubstitutePaymentsReported}</arg>
<arg>${Line62c-TotalGrossAmount}</arg>
<arg>${Line62d-AcutallypaidGross}</arg>
<arg>${IsThirdPartyDesignee}</arg>
<arg>${DesigneeName}</arg>
<arg>${DesigneePhoneNumber}</arg>
<arg>${Pin1}</arg>
<arg>${Pin2}</arg>
<arg>${Pin3}</arg>
<arg>${Pin4}</arg>
<arg>${Pin5}</arg>
<status status="NOT RUN" starttime="20240306 20:17:30.803" endtime="20240306 20:17:30.805"/>
</kw>
<kw name="FormPage2-1042" library="commonKeywords">
<arg>${OSec2-3}</arg>
<arg>${OSec2-4}</arg>
<arg>${OSec2-5}</arg>
<arg>${OSec3-871m}</arg>
<arg>${OSec4-QDD}</arg>
<arg>${OSec2-1}</arg>
<arg>${OLine71Credit}</arg>
<arg>${OLine71Refund}</arg>
<arg>${OSec2-2a}</arg>
<arg>${OSec2-2b}</arg>
<arg>${OSec2-2d}</arg>
<arg>${OSec2-2c}</arg>
<arg>${OSec2-2e}</arg>
<arg>${OLine70b}</arg>
<arg>${OLine66}</arg>
<arg>${OLine65a}</arg>
<arg>${OLine65b}</arg>
<arg>${OLine68}</arg>
<arg>${OLine66}</arg>
<arg>${OLine67a}</arg>
<arg>${OLine67b}</arg>
<arg>${OLine69}</arg>
<arg>${OLine68}</arg>
<arg>${OLine70a}</arg>
<arg>${OLine64e}</arg>
<arg>${OLine64d}</arg>
<arg>${OLine64c}</arg>
<arg>${OLine64b}</arg>
<arg>${OLine64a}</arg>
<arg>${OLine63e}</arg>
<arg>${OLine63d}</arg>
<arg>${OLine63c2}</arg>
<arg>${OLine63c1}</arg>
<arg>${OLine63b2}</arg>
<arg>${OLine63b1}</arg>
<arg>${OLine63a}</arg>
<arg>${Line63a}</arg>
<arg>${Line63b1}</arg>
<arg>${Line63b2}</arg>
<arg>${Line63c1}</arg>
<arg>${Line63c2}</arg>
<arg>${Line63d}</arg>
<arg>${Line63e}</arg>
<arg>${Line64a}</arg>
<arg>${Line64b}</arg>
<arg>${Line64c}</arg>
<arg>${Line64d}</arg>
<arg>${Line64e}</arg>
<arg>${Line65a}</arg>
<arg>${Line65b}</arg>
<arg>${Line66}</arg>
<arg>${Line67a}</arg>
<arg>${Line67b}</arg>
<arg>${Line68}</arg>
<arg>${Line69}</arg>
<arg>${Line70a}</arg>
<arg>${Line70b}</arg>
<arg>${Line71}</arg>
<arg>${OverpaymntType}</arg>
<arg>${IsSection2}</arg>
<arg>${IsSection2-1}</arg>
<arg>${IsSection2-2a}</arg>
<arg>${IsSection2-2b}</arg>
<arg>${IsSection2-2c}</arg>
<arg>${IsSection2-2d}</arg>
<arg>${IsSection2-2e}</arg>
<arg>${IsSection2-3}</arg>
<arg>${IsSection2-4}</arg>
<arg>${IsSection2-5}</arg>
<arg>${IsSection2-6}</arg>
<arg>${Section3-Section 871}</arg>
<arg>${Section4-QDD}</arg>
<status status="NOT RUN" starttime="20240306 20:17:30.805" endtime="20240306 20:17:30.805"/>
</kw>
<kw name="Run Keyword If" library="BuiltIn">
<arg>'${IsIRSPayment}'=='YES'</arg>
<arg>Form1042-IRSPayment</arg>
<doc>Runs the given keyword with the given arguments, if ``condition`` is true.</doc>
<status status="NOT RUN" starttime="20240306 20:17:30.806" endtime="20240306 20:17:30.806"/>
</kw>
<kw name="Form1042-Summary" library="commonKeywords">
<status status="NOT RUN" starttime="20240306 20:17:30.806" endtime="20240306 20:17:30.806"/>
</kw>
<kw name="Form1042-Audit" library="commonKeywords">
<status status="NOT RUN" starttime="20240306 20:17:30.806" endtime="20240306 20:17:30.806"/>
</kw>
<kw name="E-SignPage1042ERO" library="commonKeywords">
<arg>${E-signTypeNonBO}</arg>
<status status="NOT RUN" starttime="20240306 20:17:30.806" endtime="20240306 20:17:30.806"/>
</kw>
<kw name="Form1042-Filingfees-TransmitForm" library="commonKeywords">
<arg>${oCompleteFiling}</arg>
<status status="NOT RUN" starttime="20240306 20:17:30.807" endtime="20240306 20:17:30.807"/>
</kw>
<kw name="Run Keyword If" library="BuiltIn">
<var>${save}</var>
<arg>'${IsPayment}'=='YES'</arg>
<arg>set Variable</arg>
<arg>//a[contains(text(),'Return Home')]</arg>
<doc>Runs the given keyword with the given arguments, if ``condition`` is true.</doc>
<status status="NOT RUN" starttime="20240306 20:17:30.807" endtime="20240306 20:17:30.807"/>
</kw>
<kw name="Final Message" library="common">
<arg>${save}</arg>
<arg>${logid}</arg>
<arg>${obj_ID}</arg>
<arg>${obj_Des}</arg>
<arg>${obj_Expected}</arg>
<arg>${obj_PActual}</arg>
<arg>${obj_NActual}</arg>
<arg>${screen}</arg>
<status status="NOT RUN" starttime="20240306 20:17:30.807" endtime="20240306 20:17:30.807"/>
</kw>
<kw name="Click Element" library="SeleniumLibrary">
<arg>//a[contains(text(),'Return Home')]</arg>
<doc>Click the element identified by ``locator``.</doc>
<status status="NOT RUN" starttime="20240306 20:17:30.807" endtime="20240306 20:17:30.808"/>
</kw>
<kw name="Sleep" library="BuiltIn">
<arg>15s</arg>
<doc>Pauses the test executed for the given time.</doc>
<status status="NOT RUN" starttime="20240306 20:17:30.808" endtime="20240306 20:17:30.808"/>
</kw>
<status status="FAIL" starttime="20240306 20:10:50.378" endtime="20240306 20:17:30.808"/>
</iter>
<status status="FAIL" starttime="20240306 20:10:50.378" endtime="20240306 20:17:30.808"/>
</for>
<status status="FAIL" starttime="20240306 20:10:50.159" endtime="20240306 20:17:30.808"/>
</kw>
<status status="FAIL" starttime="20240306 20:10:50.158" endtime="20240306 20:17:30.809">NoSuchWindowException: Message: no such window: target window already closed
from unknown error: web view not found
  (Session info: chrome=122.0.6261.95)
Stacktrace:
	GetHandleVerifier [0x00007FF7BEBDAD22+56930]
	(No symbol) [0x00007FF7BEB4F622]
	(No symbol) [0x00007FF7BEA042E5]
	(No symbol) [0x00007FF7BE9E1D4C]
	(No symbol) [0x00007FF7BEA723F7]
	(No symbol) [0x00007FF7BEA87891]
	(No symbol) [0x00007FF7BEA6BA43]
	(No symbol) [0x00007FF7BEA3D438]
	(No symbol) [0x00007FF7BEA3E4D1]
	GetHandleVerifier [0x00007FF7BEF56AAD+3709933]
	GetHandleVerifier [0x00007FF7BEFAFFED+4075821]
	GetHandleVerifier [0x00007FF7BEFA817F+4043455]
	GetHandleVerifier [0x00007FF7BEC79756+706710]
	(No symbol) [0x00007FF7BEB5B8FF]
	(No symbol) [0x00007FF7BEB56AE4]
	(No symbol) [0x00007FF7BEB56C3C]
	(No symbol) [0x00007FF7BEB468F4]
	BaseThreadInitThunk [0x00007FFB85977344+20]
	RtlUserThreadStart [0x00007FFB865026B1+33]
</status>
</test>
<status status="FAIL" starttime="20240306 20:06:54.941" endtime="20240306 20:17:30.817"/>
</suite>
<statistics>
<total>
<stat pass="1" fail="1" skip="0">All Tests</stat>
</total>
<tag>
</tag>
<suite>
<stat pass="1" fail="1" skip="0" id="s1" name="1042Ero">1042Ero</stat>
</suite>
</statistics>
<errors>
<msg timestamp="20240306 20:17:05.470" level="WARN">Keyword 'Capture Page Screenshot' could not be run on failure: Message: no such window: target window already closed
from unknown error: web view not found
  (Session info: chrome=122.0.6261.95)
Stacktrace:
	GetHandleVerifier [0x00007FF7BEBDAD22+56930]
	(No symbol) [0x00007FF7BEB4F622]
	(No symbol) [0x00007FF7BEA042E5]
	(No symbol) [0x00007FF7BE9E1D4C]
	(No symbol) [0x00007FF7BEA723F7]
	(No symbol) [0x00007FF7BEA87891]
	(No symbol) [0x00007FF7BEA6BA43]
	(No symbol) [0x00007FF7BEA3D438]
	(No symbol) [0x00007FF7BEA3E4D1]
	GetHandleVerifier [0x00007FF7BEF56AAD+3709933]
	GetHandleVerifier [0x00007FF7BEFAFFED+4075821]
	GetHandleVerifier [0x00007FF7BEFA817F+4043455]
	GetHandleVerifier [0x00007FF7BEC79756+706710]
	(No symbol) [0x00007FF7BEB5B8FF]
	(No symbol) [0x00007FF7BEB56AE4]
	(No symbol) [0x00007FF7BEB56C3C]
	(No symbol) [0x00007FF7BEB468F4]
	BaseThreadInitThunk [0x00007FFB85977344+20]
	RtlUserThreadStart [0x00007FFB865026B1+33]
</msg>
<msg timestamp="20240306 20:17:30.754" level="WARN">Keyword 'Capture Page Screenshot' could not be run on failure: Message: no such window: target window already closed
from unknown error: web view not found
  (Session info: chrome=122.0.6261.95)
Stacktrace:
	GetHandleVerifier [0x00007FF7BEBDAD22+56930]
	(No symbol) [0x00007FF7BEB4F622]
	(No symbol) [0x00007FF7BEA042E5]
	(No symbol) [0x00007FF7BE9E1D4C]
	(No symbol) [0x00007FF7BEA723F7]
	(No symbol) [0x00007FF7BEA87891]
	(No symbol) [0x00007FF7BEA6BA43]
	(No symbol) [0x00007FF7BEA3D438]
	(No symbol) [0x00007FF7BEA3E4D1]
	GetHandleVerifier [0x00007FF7BEF56AAD+3709933]
	GetHandleVerifier [0x00007FF7BEFAFFED+4075821]
	GetHandleVerifier [0x00007FF7BEFA817F+4043455]
	GetHandleVerifier [0x00007FF7BEC79756+706710]
	(No symbol) [0x00007FF7BEB5B8FF]
	(No symbol) [0x00007FF7BEB56AE4]
	(No symbol) [0x00007FF7BEB56C3C]
	(No symbol) [0x00007FF7BEB468F4]
	BaseThreadInitThunk [0x00007FFB85977344+20]
	RtlUserThreadStart [0x00007FFB865026B1+33]
</msg>
</errors>
</robot>
