<?xml version="1.0" encoding="UTF-8"?>
<robot generator="Robot 7.0 (Python 3.12.1 on win32)" generated="2024-04-10T12:58:55.175712" rpa="false" schemaversion="5">
<suite id="s1" name="1042" source="D:\Form1042\Form1042\Test suite\Form1042\1042.robot">
<test id="s1-t1" name="Login to Account" line="6">
<kw name="ssettings" owner="1042_support">
<kw name="Logid" owner="associatelib">
<msg time="2024-04-10T12:58:56.387475" level="INFO">${logid} = Log_20240410125856</msg>
<var>${logid}</var>
<status status="PASS" start="2024-04-10T12:58:56.385472" elapsed="0.002003"/>
</kw>
<kw name="Set Environment Variable" owner="OperatingSystem">
<msg time="2024-04-10T12:58:56.387475" level="INFO">Environment variable 'logid' set to value 'Log_20240410125856'.</msg>
<arg>logid</arg>
<arg>${logid}</arg>
<doc>Sets an environment variable to a specified value.</doc>
<status status="PASS" start="2024-04-10T12:58:56.387475" elapsed="0.000000"/>
</kw>
<kw name="Time" owner="associatelib">
<msg time="2024-04-10T12:58:56.388476" level="INFO">${time} = 12:58:56</msg>
<var>${time}</var>
<status status="PASS" start="2024-04-10T12:58:56.388476" elapsed="0.000000"/>
</kw>
<kw name="Set Environment Variable" owner="OperatingSystem">
<msg time="2024-04-10T12:58:56.388476" level="INFO">Environment variable 'starttime' set to value '12:58:56'.</msg>
<arg>starttime</arg>
<arg>${time}</arg>
<doc>Sets an environment variable to a specified value.</doc>
<status status="PASS" start="2024-04-10T12:58:56.388476" elapsed="0.000000"/>
</kw>
<status status="PASS" start="2024-04-10T12:58:56.384466" elapsed="0.005007"/>
</kw>
<kw name="Get Environment Variable" owner="OperatingSystem">
<msg time="2024-04-10T12:58:56.389473" level="INFO">${logid} = Log_20240410125856</msg>
<var>${logid}</var>
<arg>logid</arg>
<doc>Returns the value of an environment variable with the given name.</doc>
<status status="PASS" start="2024-04-10T12:58:56.389473" elapsed="0.000000"/>
</kw>
<kw name="Fndbget" owner="associatelib">
<msg time="2024-04-10T12:58:59.963124" level="INFO">${apwd} = spanqatesting</msg>
<var>${apwd}</var>
<arg>select pcode from tb_autodata where SiteName='UAT-Form941'</arg>
<status status="PASS" start="2024-04-10T12:58:56.390654" elapsed="3.572470"/>
</kw>
<kw name="Set Variable" owner="BuiltIn">
<msg time="2024-04-10T12:58:59.966339" level="INFO">${siteURL} = https://tbs-secure.spanstage.com/login</msg>
<var>${siteURL}</var>
<arg>https://tbs-secure.spanstage.com/login</arg>
<doc>Returns the given values which can then be assigned to a variables.</doc>
<status status="PASS" start="2024-04-10T12:58:59.965309" elapsed="0.001030"/>
</kw>
<kw name="Set Variable" owner="BuiltIn">
<msg time="2024-04-10T12:58:59.968504" level="INFO">${uid} = puvanasri.j+1042STG@spantechnologyservices.com</msg>
<var>${uid}</var>
<arg>puvanasri.j+1042STG@spantechnologyservices.com</arg>
<doc>Returns the given values which can then be assigned to a variables.</doc>
<status status="PASS" start="2024-04-10T12:58:59.967334" elapsed="0.001170"/>
</kw>
<kw name="Fndbget" owner="associatelib">
<msg time="2024-04-10T12:59:01.039895" level="INFO">${pwd} = Span@123</msg>
<var>${pwd}</var>
<arg>select pwd from tb_autodata where SiteName='UAT-Form941'</arg>
<status status="PASS" start="2024-04-10T12:58:59.970701" elapsed="1.069194"/>
</kw>
<kw name="Parse Xml" owner="XML">
<msg time="2024-04-10T12:59:01.047301" level="INFO">${xml} = &lt;Element 'OR' at 0x00000289C6799F80&gt;</msg>
<var>${xml}</var>
<arg>../../Object Repository/1042.xml</arg>
<doc>Parses the given XML file or string into an element structure.</doc>
<status status="PASS" start="2024-04-10T12:59:01.041916" elapsed="0.005385"/>
</kw>
<kw name="Get Element Text" owner="XML">
<msg time="2024-04-10T12:59:01.049306" level="INFO">${osigin} = //span[@class="v-btn__content" and contains(text(),"Sign In")]</msg>
<var>${osigin}</var>
<arg>${xml}</arg>
<arg>signin</arg>
<doc>Returns all text of the element, possibly whitespace normalized.</doc>
<status status="PASS" start="2024-04-10T12:59:01.048306" elapsed="0.001000"/>
</kw>
<kw name="Get Element Text" owner="XML">
<msg time="2024-04-10T12:59:01.050300" level="INFO">${ouid} = //label[contains(text(),"Email Address")]/following-sibling::input[1]</msg>
<var>${ouid}</var>
<arg>${xml}</arg>
<arg>uid</arg>
<doc>Returns all text of the element, possibly whitespace normalized.</doc>
<status status="PASS" start="2024-04-10T12:59:01.050300" elapsed="0.000000"/>
</kw>
<kw name="Get Element Text" owner="XML">
<msg time="2024-04-10T12:59:01.052297" level="INFO">${opwd} = //label[contains(text(),"Password")]/following-sibling::input[1]</msg>
<var>${opwd}</var>
<arg>${xml}</arg>
<arg>pwd</arg>
<doc>Returns all text of the element, possibly whitespace normalized.</doc>
<status status="PASS" start="2024-04-10T12:59:01.052297" elapsed="0.000000"/>
</kw>
<kw name="Get Element Text" owner="XML">
<msg time="2024-04-10T12:59:01.054299" level="INFO">${start} = //span[@class="v-btn__content" and contains(text(),"Start New")]</msg>
<var>${start}</var>
<arg>${xml}</arg>
<arg>start</arg>
<doc>Returns all text of the element, possibly whitespace normalized.</doc>
<status status="PASS" start="2024-04-10T12:59:01.053299" elapsed="0.001000"/>
</kw>
<kw name="Get Element Text" owner="XML">
<msg time="2024-04-10T12:59:01.056298" level="INFO">${form} = //div[@class="v-list-item__title cursor-pointer" and text()="Form"]</msg>
<var>${form}</var>
<arg>${xml}</arg>
<arg>form</arg>
<doc>Returns all text of the element, possibly whitespace normalized.</doc>
<status status="PASS" start="2024-04-10T12:59:01.055305" elapsed="0.000993"/>
</kw>
<kw name="Set Variable" owner="BuiltIn">
<msg time="2024-04-10T12:59:01.057365" level="INFO">${1042} = (//span[contains(text(),"Form 1042")])[4]</msg>
<var>${1042}</var>
<arg>(//span[contains(text(),"Form 1042")])[4]</arg>
<doc>Returns the given values which can then be assigned to a variables.</doc>
<status status="PASS" start="2024-04-10T12:59:01.056298" elapsed="0.001067"/>
</kw>
<kw name="Open Window" owner="common">
<kw name="Evaluate" owner="BuiltIn">
<msg time="2024-04-10T12:59:01.059393" level="INFO">${browse} = Chrome</msg>
<var>${browse}</var>
<arg>random.choice(@{Browser})</arg>
<arg>random</arg>
<doc>Evaluates the given expression in Python and returns the result.</doc>
<status status="PASS" start="2024-04-10T12:59:01.059393" elapsed="0.000000"/>
</kw>
<kw name="Set Environment Variable" owner="OperatingSystem">
<msg time="2024-04-10T12:59:01.060384" level="INFO">Environment variable 'browser' set to value 'Chrome'.</msg>
<arg>browser</arg>
<arg>Chrome</arg>
<doc>Sets an environment variable to a specified value.</doc>
<status status="PASS" start="2024-04-10T12:59:01.060384" elapsed="0.000000"/>
</kw>
<kw name="Log To Console" owner="BuiltIn">
<arg>${browse}</arg>
<doc>Logs the given message to the console.</doc>
<status status="PASS" start="2024-04-10T12:59:01.060384" elapsed="0.000997"/>
</kw>
<kw name="Set Environment Variable" owner="OperatingSystem">
<msg time="2024-04-10T12:59:01.061381" level="INFO">Environment variable 'url' set to value 'https://tbs-secure.spanstage.com/login'.</msg>
<arg>url</arg>
<arg>${siteURL}</arg>
<doc>Sets an environment variable to a specified value.</doc>
<status status="PASS" start="2024-04-10T12:59:01.061381" elapsed="0.001005"/>
</kw>
<kw name="Open Browser" owner="SeleniumLibrary">
<msg time="2024-04-10T12:59:01.062386" level="INFO">Opening browser 'Chrome' to base url 'https://tbs-secure.spanstage.com/login'.</msg>
<arg>${siteURL}</arg>
<arg>Chrome</arg>
<doc>Opens a new browser instance to the optional ``url``.</doc>
<status status="PASS" start="2024-04-10T12:59:01.062386" elapsed="8.407658"/>
</kw>
<arg>${siteURL}</arg>
<status status="PASS" start="2024-04-10T12:59:01.058382" elapsed="8.411662"/>
</kw>
<kw name="Sleep" owner="BuiltIn">
<msg time="2024-04-10T12:59:11.471810" level="INFO">Slept 2 seconds.</msg>
<arg>2s</arg>
<doc>Pauses the test executed for the given time.</doc>
<status status="PASS" start="2024-04-10T12:59:09.470044" elapsed="2.001766"/>
</kw>
<kw name="TestingPopUp" owner="common">
<kw name="Sleep" owner="BuiltIn">
<msg time="2024-04-10T12:59:16.474245" level="INFO">Slept 5 seconds.</msg>
<arg>5s</arg>
<doc>Pauses the test executed for the given time.</doc>
<status status="PASS" start="2024-04-10T12:59:11.473839" elapsed="5.000948"/>
</kw>
<kw name="Run Keyword And Return Status" owner="BuiltIn">
<kw name="Wait Until Element Is Enabled" owner="SeleniumLibrary">
<arg>(//input[@type="password"])[2]</arg>
<arg>10s</arg>
<doc>Waits until the element ``locator`` is enabled.</doc>
<status status="PASS" start="2024-04-10T12:59:16.477152" elapsed="0.128024"/>
</kw>
<msg time="2024-04-10T12:59:16.605176" level="INFO">${passed} = True</msg>
<var>${passed}</var>
<arg>Wait Until Element Is Enabled</arg>
<arg>(//input[@type="password"])[2]</arg>
<arg>10s</arg>
<doc>Runs the given keyword with given arguments and returns the status as a Boolean value.</doc>
<status status="PASS" start="2024-04-10T12:59:16.475802" elapsed="0.129374"/>
</kw>
<kw name="Run Keyword If" owner="BuiltIn">
<kw name="Input Text" owner="SeleniumLibrary">
<msg time="2024-04-10T12:59:16.606681" level="INFO">Typing text 'spanqatesting' into text field '(//input[@type="password"])[2]'.</msg>
<arg>(//input[@type="password"])[2]</arg>
<arg>spanqatesting</arg>
<doc>Types the given ``text`` into the text field identified by ``locator``.</doc>
<status status="PASS" start="2024-04-10T12:59:16.606681" elapsed="0.176102"/>
</kw>
<arg>${passed}</arg>
<arg>Input Text</arg>
<arg>(//input[@type="password"])[2]</arg>
<arg>spanqatesting</arg>
<doc>Runs the given keyword with the given arguments, if ``condition`` is true.</doc>
<status status="PASS" start="2024-04-10T12:59:16.606681" elapsed="0.176102"/>
</kw>
<kw name="Run Keyword If" owner="BuiltIn">
<kw name="Click Element" owner="SeleniumLibrary">
<msg time="2024-04-10T12:59:16.783936" level="INFO">Clicking element '//span[text()="Continue"]'.</msg>
<arg>//span[text()="Continue"]</arg>
<doc>Click the element identified by ``locator``.</doc>
<status status="PASS" start="2024-04-10T12:59:16.782783" elapsed="0.128411"/>
</kw>
<arg>${passed}</arg>
<arg>Click Element</arg>
<arg>//span[text()="Continue"]</arg>
<doc>Runs the given keyword with the given arguments, if ``condition`` is true.</doc>
<status status="PASS" start="2024-04-10T12:59:16.782783" elapsed="0.128411"/>
</kw>
<status status="PASS" start="2024-04-10T12:59:11.472835" elapsed="5.438359"/>
</kw>
<kw name="Singin_Page" owner="common">
<kw name="Input Text" owner="SeleniumLibrary">
<msg time="2024-04-10T12:59:16.912981" level="INFO">Typing text 'puvanasri.j+1042STG@spantechnologyservices.com' into text field '//label[contains(text(),"Email Address")]/following-sibling::input[1]'.</msg>
<arg>${ouid}</arg>
<arg>${uid}</arg>
<doc>Types the given ``text`` into the text field identified by ``locator``.</doc>
<status status="PASS" start="2024-04-10T12:59:16.912474" elapsed="0.554630"/>
</kw>
<kw name="Set Global Variable" owner="BuiltIn">
<msg time="2024-04-10T12:59:17.467104" level="INFO">${uid} = puvanasri.j+1042STG@spantechnologyservices.com</msg>
<arg>${uid}</arg>
<doc>Makes a variable available globally in all tests and suites.</doc>
<status status="PASS" start="2024-04-10T12:59:17.467104" elapsed="0.000000"/>
</kw>
<kw name="Set Environment Variable" owner="OperatingSystem">
<msg time="2024-04-10T12:59:17.468225" level="INFO">Environment variable 'EmailAddress' set to value 'puvanasri.j+1042STG@spantechnologyservices.com'.</msg>
<arg>EmailAddress</arg>
<arg>${uid}</arg>
<doc>Sets an environment variable to a specified value.</doc>
<status status="PASS" start="2024-04-10T12:59:17.467104" elapsed="0.001121"/>
</kw>
<kw name="Input Text" owner="SeleniumLibrary">
<msg time="2024-04-10T12:59:17.468225" level="INFO">Typing text 'Span@123' into text field '//label[contains(text(),"Password")]/following-sibling::input[1]'.</msg>
<arg>${opwd}</arg>
<arg>${pwd}</arg>
<doc>Types the given ``text`` into the text field identified by ``locator``.</doc>
<status status="PASS" start="2024-04-10T12:59:17.468225" elapsed="0.178490"/>
</kw>
<kw name="Set Global Variable" owner="BuiltIn">
<msg time="2024-04-10T12:59:17.646715" level="INFO">${pwd} = Span@123</msg>
<arg>${pwd}</arg>
<doc>Makes a variable available globally in all tests and suites.</doc>
<status status="PASS" start="2024-04-10T12:59:17.646715" elapsed="0.000000"/>
</kw>
<kw name="Set Environment Variable" owner="OperatingSystem">
<msg time="2024-04-10T12:59:17.647716" level="INFO">Environment variable 'Password' set to value 'Span@123'.</msg>
<arg>Password</arg>
<arg>${pwd}</arg>
<doc>Sets an environment variable to a specified value.</doc>
<status status="PASS" start="2024-04-10T12:59:17.646715" elapsed="0.001001"/>
</kw>
<kw name="Run Keyword And Return Status" owner="BuiltIn">
<kw name="Wait Until Element Is Enabled" owner="SeleniumLibrary">
<arg>${osigin}</arg>
<arg>10s</arg>
<doc>Waits until the element ``locator`` is enabled.</doc>
<status status="PASS" start="2024-04-10T12:59:17.647716" elapsed="0.039342"/>
</kw>
<msg time="2024-04-10T12:59:17.687058" level="INFO">${passed} = True</msg>
<var>${passed}</var>
<arg>Wait Until Element Is Enabled</arg>
<arg>${osigin}</arg>
<arg>10s</arg>
<doc>Runs the given keyword with given arguments and returns the status as a Boolean value.</doc>
<status status="PASS" start="2024-04-10T12:59:17.647716" elapsed="0.040365"/>
</kw>
<kw name="Click Element" owner="SeleniumLibrary">
<msg time="2024-04-10T12:59:17.689067" level="INFO">Clicking element '//span[@class="v-btn__content" and contains(text(),"Sign In")]'.</msg>
<arg>${osigin}</arg>
<doc>Click the element identified by ``locator``.</doc>
<status status="PASS" start="2024-04-10T12:59:17.688081" elapsed="0.144543"/>
</kw>
<arg>${ouid}</arg>
<arg>${uid}</arg>
<arg>${opwd}</arg>
<arg>${pwd}</arg>
<arg>${osigin}</arg>
<status status="PASS" start="2024-04-10T12:59:16.911194" elapsed="0.921430"/>
</kw>
<kw name="Sleep" owner="BuiltIn">
<msg time="2024-04-10T12:59:47.833246" level="INFO">Slept 30 seconds.</msg>
<arg>30s</arg>
<doc>Pauses the test executed for the given time.</doc>
<status status="PASS" start="2024-04-10T12:59:17.832624" elapsed="30.000622"/>
</kw>
<kw name="Get Window Size" owner="SeleniumLibrary">
<msg time="2024-04-10T12:59:47.851008" level="INFO">${windowsize} = (1050, 700)</msg>
<var>${windowsize}</var>
<doc>Returns current window width and height as integers.</doc>
<status status="PASS" start="2024-04-10T12:59:47.835547" elapsed="0.015461"/>
</kw>
<kw name="Log To Console" owner="BuiltIn">
<arg>${windowsize}</arg>
<doc>Logs the given message to the console.</doc>
<status status="PASS" start="2024-04-10T12:59:47.853009" elapsed="0.001018"/>
</kw>
<kw name="Run Keyword And Return Status" owner="BuiltIn">
<kw name="Page Should Contain" owner="SeleniumLibrary">
<msg time="2024-04-10T12:59:48.232036" level="INFO" html="true">&lt;/td&gt;&lt;/tr&gt;&lt;tr&gt;&lt;td colspan="3"&gt;&lt;a href="selenium-screenshot-1.png"&gt;&lt;img src="selenium-screenshot-1.png" width="800px"&gt;&lt;/a&gt;</msg>
<msg time="2024-04-10T12:59:48.233101" level="FAIL">Invalid log level '15S'.</msg>
<arg>Verify your Email to Sign-In</arg>
<arg>15s</arg>
<doc>Verifies that current page contains ``text``.</doc>
<status status="FAIL" start="2024-04-10T12:59:47.856531" elapsed="0.467296">Invalid log level '15S'.</status>
</kw>
<msg time="2024-04-10T12:59:48.323827" level="INFO">${passed} = False</msg>
<var>${passed}</var>
<arg>SeleniumLibrary.Page Should Contain</arg>
<arg>Verify your Email to Sign-In</arg>
<arg>15s</arg>
<doc>Runs the given keyword with given arguments and returns the status as a Boolean value.</doc>
<status status="PASS" start="2024-04-10T12:59:47.855496" elapsed="0.468331"/>
</kw>
<kw name="Run Keyword If" owner="BuiltIn">
<arg>${passed}</arg>
<arg>OTAvalidation</arg>
<doc>Runs the given keyword with the given arguments, if ``condition`` is true.</doc>
<status status="PASS" start="2024-04-10T12:59:48.324818" elapsed="0.000000"/>
</kw>
<kw name="Two Factor Authentication" owner="common">
<kw name="Run Keyword And Return Status" owner="BuiltIn">
<kw name="Wait Until Element Is Enabled" owner="SeleniumLibrary">
<msg time="2024-04-10T12:59:58.549978" level="INFO" html="true">&lt;/td&gt;&lt;/tr&gt;&lt;tr&gt;&lt;td colspan="3"&gt;&lt;a href="selenium-screenshot-2.png"&gt;&lt;img src="selenium-screenshot-2.png" width="800px"&gt;&lt;/a&gt;</msg>
<msg time="2024-04-10T12:59:58.549978" level="FAIL">Element with locator '(//div[@class="d-flex align-center justify-space-between flex-wrap v-card v-card--flat v-sheet theme--light"]/button)[1]' not found.</msg>
<arg>(//div[@class="d-flex align-center justify-space-between flex-wrap v-card v-card--flat v-sheet theme--light"]/button)[1]</arg>
<arg>10s</arg>
<doc>Waits until the element ``locator`` is enabled.</doc>
<status status="FAIL" start="2024-04-10T12:59:48.326116" elapsed="10.234689">Element with locator '(//div[@class="d-flex align-center justify-space-between flex-wrap v-card v-card--flat v-sheet theme--light"]/button)[1]' not found.</status>
</kw>
<msg time="2024-04-10T12:59:58.560805" level="INFO">${passed} = False</msg>
<var>${passed}</var>
<arg>Wait Until Element Is Enabled</arg>
<arg>(//div[@class="d-flex align-center justify-space-between flex-wrap v-card v-card--flat v-sheet theme--light"]/button)[1]</arg>
<arg>10s</arg>
<doc>Runs the given keyword with given arguments and returns the status as a Boolean value.</doc>
<status status="PASS" start="2024-04-10T12:59:48.324818" elapsed="10.235987"/>
</kw>
<kw name="Run Keyword If" owner="BuiltIn">
<arg>${passed}</arg>
<arg>Click Element</arg>
<arg>(//div[@class="d-flex align-center justify-space-between flex-wrap v-card v-card--flat v-sheet theme--light"]/button)[1]</arg>
<doc>Runs the given keyword with the given arguments, if ``condition`` is true.</doc>
<status status="PASS" start="2024-04-10T12:59:58.561816" elapsed="0.000000"/>
</kw>
<status status="PASS" start="2024-04-10T12:59:48.324818" elapsed="10.236998"/>
</kw>
<kw name="Sleep" owner="BuiltIn">
<msg time="2024-04-10T13:00:08.562194" level="INFO">Slept 10 seconds.</msg>
<arg>10s</arg>
<doc>Pauses the test executed for the given time.</doc>
<status status="PASS" start="2024-04-10T12:59:58.561816" elapsed="10.000378"/>
</kw>
<kw name="Run Keyword And Return Status" owner="BuiltIn">
<kw name="Wait Until Element Is Enabled" owner="SeleniumLibrary">
<msg time="2024-04-10T13:00:23.807048" level="INFO" html="true">&lt;/td&gt;&lt;/tr&gt;&lt;tr&gt;&lt;td colspan="3"&gt;&lt;a href="selenium-screenshot-3.png"&gt;&lt;img src="selenium-screenshot-3.png" width="800px"&gt;&lt;/a&gt;</msg>
<msg time="2024-04-10T13:00:23.807048" level="FAIL">Element with locator '//button[contains(@class,"text-capitalize")]/span[contains(text(),"Start Filling")]' not found.</msg>
<arg>//button[contains(@class,"text-capitalize")]/span[contains(text(),"Start Filling")]</arg>
<arg>15s</arg>
<doc>Waits until the element ``locator`` is enabled.</doc>
<status status="FAIL" start="2024-04-10T13:00:08.563509" elapsed="15.244539">Element with locator '//button[contains(@class,"text-capitalize")]/span[contains(text(),"Start Filling")]' not found.</status>
</kw>
<msg time="2024-04-10T13:00:23.809049" level="INFO">${passed} = False</msg>
<var>${passed}</var>
<arg>Wait Until Element Is Enabled</arg>
<arg>//button[contains(@class,"text-capitalize")]/span[contains(text(),"Start Filling")]</arg>
<arg>15s</arg>
<doc>Runs the given keyword with given arguments and returns the status as a Boolean value.</doc>
<status status="PASS" start="2024-04-10T13:00:08.562194" elapsed="15.246855"/>
</kw>
<kw name="Run Keyword If" owner="BuiltIn">
<arg>${passed}</arg>
<arg>Click Element</arg>
<arg>//button[contains(@class,"text-capitalize")]/span[contains(text(),"Start Filling")]</arg>
<arg>Remove Files</arg>
<arg>../../Test suite/Form1042/1042Screenshot/*.png</arg>
<doc>Runs the given keyword with the given arguments, if ``condition`` is true.</doc>
<status status="PASS" start="2024-04-10T13:00:23.809049" elapsed="0.001001"/>
</kw>
<status status="PASS" start="2024-04-10T12:58:56.383876" elapsed="87.426174"/>
</test>
<test id="s1-t2" name="GenerateReturn-Form1042" line="37">
<kw name="ProcessReturn-Form1042" owner="1042">
<kw name="Locators_1042" owner="Form1042Locators">
<kw name="Parse Xml" owner="XML">
<msg time="2024-04-10T13:00:23.815051" level="INFO">${xml} = &lt;Element 'OR' at 0x00000289C67FD9E0&gt;</msg>
<var>${xml}</var>
<arg>../../Object Repository/1042.xml</arg>
<doc>Parses the given XML file or string into an element structure.</doc>
<status status="PASS" start="2024-04-10T13:00:23.814050" elapsed="0.001001"/>
</kw>
<kw name="Get Environment Variable" owner="OperatingSystem">
<msg time="2024-04-10T13:00:23.815051" level="INFO">${logid} = Log_20240410125856</msg>
<var>${logid}</var>
<arg>logid</arg>
<doc>Returns the value of an environment variable with the given name.</doc>
<status status="PASS" start="2024-04-10T13:00:23.815051" elapsed="0.000000"/>
</kw>
<kw name="Get Element Text" owner="XML">
<msg time="2024-04-10T13:00:23.816053" level="INFO">${OChapter3SC} = //div[@class="v-list-item__title" and contains(text(),"02 U.S. Withholding Agent  Other")]</msg>
<var>${OChapter3SC}</var>
<arg>${xml}</arg>
<arg>Chapter3SC</arg>
<doc>Returns all text of the element, possibly whitespace normalized.</doc>
<status status="PASS" start="2024-04-10T13:00:23.815051" elapsed="0.001002"/>
</kw>
<kw name="Get Element Text" owner="XML">
<msg time="2024-04-10T13:00:23.816053" level="INFO">${OWithholdingAgentName} = (//label[@class="v-label v-field-label"])[1]/following-sibling::input</msg>
<var>${OWithholdingAgentName}</var>
<arg>${xml}</arg>
<arg>WithholdingAgentName</arg>
<doc>Returns all text of the element, possibly whitespace normalized.</doc>
<status status="PASS" start="2024-04-10T13:00:23.816053" elapsed="0.000000"/>
</kw>
<kw name="Get Element Text" owner="XML">
<msg time="2024-04-10T13:00:23.817066" level="INFO">${OWithholdingAgentEIN} = (//label[@class="v-label v-field-label"])[2]/following-sibling::input</msg>
<var>${OWithholdingAgentEIN}</var>
<arg>${xml}</arg>
<arg>OWithholdingAgentEIN</arg>
<doc>Returns all text of the element, possibly whitespace normalized.</doc>
<status status="PASS" start="2024-04-10T13:00:23.816053" elapsed="0.001013"/>
</kw>
<kw name="Get Element Text" owner="XML">
<msg time="2024-04-10T13:00:23.817066" level="INFO">${OEIN} = (//label[@class="v-label v-label--clickable"])[1]</msg>
<var>${OEIN}</var>
<arg>${xml}</arg>
<arg>EIN</arg>
<doc>Returns all text of the element, possibly whitespace normalized.</doc>
<status status="PASS" start="2024-04-10T13:00:23.817066" elapsed="0.000000"/>
</kw>
<kw name="Get Element Text" owner="XML">
<msg time="2024-04-10T13:00:23.817066" level="INFO">${OQI-EIN} = (//label[@class="v-label v-label--clickable"])[2]</msg>
<var>${OQI-EIN}</var>
<arg>${xml}</arg>
<arg>QI-EIN</arg>
<doc>Returns all text of the element, possibly whitespace normalized.</doc>
<status status="PASS" start="2024-04-10T13:00:23.817066" elapsed="0.000000"/>
</kw>
<kw name="Get Element Text" owner="XML">
<msg time="2024-04-10T13:00:23.818050" level="INFO">${OWP-EIN} = (//label[@class="v-label v-label--clickable"])[3]</msg>
<var>${OWP-EIN}</var>
<arg>${xml}</arg>
<arg>WP-EIN</arg>
<doc>Returns all text of the element, possibly whitespace normalized.</doc>
<status status="PASS" start="2024-04-10T13:00:23.817066" elapsed="0.000984"/>
</kw>
<kw name="Get Element Text" owner="XML">
<msg time="2024-04-10T13:00:23.818050" level="INFO">${OWT-EIN} = (//label[@class="v-label v-label--clickable"])[4]</msg>
<var>${OWT-EIN}</var>
<arg>${xml}</arg>
<arg>WT-EIN</arg>
<doc>Returns all text of the element, possibly whitespace normalized.</doc>
<status status="PASS" start="2024-04-10T13:00:23.818050" elapsed="0.000000"/>
</kw>
<kw name="Get Element Text" owner="XML">
<msg time="2024-04-10T13:00:23.818050" level="INFO">${ONQI-EIN} = (//label[@class="v-label v-label--clickable"])[5]</msg>
<var>${ONQI-EIN}</var>
<arg>${xml}</arg>
<arg>NQI-EIN</arg>
<doc>Returns all text of the element, possibly whitespace normalized.</doc>
<status status="PASS" start="2024-04-10T13:00:23.818050" elapsed="0.000000"/>
</kw>
<kw name="Get Element Text" owner="XML">
<msg time="2024-04-10T13:00:23.819051" level="INFO">${OIsForeignAddr} = (//label[@class="v-label v-label--clickable"])[6]</msg>
<var>${OIsForeignAddr}</var>
<arg>${xml}</arg>
<arg>IsForeignAddr</arg>
<doc>Returns all text of the element, possibly whitespace normalized.</doc>
<status status="PASS" start="2024-04-10T13:00:23.819051" elapsed="0.000000"/>
</kw>
<kw name="Get Element Text" owner="XML">
<msg time="2024-04-10T13:00:23.819051" level="INFO">${OWHAddress1} = (//label[@class="v-label v-field-label"])[3]/following-sibling::input</msg>
<var>${OWHAddress1}</var>
<arg>${xml}</arg>
<arg>WHAddress1</arg>
<doc>Returns all text of the element, possibly whitespace normalized.</doc>
<status status="PASS" start="2024-04-10T13:00:23.819051" elapsed="0.000509"/>
</kw>
<kw name="Get Element Text" owner="XML">
<msg time="2024-04-10T13:00:23.819560" level="INFO">${OWHAddress2} = (//label[@class="v-label v-field-label"])[4]/following-sibling::input</msg>
<var>${OWHAddress2}</var>
<arg>${xml}</arg>
<arg>WHAddress2</arg>
<doc>Returns all text of the element, possibly whitespace normalized.</doc>
<status status="PASS" start="2024-04-10T13:00:23.819560" elapsed="0.000000"/>
</kw>
<kw name="Get Element Text" owner="XML">
<msg time="2024-04-10T13:00:23.819560" level="INFO">${OWHCity} = (//label[@class="v-label v-field-label"])[5]/following-sibling::input</msg>
<var>${OWHCity}</var>
<arg>${xml}</arg>
<arg>WHCity</arg>
<doc>Returns all text of the element, possibly whitespace normalized.</doc>
<status status="PASS" start="2024-04-10T13:00:23.819560" elapsed="0.000000"/>
</kw>
<kw name="Get Element Text" owner="XML">
<msg time="2024-04-10T13:00:23.819560" level="INFO">${OWHState} = (//div[@class="v-field__input"])[1]</msg>
<var>${OWHState}</var>
<arg>${xml}</arg>
<arg>WHState</arg>
<doc>Returns all text of the element, possibly whitespace normalized.</doc>
<status status="PASS" start="2024-04-10T13:00:23.819560" elapsed="0.000000"/>
</kw>
<kw name="Get Element Text" owner="XML">
<msg time="2024-04-10T13:00:23.820571" level="INFO">${OWHCountry} = (//div[@class="v-field__input"])[1]</msg>
<var>${OWHCountry}</var>
<arg>${xml}</arg>
<arg>WHCountry</arg>
<doc>Returns all text of the element, possibly whitespace normalized.</doc>
<status status="PASS" start="2024-04-10T13:00:23.820571" elapsed="0.000000"/>
</kw>
<kw name="Get Element Text" owner="XML">
<msg time="2024-04-10T13:00:23.820571" level="INFO">${OWHZipCode} = (//label[@class="v-label v-field-label"])[7]/following-sibling::input</msg>
<var>${OWHZipCode}</var>
<arg>${xml}</arg>
<arg>WHZipCode</arg>
<doc>Returns all text of the element, possibly whitespace normalized.</doc>
<status status="PASS" start="2024-04-10T13:00:23.820571" elapsed="0.000000"/>
</kw>
<kw name="Get Element Text" owner="XML">
<msg time="2024-04-10T13:00:23.820571" level="INFO">${OWHPostalCode} = (//label[@class="v-label v-field-label"])[8]/following-sibling::input</msg>
<var>${OWHPostalCode}</var>
<arg>${xml}</arg>
<arg>WHPostalCode</arg>
<doc>Returns all text of the element, possibly whitespace normalized.</doc>
<status status="PASS" start="2024-04-10T13:00:23.820571" elapsed="0.000000"/>
</kw>
<kw name="Get Element Text" owner="XML">
<msg time="2024-04-10T13:00:23.821571" level="INFO">${OWHContactName} = (//label[@class="v-label v-field-label"])[8]/following-sibling::input</msg>
<var>${OWHContactName}</var>
<arg>${xml}</arg>
<arg>WHContactName</arg>
<doc>Returns all text of the element, possibly whitespace normalized.</doc>
<status status="PASS" start="2024-04-10T13:00:23.821571" elapsed="0.000000"/>
</kw>
<kw name="Get Element Text" owner="XML">
<msg time="2024-04-10T13:00:23.821571" level="INFO">${OWHEmail} = (//label[@class="v-label v-field-label"])[9]/following-sibling::input</msg>
<var>${OWHEmail}</var>
<arg>${xml}</arg>
<arg>WHEmail</arg>
<doc>Returns all text of the element, possibly whitespace normalized.</doc>
<status status="PASS" start="2024-04-10T13:00:23.821571" elapsed="0.000000"/>
</kw>
<kw name="Get Element Text" owner="XML">
<msg time="2024-04-10T13:00:23.821571" level="INFO">${OWHPhone} = (//label[@class="v-label v-field-label"])[10]/following-sibling::input</msg>
<var>${OWHPhone}</var>
<arg>${xml}</arg>
<arg>WHPhone</arg>
<doc>Returns all text of the element, possibly whitespace normalized.</doc>
<status status="PASS" start="2024-04-10T13:00:23.821571" elapsed="0.000000"/>
</kw>
<kw name="Get Element Text" owner="XML">
<msg time="2024-04-10T13:00:23.822571" level="INFO">${OWHFax} = (//label[@class="v-label v-field-label"])[11]/following-sibling::input</msg>
<var>${OWHFax}</var>
<arg>${xml}</arg>
<arg>WHFax</arg>
<doc>Returns all text of the element, possibly whitespace normalized.</doc>
<status status="PASS" start="2024-04-10T13:00:23.822571" elapsed="0.000000"/>
</kw>
<kw name="Get Element Text" owner="XML">
<msg time="2024-04-10T13:00:23.823572" level="INFO">${OWHSignatoryName} = (//label[@class="v-label v-field-label"])[12]/following-sibling::input</msg>
<var>${OWHSignatoryName}</var>
<arg>${xml}</arg>
<arg>WHSignatoryName</arg>
<doc>Returns all text of the element, possibly whitespace normalized.</doc>
<status status="PASS" start="2024-04-10T13:00:23.822571" elapsed="0.001001"/>
</kw>
<kw name="Get Element Text" owner="XML">
<msg time="2024-04-10T13:00:23.823572" level="INFO">${OWHTitle} = (//label[@class="v-label v-field-label"])[13]/following-sibling::input</msg>
<var>${OWHTitle}</var>
<arg>${xml}</arg>
<arg>WHTitle</arg>
<doc>Returns all text of the element, possibly whitespace normalized.</doc>
<status status="PASS" start="2024-04-10T13:00:23.823572" elapsed="0.000000"/>
</kw>
<kw name="Get Element Text" owner="XML">
<msg time="2024-04-10T13:00:23.824571" level="INFO">${OWHDaytimePhone} = (//label[@class="v-label v-field-label"])[14]/following-sibling::input</msg>
<var>${OWHDaytimePhone}</var>
<arg>${xml}</arg>
<arg>WHDaytimePhone</arg>
<doc>Returns all text of the element, possibly whitespace normalized.</doc>
<status status="PASS" start="2024-04-10T13:00:23.823572" elapsed="0.000999"/>
</kw>
<kw name="Get Element Text" owner="XML">
<msg time="2024-04-10T13:00:23.824571" level="INFO">${OWHContactNameF} = (//label[@class="v-label v-field-label"])[9]/following-sibling::input</msg>
<var>${OWHContactNameF}</var>
<arg>${xml}</arg>
<arg>WHContactNameF</arg>
<doc>Returns all text of the element, possibly whitespace normalized.</doc>
<status status="PASS" start="2024-04-10T13:00:23.824571" elapsed="0.000000"/>
</kw>
<kw name="Get Element Text" owner="XML">
<msg time="2024-04-10T13:00:23.824571" level="INFO">${OWHEmailF} = (//label[@class="v-label v-field-label"])[10]/following-sibling::input</msg>
<var>${OWHEmailF}</var>
<arg>${xml}</arg>
<arg>WHEmailF</arg>
<doc>Returns all text of the element, possibly whitespace normalized.</doc>
<status status="PASS" start="2024-04-10T13:00:23.824571" elapsed="0.000000"/>
</kw>
<kw name="Get Element Text" owner="XML">
<msg time="2024-04-10T13:00:23.825571" level="INFO">${OWHPhoneF} = (//label[@class="v-label v-field-label"])[11]/following-sibling::input</msg>
<var>${OWHPhoneF}</var>
<arg>${xml}</arg>
<arg>WHPhoneF</arg>
<doc>Returns all text of the element, possibly whitespace normalized.</doc>
<status status="PASS" start="2024-04-10T13:00:23.824571" elapsed="0.001000"/>
</kw>
<kw name="Get Element Text" owner="XML">
<msg time="2024-04-10T13:00:23.825571" level="INFO">${OWHFaxF} = (//label[@class="v-label v-field-label"])[12]/following-sibling::input</msg>
<var>${OWHFaxF}</var>
<arg>${xml}</arg>
<arg>WHFaxF</arg>
<doc>Returns all text of the element, possibly whitespace normalized.</doc>
<status status="PASS" start="2024-04-10T13:00:23.825571" elapsed="0.000000"/>
</kw>
<kw name="Get Element Text" owner="XML">
<msg time="2024-04-10T13:00:23.825571" level="INFO">${OWHSignatoryNameF} = (//label[@class="v-label v-field-label"])[13]/following-sibling::input</msg>
<var>${OWHSignatoryNameF}</var>
<arg>${xml}</arg>
<arg>WHSignatoryNameF</arg>
<doc>Returns all text of the element, possibly whitespace normalized.</doc>
<status status="PASS" start="2024-04-10T13:00:23.825571" elapsed="0.000000"/>
</kw>
<kw name="Get Element Text" owner="XML">
<msg time="2024-04-10T13:00:23.826571" level="INFO">${OWHTitleF} = (//label[@class="v-label v-field-label"])[14]/following-sibling::input</msg>
<var>${OWHTitleF}</var>
<arg>${xml}</arg>
<arg>WHTitleF</arg>
<doc>Returns all text of the element, possibly whitespace normalized.</doc>
<status status="PASS" start="2024-04-10T13:00:23.825571" elapsed="0.001000"/>
</kw>
<kw name="Get Element Text" owner="XML">
<msg time="2024-04-10T13:00:23.826571" level="INFO">${OWHDaytimePhoneF} = (//label[@class="v-label v-field-label"])[15]/following-sibling::input</msg>
<var>${OWHDaytimePhoneF}</var>
<arg>${xml}</arg>
<arg>WHDaytimePhoneF</arg>
<doc>Returns all text of the element, possibly whitespace normalized.</doc>
<status status="PASS" start="2024-04-10T13:00:23.826571" elapsed="0.000000"/>
</kw>
<kw name="Get Element Text" owner="XML">
<msg time="2024-04-10T13:00:23.826571" level="INFO">${OJan7} = (//td[contains(text(),"Jan.")])[1]/..//following-sibling::div/div[4]/label/following-sibling::input</msg>
<var>${OJan7}</var>
<arg>${xml}</arg>
<arg>Jan07</arg>
<doc>Returns all text of the element, possibly whitespace normalized.</doc>
<status status="PASS" start="2024-04-10T13:00:23.826571" elapsed="0.000000"/>
</kw>
<kw name="Get Element Text" owner="XML">
<msg time="2024-04-10T13:00:23.827571" level="INFO">${OJan15} = (//tbody/tr/td[contains(text()," Jan. ")])[1]/../following-sibling::tr[1]/td[3]/div/div/div/div/label/following-sibling::input</msg>
<var>${OJan15}</var>
<arg>${xml}</arg>
<arg>Jan15</arg>
<doc>Returns all text of the element, possibly whitespace normalized.</doc>
<status status="PASS" start="2024-04-10T13:00:23.826571" elapsed="0.001000"/>
</kw>
<kw name="Get Element Text" owner="XML">
<msg time="2024-04-10T13:00:23.827571" level="INFO">${OJan22} = (//tbody/tr/td[contains(text()," Jan. ")])[1]/../following-sibling::tr[2]/td[3]/div/div/div/div/label/following-sibling::input</msg>
<var>${OJan22}</var>
<arg>${xml}</arg>
<arg>Jan22</arg>
<doc>Returns all text of the element, possibly whitespace normalized.</doc>
<status status="PASS" start="2024-04-10T13:00:23.827571" elapsed="0.000000"/>
</kw>
<kw name="Get Element Text" owner="XML">
<msg time="2024-04-10T13:00:23.827571" level="INFO">${OJan31} = (//tbody/tr/td[contains(text()," Jan. ")])[1]/../following-sibling::tr[3]/td[3]/div/div/div/div/label/following-sibling::input</msg>
<var>${OJan31}</var>
<arg>${xml}</arg>
<arg>Jan31</arg>
<doc>Returns all text of the element, possibly whitespace normalized.</doc>
<status status="PASS" start="2024-04-10T13:00:23.827571" elapsed="0.000000"/>
</kw>
<kw name="Get Element Text" owner="XML">
<msg time="2024-04-10T13:00:23.828571" level="INFO">${OJanTotal} = ((//td[contains(text()," Jan. total ")])[1]/following-sibling::td/descendant::div)[12]/label/following-sibling::input</msg>
<var>${OJanTotal}</var>
<arg>${xml}</arg>
<arg>JanTotal</arg>
<doc>Returns all text of the element, possibly whitespace normalized.</doc>
<status status="PASS" start="2024-04-10T13:00:23.827571" elapsed="0.001000"/>
</kw>
<kw name="Get Element Text" owner="XML">
<msg time="2024-04-10T13:00:23.828571" level="INFO">${OFeb07} = (//td[contains(text(),"Feb.")])[1]/..//following-sibling::div/div[4]/label/following-sibling::input</msg>
<var>${OFeb07}</var>
<arg>${xml}</arg>
<arg>Feb07</arg>
<doc>Returns all text of the element, possibly whitespace normalized.</doc>
<status status="PASS" start="2024-04-10T13:00:23.828571" elapsed="0.000000"/>
</kw>
<kw name="Get Element Text" owner="XML">
<msg time="2024-04-10T13:00:23.828571" level="INFO">${OFeb15} = (//tbody/tr/td[contains(text()," Feb. ")])[1]/../following-sibling::tr[1]/td[3]/div/div/div/div/label/following-sibling::input</msg>
<var>${OFeb15}</var>
<arg>${xml}</arg>
<arg>Feb15</arg>
<doc>Returns all text of the element, possibly whitespace normalized.</doc>
<status status="PASS" start="2024-04-10T13:00:23.828571" elapsed="0.000000"/>
</kw>
<kw name="Get Element Text" owner="XML">
<msg time="2024-04-10T13:00:23.829571" level="INFO">${OFeb22} = (//tbody/tr/td[contains(text()," Feb. ")])[1]/../following-sibling::tr[2]/td[3]/div/div/div/div/label/following-sibling::input</msg>
<var>${OFeb22}</var>
<arg>${xml}</arg>
<arg>Feb22</arg>
<doc>Returns all text of the element, possibly whitespace normalized.</doc>
<status status="PASS" start="2024-04-10T13:00:23.828571" elapsed="0.001000"/>
</kw>
<kw name="Get Element Text" owner="XML">
<msg time="2024-04-10T13:00:23.829571" level="INFO">${OFeb28} = (//tbody/tr/td[contains(text()," Feb. ")])[1]/../following-sibling::tr[3]/td[3]/div/div/div/div/label/following-sibling::input</msg>
<var>${OFeb28}</var>
<arg>${xml}</arg>
<arg>Feb28</arg>
<doc>Returns all text of the element, possibly whitespace normalized.</doc>
<status status="PASS" start="2024-04-10T13:00:23.829571" elapsed="0.000000"/>
</kw>
<kw name="Get Element Text" owner="XML">
<msg time="2024-04-10T13:00:23.829571" level="INFO">${OFebTotal} = ((//td[contains(text()," Feb. total ")])[1]/following-sibling::td/descendant::div)[12]/label/following-sibling::input</msg>
<var>${OFebTotal}</var>
<arg>${xml}</arg>
<arg>FebTotal</arg>
<doc>Returns all text of the element, possibly whitespace normalized.</doc>
<status status="PASS" start="2024-04-10T13:00:23.829571" elapsed="0.000000"/>
</kw>
<kw name="Get Element Text" owner="XML">
<msg time="2024-04-10T13:00:23.829571" level="INFO">${OMar07} = (//td[contains(text(),"Mar.")])[1]/..//following-sibling::div/div[4]/label/following-sibling::input</msg>
<var>${OMar07}</var>
<arg>${xml}</arg>
<arg>Mar07</arg>
<doc>Returns all text of the element, possibly whitespace normalized.</doc>
<status status="PASS" start="2024-04-10T13:00:23.829571" elapsed="0.000000"/>
</kw>
<kw name="Get Element Text" owner="XML">
<msg time="2024-04-10T13:00:23.830571" level="INFO">${OMar15} = (//tbody/tr/td[contains(text()," Mar. ")])[1]/../following-sibling::tr[1]/td[3]/div/div/div/div/label/following-sibling::input</msg>
<var>${OMar15}</var>
<arg>${xml}</arg>
<arg>Mar15</arg>
<doc>Returns all text of the element, possibly whitespace normalized.</doc>
<status status="PASS" start="2024-04-10T13:00:23.830571" elapsed="0.000000"/>
</kw>
<kw name="Get Element Text" owner="XML">
<msg time="2024-04-10T13:00:23.830571" level="INFO">${OMar22} = (//tbody/tr/td[contains(text()," Mar. ")])[1]/../following-sibling::tr[2]/td[3]/div/div/div/div/label/following-sibling::input</msg>
<var>${OMar22}</var>
<arg>${xml}</arg>
<arg>Mar22</arg>
<doc>Returns all text of the element, possibly whitespace normalized.</doc>
<status status="PASS" start="2024-04-10T13:00:23.830571" elapsed="0.000000"/>
</kw>
<kw name="Get Element Text" owner="XML">
<msg time="2024-04-10T13:00:23.831790" level="INFO">${OMar31} = (//tbody/tr/td[contains(text()," Mar. ")])[1]/../following-sibling::tr[3]/td[3]/div/div/div/div/label/following-sibling::input</msg>
<var>${OMar31}</var>
<arg>${xml}</arg>
<arg>Mar31</arg>
<doc>Returns all text of the element, possibly whitespace normalized.</doc>
<status status="PASS" start="2024-04-10T13:00:23.830571" elapsed="0.001219"/>
</kw>
<kw name="Get Element Text" owner="XML">
<msg time="2024-04-10T13:00:23.832301" level="INFO">${OMarTotal} = ((//td[contains(text()," Mar. total ")])[1]/following-sibling::td/descendant::div)[12]/label/following-sibling::input</msg>
<var>${OMarTotal}</var>
<arg>${xml}</arg>
<arg>MarTotal</arg>
<doc>Returns all text of the element, possibly whitespace normalized.</doc>
<status status="PASS" start="2024-04-10T13:00:23.831790" elapsed="0.000511"/>
</kw>
<kw name="Get Element Text" owner="XML">
<msg time="2024-04-10T13:00:23.832301" level="INFO">${OApr07} = (//td[contains(text(),"Apr.")])[1]/..//following-sibling::div/div[4]/label/following-sibling::input</msg>
<var>${OApr07}</var>
<arg>${xml}</arg>
<arg>Apr07</arg>
<doc>Returns all text of the element, possibly whitespace normalized.</doc>
<status status="PASS" start="2024-04-10T13:00:23.832301" elapsed="0.000000"/>
</kw>
<kw name="Get Element Text" owner="XML">
<msg time="2024-04-10T13:00:23.832301" level="INFO">${OApr15} = (//tbody/tr/td[contains(text()," Apr. ")])[1]/../following-sibling::tr[1]/td[3]/div/div/div/div/label/following-sibling::input</msg>
<var>${OApr15}</var>
<arg>${xml}</arg>
<arg>Apr15</arg>
<doc>Returns all text of the element, possibly whitespace normalized.</doc>
<status status="PASS" start="2024-04-10T13:00:23.832301" elapsed="0.000000"/>
</kw>
<kw name="Get Element Text" owner="XML">
<msg time="2024-04-10T13:00:23.833315" level="INFO">${OApr22} = (//tbody/tr/td[contains(text()," Apr. ")])[1]/../following-sibling::tr[2]/td[3]/div/div/div/div/label/following-sibling::input</msg>
<var>${OApr22}</var>
<arg>${xml}</arg>
<arg>Apr22</arg>
<doc>Returns all text of the element, possibly whitespace normalized.</doc>
<status status="PASS" start="2024-04-10T13:00:23.832301" elapsed="0.001014"/>
</kw>
<kw name="Get Element Text" owner="XML">
<msg time="2024-04-10T13:00:23.833315" level="INFO">${OApr30} = (//tbody/tr/td[contains(text()," Apr. ")])[1]/../following-sibling::tr[3]/td[3]/div/div/div/div/label/following-sibling::input</msg>
<var>${OApr30}</var>
<arg>${xml}</arg>
<arg>Apr30</arg>
<doc>Returns all text of the element, possibly whitespace normalized.</doc>
<status status="PASS" start="2024-04-10T13:00:23.833315" elapsed="0.000000"/>
</kw>
<kw name="Get Element Text" owner="XML">
<msg time="2024-04-10T13:00:23.833315" level="INFO">${OAprTotal} = ((//td[contains(text()," Apr. total ")])[1]/following-sibling::td/descendant::div)[12]/label/following-sibling::input</msg>
<var>${OAprTotal}</var>
<arg>${xml}</arg>
<arg>AprTotal</arg>
<doc>Returns all text of the element, possibly whitespace normalized.</doc>
<status status="PASS" start="2024-04-10T13:00:23.833315" elapsed="0.000000"/>
</kw>
<kw name="Get Element Text" owner="XML">
<msg time="2024-04-10T13:00:23.834346" level="INFO">${OMay07} = (//td[contains(text(),"May")])[1]/..//following-sibling::div/div[4]/label/following-sibling::input</msg>
<var>${OMay07}</var>
<arg>${xml}</arg>
<arg>May07</arg>
<doc>Returns all text of the element, possibly whitespace normalized.</doc>
<status status="PASS" start="2024-04-10T13:00:23.833315" elapsed="0.001031"/>
</kw>
<kw name="Get Element Text" owner="XML">
<msg time="2024-04-10T13:00:23.834346" level="INFO">${OMay15} = (//tbody/tr/td[contains(text()," May ")])[1]/../following-sibling::tr[1]/td[3]/div/div/div/div/label/following-sibling::input</msg>
<var>${OMay15}</var>
<arg>${xml}</arg>
<arg>May15</arg>
<doc>Returns all text of the element, possibly whitespace normalized.</doc>
<status status="PASS" start="2024-04-10T13:00:23.834346" elapsed="0.000000"/>
</kw>
<kw name="Get Element Text" owner="XML">
<msg time="2024-04-10T13:00:23.834856" level="INFO">${OMay22} = (//tbody/tr/td[contains(text()," May ")])[1]/../following-sibling::tr[2]/td[3]/div/div/div/div/label/following-sibling::input</msg>
<var>${OMay22}</var>
<arg>${xml}</arg>
<arg>May22</arg>
<doc>Returns all text of the element, possibly whitespace normalized.</doc>
<status status="PASS" start="2024-04-10T13:00:23.834856" elapsed="0.000000"/>
</kw>
<kw name="Get Element Text" owner="XML">
<msg time="2024-04-10T13:00:23.834856" level="INFO">${OMay31} = (//tbody/tr/td[contains(text()," May ")])[1]/../following-sibling::tr[3]/td[3]/div/div/div/div/label/following-sibling::input</msg>
<var>${OMay31}</var>
<arg>${xml}</arg>
<arg>May31</arg>
<doc>Returns all text of the element, possibly whitespace normalized.</doc>
<status status="PASS" start="2024-04-10T13:00:23.834856" elapsed="0.000000"/>
</kw>
<kw name="Get Element Text" owner="XML">
<msg time="2024-04-10T13:00:23.834856" level="INFO">${OMayTotal} = ((//td[contains(text()," May total ")])[1]/following-sibling::td/descendant::div)[12]/label/following-sibling::input</msg>
<var>${OMayTotal}</var>
<arg>${xml}</arg>
<arg>MayTotal</arg>
<doc>Returns all text of the element, possibly whitespace normalized.</doc>
<status status="PASS" start="2024-04-10T13:00:23.834856" elapsed="0.000000"/>
</kw>
<kw name="Get Element Text" owner="XML">
<msg time="2024-04-10T13:00:23.835869" level="INFO">${OJune07} = (//td[contains(text(),"June")])[1]/..//following-sibling::div/div[4]/label/following-sibling::input</msg>
<var>${OJune07}</var>
<arg>${xml}</arg>
<arg>June07</arg>
<doc>Returns all text of the element, possibly whitespace normalized.</doc>
<status status="PASS" start="2024-04-10T13:00:23.834856" elapsed="0.001013"/>
</kw>
<kw name="Get Element Text" owner="XML">
<msg time="2024-04-10T13:00:23.835869" level="INFO">${OJune15} = (//tbody/tr/td[contains(text()," June ")])[1]/../following-sibling::tr[1]/td[3]/div/div/div/div/label/following-sibling::input</msg>
<var>${OJune15}</var>
<arg>${xml}</arg>
<arg>June15</arg>
<doc>Returns all text of the element, possibly whitespace normalized.</doc>
<status status="PASS" start="2024-04-10T13:00:23.835869" elapsed="0.000000"/>
</kw>
<kw name="Get Element Text" owner="XML">
<msg time="2024-04-10T13:00:23.835869" level="INFO">${OJune22} = (//tbody/tr/td[contains(text()," June ")])[1]/../following-sibling::tr[2]/td[3]/div/div/div/div/label/following-sibling::input</msg>
<var>${OJune22}</var>
<arg>${xml}</arg>
<arg>June22</arg>
<doc>Returns all text of the element, possibly whitespace normalized.</doc>
<status status="PASS" start="2024-04-10T13:00:23.835869" elapsed="0.000000"/>
</kw>
<kw name="Get Element Text" owner="XML">
<msg time="2024-04-10T13:00:23.836867" level="INFO">${OJune30} = (//tbody/tr/td[contains(text()," June ")])[1]/../following-sibling::tr[3]/td[3]/div/div/div/div/label/following-sibling::input</msg>
<var>${OJune30}</var>
<arg>${xml}</arg>
<arg>June30</arg>
<doc>Returns all text of the element, possibly whitespace normalized.</doc>
<status status="PASS" start="2024-04-10T13:00:23.835869" elapsed="0.000998"/>
</kw>
<kw name="Get Element Text" owner="XML">
<msg time="2024-04-10T13:00:23.836867" level="INFO">${OJuneTotal} = ((//td[contains(text()," June total ")])[1]/following-sibling::td/descendant::div)[12]/label/following-sibling::input</msg>
<var>${OJuneTotal}</var>
<arg>${xml}</arg>
<arg>JuneTotal</arg>
<doc>Returns all text of the element, possibly whitespace normalized.</doc>
<status status="PASS" start="2024-04-10T13:00:23.836867" elapsed="0.000000"/>
</kw>
<kw name="Get Element Text" owner="XML">
<msg time="2024-04-10T13:00:23.836867" level="INFO">${OJuly07} = (//td[contains(text(),"July")])[1]/..//following-sibling::div/div[4]/label/following-sibling::input</msg>
<var>${OJuly07}</var>
<arg>${xml}</arg>
<arg>July07</arg>
<doc>Returns all text of the element, possibly whitespace normalized.</doc>
<status status="PASS" start="2024-04-10T13:00:23.836867" elapsed="0.000000"/>
</kw>
<kw name="Get Element Text" owner="XML">
<msg time="2024-04-10T13:00:23.837872" level="INFO">${OJuly15} = (//tbody/tr/td[contains(text()," July ")])[1]/../following-sibling::tr[1]/td[3]/div/div/div/div/label/following-sibling::input</msg>
<var>${OJuly15}</var>
<arg>${xml}</arg>
<arg>July15</arg>
<doc>Returns all text of the element, possibly whitespace normalized.</doc>
<status status="PASS" start="2024-04-10T13:00:23.836867" elapsed="0.001005"/>
</kw>
<kw name="Get Element Text" owner="XML">
<msg time="2024-04-10T13:00:23.837872" level="INFO">${OJuly22} = (//tbody/tr/td[contains(text()," July ")])[1]/../following-sibling::tr[2]/td[3]/div/div/div/div/label/following-sibling::input</msg>
<var>${OJuly22}</var>
<arg>${xml}</arg>
<arg>July22</arg>
<doc>Returns all text of the element, possibly whitespace normalized.</doc>
<status status="PASS" start="2024-04-10T13:00:23.837872" elapsed="0.000000"/>
</kw>
<kw name="Get Element Text" owner="XML">
<msg time="2024-04-10T13:00:23.838868" level="INFO">${OJuly31} = (//tbody/tr/td[contains(text()," July ")])[1]/../following-sibling::tr[3]/td[3]/div/div/div/div/label/following-sibling::input</msg>
<var>${OJuly31}</var>
<arg>${xml}</arg>
<arg>July31</arg>
<doc>Returns all text of the element, possibly whitespace normalized.</doc>
<status status="PASS" start="2024-04-10T13:00:23.837872" elapsed="0.000996"/>
</kw>
<kw name="Get Element Text" owner="XML">
<msg time="2024-04-10T13:00:23.838868" level="INFO">${OJulyTotal} = ((//td[contains(text()," July total ")])[1]/following-sibling::td/descendant::div)[12]/label/following-sibling::input</msg>
<var>${OJulyTotal}</var>
<arg>${xml}</arg>
<arg>JulyTotal</arg>
<doc>Returns all text of the element, possibly whitespace normalized.</doc>
<status status="PASS" start="2024-04-10T13:00:23.838868" elapsed="0.000000"/>
</kw>
<kw name="Get Element Text" owner="XML">
<msg time="2024-04-10T13:00:23.839869" level="INFO">${OAug07} = (//td[contains(text(),"Aug.")])[1]/..//following-sibling::div/div[4]/label/following-sibling::input</msg>
<var>${OAug07}</var>
<arg>${xml}</arg>
<arg>Aug07</arg>
<doc>Returns all text of the element, possibly whitespace normalized.</doc>
<status status="PASS" start="2024-04-10T13:00:23.838868" elapsed="0.001001"/>
</kw>
<kw name="Get Element Text" owner="XML">
<msg time="2024-04-10T13:00:23.839869" level="INFO">${OAug15} = (//tbody/tr/td[contains(text()," Aug. ")])[1]/../following-sibling::tr[1]/td[3]/div/div/div/div/label/following-sibling::input</msg>
<var>${OAug15}</var>
<arg>${xml}</arg>
<arg>Aug15</arg>
<doc>Returns all text of the element, possibly whitespace normalized.</doc>
<status status="PASS" start="2024-04-10T13:00:23.839869" elapsed="0.000000"/>
</kw>
<kw name="Get Element Text" owner="XML">
<msg time="2024-04-10T13:00:23.840383" level="INFO">${OAug22} = (//tbody/tr/td[contains(text()," Aug. ")])[1]/../following-sibling::tr[2]/td[3]/div/div/div/div/label/following-sibling::input</msg>
<var>${OAug22}</var>
<arg>${xml}</arg>
<arg>Aug22</arg>
<doc>Returns all text of the element, possibly whitespace normalized.</doc>
<status status="PASS" start="2024-04-10T13:00:23.840383" elapsed="0.000000"/>
</kw>
<kw name="Get Element Text" owner="XML">
<msg time="2024-04-10T13:00:23.840383" level="INFO">${OAug31} = (//tbody/tr/td[contains(text()," Aug. ")])[1]/../following-sibling::tr[3]/td[3]/div/div/div/div/label/following-sibling::input</msg>
<var>${OAug31}</var>
<arg>${xml}</arg>
<arg>Aug31</arg>
<doc>Returns all text of the element, possibly whitespace normalized.</doc>
<status status="PASS" start="2024-04-10T13:00:23.840383" elapsed="0.000000"/>
</kw>
<kw name="Get Element Text" owner="XML">
<msg time="2024-04-10T13:00:23.841396" level="INFO">${OAugTotal} = ((//td[contains(text()," Aug. total ")])[1]/following-sibling::td/descendant::div)[12]/label/following-sibling::input</msg>
<var>${OAugTotal}</var>
<arg>${xml}</arg>
<arg>AugTotal</arg>
<doc>Returns all text of the element, possibly whitespace normalized.</doc>
<status status="PASS" start="2024-04-10T13:00:23.840383" elapsed="0.001013"/>
</kw>
<kw name="Get Element Text" owner="XML">
<msg time="2024-04-10T13:00:23.841396" level="INFO">${OSep07} = (//td[contains(text(),"Sep.")])[1]/..//following-sibling::div/div[4]/label/following-sibling::input</msg>
<var>${OSep07}</var>
<arg>${xml}</arg>
<arg>Sep07</arg>
<doc>Returns all text of the element, possibly whitespace normalized.</doc>
<status status="PASS" start="2024-04-10T13:00:23.841396" elapsed="0.000000"/>
</kw>
<kw name="Get Element Text" owner="XML">
<msg time="2024-04-10T13:00:23.841396" level="INFO">${OSep15} = (//tbody/tr/td[contains(text()," Sep. ")])[1]/../following-sibling::tr[1]/td[3]/div/div/div/div/label/following-sibling::input</msg>
<var>${OSep15}</var>
<arg>${xml}</arg>
<arg>Sep15</arg>
<doc>Returns all text of the element, possibly whitespace normalized.</doc>
<status status="PASS" start="2024-04-10T13:00:23.841396" elapsed="0.000000"/>
</kw>
<kw name="Get Element Text" owner="XML">
<msg time="2024-04-10T13:00:23.842543" level="INFO">${OSep22} = (//tbody/tr/td[contains(text()," Sep. ")])[1]/../following-sibling::tr[2]/td[3]/div/div/div/div/label/following-sibling::input</msg>
<var>${OSep22}</var>
<arg>${xml}</arg>
<arg>Sep22</arg>
<doc>Returns all text of the element, possibly whitespace normalized.</doc>
<status status="PASS" start="2024-04-10T13:00:23.841396" elapsed="0.001147"/>
</kw>
<kw name="Get Element Text" owner="XML">
<msg time="2024-04-10T13:00:23.842543" level="INFO">${OSep31} = (//tbody/tr/td[contains(text()," Sep. ")])[1]/../following-sibling::tr[3]/td[3]/div/div/div/div/label/following-sibling::input</msg>
<var>${OSep31}</var>
<arg>${xml}</arg>
<arg>Sep31</arg>
<doc>Returns all text of the element, possibly whitespace normalized.</doc>
<status status="PASS" start="2024-04-10T13:00:23.842543" elapsed="0.000000"/>
</kw>
<kw name="Get Element Text" owner="XML">
<msg time="2024-04-10T13:00:23.842543" level="INFO">${OSepTotal} = ((//td[contains(text()," Sep. total ")])[1]/following-sibling::td/descendant::div)[12]/label/following-sibling::input</msg>
<var>${OSepTotal}</var>
<arg>${xml}</arg>
<arg>SepTotal</arg>
<doc>Returns all text of the element, possibly whitespace normalized.</doc>
<status status="PASS" start="2024-04-10T13:00:23.842543" elapsed="0.000000"/>
</kw>
<kw name="Get Element Text" owner="XML">
<msg time="2024-04-10T13:00:23.843591" level="INFO">${OOct07} = (//td[contains(text(),"Oct.")])[1]/..//following-sibling::div/div[4]/label/following-sibling::input</msg>
<var>${OOct07}</var>
<arg>${xml}</arg>
<arg>Oct07</arg>
<doc>Returns all text of the element, possibly whitespace normalized.</doc>
<status status="PASS" start="2024-04-10T13:00:23.843591" elapsed="0.000000"/>
</kw>
<kw name="Get Element Text" owner="XML">
<msg time="2024-04-10T13:00:23.844114" level="INFO">${OOct15} = (//tbody/tr/td[contains(text()," Oct. ")])[1]/../following-sibling::tr[1]/td[3]/div/div/div/div/label/following-sibling::input</msg>
<var>${OOct15}</var>
<arg>${xml}</arg>
<arg>Oct15</arg>
<doc>Returns all text of the element, possibly whitespace normalized.</doc>
<status status="PASS" start="2024-04-10T13:00:23.844114" elapsed="0.000000"/>
</kw>
<kw name="Get Element Text" owner="XML">
<msg time="2024-04-10T13:00:23.845169" level="INFO">${OOct22} = (//tbody/tr/td[contains(text()," Oct. ")])[1]/../following-sibling::tr[2]/td[3]/div/div/div/div/label/following-sibling::input</msg>
<var>${OOct22}</var>
<arg>${xml}</arg>
<arg>Oct22</arg>
<doc>Returns all text of the element, possibly whitespace normalized.</doc>
<status status="PASS" start="2024-04-10T13:00:23.845169" elapsed="0.000000"/>
</kw>
<kw name="Get Element Text" owner="XML">
<msg time="2024-04-10T13:00:23.847156" level="INFO">${OOct31} = (//tbody/tr/td[contains(text()," Oct. ")])[1]/../following-sibling::tr[3]/td[3]/div/div/div/div/label/following-sibling::input</msg>
<var>${OOct31}</var>
<arg>${xml}</arg>
<arg>Oct31</arg>
<doc>Returns all text of the element, possibly whitespace normalized.</doc>
<status status="PASS" start="2024-04-10T13:00:23.845169" elapsed="0.001987"/>
</kw>
<kw name="Get Element Text" owner="XML">
<msg time="2024-04-10T13:00:23.848129" level="INFO">${OOctTotal} = ((//td[contains(text()," Oct. total ")])[1]/following-sibling::td/descendant::div)[12]/label/following-sibling::input</msg>
<var>${OOctTotal}</var>
<arg>${xml}</arg>
<arg>OctTotal</arg>
<doc>Returns all text of the element, possibly whitespace normalized.</doc>
<status status="PASS" start="2024-04-10T13:00:23.848129" elapsed="0.000000"/>
</kw>
<kw name="Get Element Text" owner="XML">
<msg time="2024-04-10T13:00:23.849130" level="INFO">${ONov07} = (//td[contains(text(),"Nov.")])[1]/..//following-sibling::div/div[4]/label/following-sibling::input</msg>
<var>${ONov07}</var>
<arg>${xml}</arg>
<arg>Nov07</arg>
<doc>Returns all text of the element, possibly whitespace normalized.</doc>
<status status="PASS" start="2024-04-10T13:00:23.848129" elapsed="0.001001"/>
</kw>
<kw name="Get Element Text" owner="XML">
<msg time="2024-04-10T13:00:23.849130" level="INFO">${ONov15} = (//tbody/tr/td[contains(text()," Nov. ")])[1]/../following-sibling::tr[1]/td[3]/div/div/div/div/label/following-sibling::input</msg>
<var>${ONov15}</var>
<arg>${xml}</arg>
<arg>Nov15</arg>
<doc>Returns all text of the element, possibly whitespace normalized.</doc>
<status status="PASS" start="2024-04-10T13:00:23.849130" elapsed="0.000000"/>
</kw>
<kw name="Get Element Text" owner="XML">
<msg time="2024-04-10T13:00:23.850123" level="INFO">${ONov22} = (//tbody/tr/td[contains(text()," Nov. ")])[1]/../following-sibling::tr[2]/td[3]/div/div/div/div/label/following-sibling::input</msg>
<var>${ONov22}</var>
<arg>${xml}</arg>
<arg>Nov22</arg>
<doc>Returns all text of the element, possibly whitespace normalized.</doc>
<status status="PASS" start="2024-04-10T13:00:23.849130" elapsed="0.000993"/>
</kw>
<kw name="Get Element Text" owner="XML">
<msg time="2024-04-10T13:00:23.851127" level="INFO">${ONov30} = (//tbody/tr/td[contains(text()," Nov. ")])[1]/../following-sibling::tr[3]/td[3]/div/div/div/div/label/following-sibling::input</msg>
<var>${ONov30}</var>
<arg>${xml}</arg>
<arg>Nov30</arg>
<doc>Returns all text of the element, possibly whitespace normalized.</doc>
<status status="PASS" start="2024-04-10T13:00:23.850123" elapsed="0.001004"/>
</kw>
<kw name="Get Element Text" owner="XML">
<msg time="2024-04-10T13:00:23.851127" level="INFO">${ONovTotal} = ((//td[contains(text()," Nov. total ")])[1]/following-sibling::td/descendant::div)[12]/label/following-sibling::input</msg>
<var>${ONovTotal}</var>
<arg>${xml}</arg>
<arg>NovTotal</arg>
<doc>Returns all text of the element, possibly whitespace normalized.</doc>
<status status="PASS" start="2024-04-10T13:00:23.851127" elapsed="0.000000"/>
</kw>
<kw name="Get Element Text" owner="XML">
<msg time="2024-04-10T13:00:23.852122" level="INFO">${ODec07} = (//td[contains(text(),"Dec.")])[1]/..//following-sibling::div/div[4]/label/following-sibling::input</msg>
<var>${ODec07}</var>
<arg>${xml}</arg>
<arg>Dec07</arg>
<doc>Returns all text of the element, possibly whitespace normalized.</doc>
<status status="PASS" start="2024-04-10T13:00:23.851127" elapsed="0.000995"/>
</kw>
<kw name="Get Element Text" owner="XML">
<msg time="2024-04-10T13:00:23.852122" level="INFO">${ODec15} = (//tbody/tr/td[contains(text()," Dec. ")])[1]/../following-sibling::tr[1]/td[3]/div/div/div/div/label/following-sibling::input</msg>
<var>${ODec15}</var>
<arg>${xml}</arg>
<arg>Dec15</arg>
<doc>Returns all text of the element, possibly whitespace normalized.</doc>
<status status="PASS" start="2024-04-10T13:00:23.852122" elapsed="0.000000"/>
</kw>
<kw name="Get Element Text" owner="XML">
<msg time="2024-04-10T13:00:23.852122" level="INFO">${ODec22} = (//tbody/tr/td[contains(text()," Dec. ")])[1]/../following-sibling::tr[2]/td[3]/div/div/div/div/label/following-sibling::input</msg>
<var>${ODec22}</var>
<arg>${xml}</arg>
<arg>Dec22</arg>
<doc>Returns all text of the element, possibly whitespace normalized.</doc>
<status status="PASS" start="2024-04-10T13:00:23.852122" elapsed="0.000000"/>
</kw>
<kw name="Get Element Text" owner="XML">
<msg time="2024-04-10T13:00:23.852122" level="INFO">${ODec31} = (//tbody/tr/td[contains(text()," Dec. ")])[1]/../following-sibling::tr[3]/td[3]/div/div/div/div/label/following-sibling::input</msg>
<var>${ODec31}</var>
<arg>${xml}</arg>
<arg>Dec31</arg>
<doc>Returns all text of the element, possibly whitespace normalized.</doc>
<status status="PASS" start="2024-04-10T13:00:23.852122" elapsed="0.000000"/>
</kw>
<kw name="Get Element Text" owner="XML">
<msg time="2024-04-10T13:00:23.853121" level="INFO">${ODecTotal} = ((//td[contains(text()," Dec. total ")])[1]/following-sibling::td/descendant::div)[12]/label/following-sibling::input</msg>
<var>${ODecTotal}</var>
<arg>${xml}</arg>
<arg>DecTotal</arg>
<doc>Returns all text of the element, possibly whitespace normalized.</doc>
<status status="PASS" start="2024-04-10T13:00:23.853121" elapsed="0.000000"/>
</kw>
<kw name="Get Element Text" owner="XML">
<msg time="2024-04-10T13:00:23.853121" level="INFO">${OLine61Onpaper} = //b[text()='a']/parent::em/following-sibling::div/div/div/div/div/input</msg>
<var>${OLine61Onpaper}</var>
<arg>${xml}</arg>
<arg>Line61Onpaper</arg>
<doc>Returns all text of the element, possibly whitespace normalized.</doc>
<status status="PASS" start="2024-04-10T13:00:23.853121" elapsed="0.000000"/>
</kw>
<kw name="Get Element Text" owner="XML">
<msg time="2024-04-10T13:00:23.854120" level="INFO">${OLine61Electronically} = //em[text()='b']/following-sibling::div/div/div/div/input</msg>
<var>${OLine61Electronically}</var>
<arg>${xml}</arg>
<arg>Line61Electronically</arg>
<doc>Returns all text of the element, possibly whitespace normalized.</doc>
<status status="PASS" start="2024-04-10T13:00:23.853121" elapsed="0.000999"/>
</kw>
<kw name="Get Element Text" owner="XML">
<msg time="2024-04-10T13:00:23.854120" level="INFO">${OLine62} = //div[contains(text()," 62 ")]/../div/div/div/div/div/label/following-sibling::input</msg>
<var>${OLine62}</var>
<arg>${xml}</arg>
<arg>Line62</arg>
<doc>Returns all text of the element, possibly whitespace normalized.</doc>
<status status="PASS" start="2024-04-10T13:00:23.854120" elapsed="0.000000"/>
</kw>
<kw name="Get Element Text" owner="XML">
<msg time="2024-04-10T13:00:23.854120" level="INFO">${OLine62a} = //div[contains(text()," 62a ")]/../div/div/div/div/div/label/following-sibling::input</msg>
<var>${OLine62a}</var>
<arg>${xml}</arg>
<arg>Line62a</arg>
<doc>Returns all text of the element, possibly whitespace normalized.</doc>
<status status="PASS" start="2024-04-10T13:00:23.854120" elapsed="0.000000"/>
</kw>
<kw name="Get Element Text" owner="XML">
<msg time="2024-04-10T13:00:23.855122" level="INFO">${OLine62b} = //div[contains(text()," 62b ")]/../div/div/div/div/div/label/following-sibling::input</msg>
<var>${OLine62b}</var>
<arg>${xml}</arg>
<arg>Line62b</arg>
<doc>Returns all text of the element, possibly whitespace normalized.</doc>
<status status="PASS" start="2024-04-10T13:00:23.855122" elapsed="0.000000"/>
</kw>
<kw name="Get Element Text" owner="XML">
<msg time="2024-04-10T13:00:23.855122" level="INFO">${OLine62b1} = //div[contains(text()," 62b(1)")]/../div/div/div/div/div/label/following-sibling::input</msg>
<var>${OLine62b1}</var>
<arg>${xml}</arg>
<arg>Line62b1</arg>
<doc>Returns all text of the element, possibly whitespace normalized.</doc>
<status status="PASS" start="2024-04-10T13:00:23.855122" elapsed="0.000000"/>
</kw>
<kw name="Get Element Text" owner="XML">
<msg time="2024-04-10T13:00:23.855122" level="INFO">${OLine62b2} = //div[contains(text(),"62b(2)")]/../div/div/div/div/div/label/following-sibling::input</msg>
<var>${OLine62b2}</var>
<arg>${xml}</arg>
<arg>Line62b2</arg>
<doc>Returns all text of the element, possibly whitespace normalized.</doc>
<status status="PASS" start="2024-04-10T13:00:23.855122" elapsed="0.000000"/>
</kw>
<kw name="Get Element Text" owner="XML">
<msg time="2024-04-10T13:00:23.856122" level="INFO">${OLine62c} = //div[contains(text(),"62c")]/../div/div/div/div/div/label/following-sibling::input</msg>
<var>${OLine62c}</var>
<arg>${xml}</arg>
<arg>Line62c</arg>
<doc>Returns all text of the element, possibly whitespace normalized.</doc>
<status status="PASS" start="2024-04-10T13:00:23.855122" elapsed="0.001000"/>
</kw>
<kw name="Get Element Text" owner="XML">
<msg time="2024-04-10T13:00:23.856122" level="INFO">${OLine62d} = //div[contains(text(),"62d")]/../div/div/div/div/div/label/following-sibling::input</msg>
<var>${OLine62d}</var>
<arg>${xml}</arg>
<arg>Line62d</arg>
<doc>Returns all text of the element, possibly whitespace normalized.</doc>
<status status="PASS" start="2024-04-10T13:00:23.856122" elapsed="0.000000"/>
</kw>
<kw name="Get Element Text" owner="XML">
<msg time="2024-04-10T13:00:23.856122" level="INFO">${OThirdPartyDesigneeYes} = (//div[@class="d-flex flex-wrap"]/div/div/div/div/label)[1]</msg>
<var>${OThirdPartyDesigneeYes}</var>
<arg>${xml}</arg>
<arg>ThirdPartyDesigneeYes</arg>
<doc>Returns all text of the element, possibly whitespace normalized.</doc>
<status status="PASS" start="2024-04-10T13:00:23.856122" elapsed="0.000000"/>
</kw>
<kw name="Get Element Text" owner="XML">
<msg time="2024-04-10T13:00:23.857121" level="INFO">${OThirdPartyDesigneeNo} = //label[contains(text(),"No")]</msg>
<var>${OThirdPartyDesigneeNo}</var>
<arg>${xml}</arg>
<arg>ThirdPartyDesigneeNo</arg>
<doc>Returns all text of the element, possibly whitespace normalized.</doc>
<status status="PASS" start="2024-04-10T13:00:23.857121" elapsed="0.000000"/>
</kw>
<kw name="Get Element Text" owner="XML">
<msg time="2024-04-10T13:00:23.858033" level="INFO">${ODesigneeName} = //em[contains(text(),"Designee’s name")]/../following-sibling::div/div/div/div/label/following-sibling::input</msg>
<var>${ODesigneeName}</var>
<arg>${xml}</arg>
<arg>DesigneeName</arg>
<doc>Returns all text of the element, possibly whitespace normalized.</doc>
<status status="PASS" start="2024-04-10T13:00:23.857121" elapsed="0.000912"/>
</kw>
<kw name="Get Element Text" owner="XML">
<msg time="2024-04-10T13:00:23.859237" level="INFO">${ODesigneePhoneNumber} = //em[contains(text(),"Phone no")]/../following-sibling::div/div/div/div/label/following-sibling::input</msg>
<var>${ODesigneePhoneNumber}</var>
<arg>${xml}</arg>
<arg>DesigneePhoneNumber</arg>
<doc>Returns all text of the element, possibly whitespace normalized.</doc>
<status status="PASS" start="2024-04-10T13:00:23.858033" elapsed="0.001204"/>
</kw>
<kw name="Get Element Text" owner="XML">
<msg time="2024-04-10T13:00:23.859237" level="INFO">${OPIN1} = (//em[contains(text(),"Personal identification number (PIN) ")]/../following-sibling::div/div/div/div/label/following-sibling::input)[1]</msg>
<var>${OPIN1}</var>
<arg>${xml}</arg>
<arg>PIN1</arg>
<doc>Returns all text of the element, possibly whitespace normalized.</doc>
<status status="PASS" start="2024-04-10T13:00:23.859237" elapsed="0.000000"/>
</kw>
<kw name="Get Element Text" owner="XML">
<msg time="2024-04-10T13:00:23.859237" level="INFO">${OPIN2} = (//em[contains(text(),"Personal identification number (PIN) ")]/../following-sibling::div/div/div/div/label/following-sibling::input)[2]</msg>
<var>${OPIN2}</var>
<arg>${xml}</arg>
<arg>PIN2</arg>
<doc>Returns all text of the element, possibly whitespace normalized.</doc>
<status status="PASS" start="2024-04-10T13:00:23.859237" elapsed="0.000000"/>
</kw>
<kw name="Get Element Text" owner="XML">
<msg time="2024-04-10T13:00:23.860245" level="INFO">${OPIN3} = (//em[contains(text(),"Personal identification number (PIN) ")]/../following-sibling::div/div/div/div/label/following-sibling::input)[3]</msg>
<var>${OPIN3}</var>
<arg>${xml}</arg>
<arg>PIN3</arg>
<doc>Returns all text of the element, possibly whitespace normalized.</doc>
<status status="PASS" start="2024-04-10T13:00:23.859237" elapsed="0.001008"/>
</kw>
<kw name="Get Element Text" owner="XML">
<msg time="2024-04-10T13:00:23.860245" level="INFO">${OPIN4} = (//em[contains(text(),"Personal identification number (PIN) ")]/../following-sibling::div/div/div/div/label/following-sibling::input)[4]</msg>
<var>${OPIN4}</var>
<arg>${xml}</arg>
<arg>PIN4</arg>
<doc>Returns all text of the element, possibly whitespace normalized.</doc>
<status status="PASS" start="2024-04-10T13:00:23.860245" elapsed="0.000000"/>
</kw>
<kw name="Get Element Text" owner="XML">
<msg time="2024-04-10T13:00:23.860245" level="INFO">${OPIN5} = (//em[contains(text(),"Personal identification number (PIN) ")]/../following-sibling::div/div/div/div/label/following-sibling::input)[5]</msg>
<var>${OPIN5}</var>
<arg>${xml}</arg>
<arg>PIN5</arg>
<doc>Returns all text of the element, possibly whitespace normalized.</doc>
<status status="PASS" start="2024-04-10T13:00:23.860245" elapsed="0.000000"/>
</kw>
<kw name="Get Element Text" owner="XML">
<msg time="2024-04-10T13:00:23.861247" level="INFO">${OSaveandContinue} = (//div[contains(@class,"justify-space-between d-flex align-center")]/button)[2]</msg>
<var>${OSaveandContinue}</var>
<arg>${xml}</arg>
<arg>SaveandContinue</arg>
<doc>Returns all text of the element, possibly whitespace normalized.</doc>
<status status="PASS" start="2024-04-10T13:00:23.861247" elapsed="0.000000"/>
</kw>
<kw name="Get Element Text" owner="XML">
<msg time="2024-04-10T13:00:23.861247" level="INFO">${OLine63a} = //div[contains(text(),"63a")]/../div/div/div/div/div/label/following-sibling::input</msg>
<var>${OLine63a}</var>
<arg>${xml}</arg>
<arg>Line63a</arg>
<doc>Returns all text of the element, possibly whitespace normalized.</doc>
<status status="PASS" start="2024-04-10T13:00:23.861247" elapsed="0.000000"/>
</kw>
<kw name="Get Element Text" owner="XML">
<msg time="2024-04-10T13:00:23.862248" level="INFO">${OLine63b1} = //div[contains(text(),"63b(1)")]/../div/div/div/div/div/label/following-sibling::input</msg>
<var>${OLine63b1}</var>
<arg>${xml}</arg>
<arg>Line63b1</arg>
<doc>Returns all text of the element, possibly whitespace normalized.</doc>
<status status="PASS" start="2024-04-10T13:00:23.861247" elapsed="0.001001"/>
</kw>
<kw name="Get Element Text" owner="XML">
<msg time="2024-04-10T13:00:23.862248" level="INFO">${OLine63b2} = //div[contains(text(),"63b(2)")]/../div/div/div/div/div/label/following-sibling::input</msg>
<var>${OLine63b2}</var>
<arg>${xml}</arg>
<arg>Line63b2</arg>
<doc>Returns all text of the element, possibly whitespace normalized.</doc>
<status status="PASS" start="2024-04-10T13:00:23.862248" elapsed="0.000000"/>
</kw>
<kw name="Get Element Text" owner="XML">
<msg time="2024-04-10T13:00:23.862248" level="INFO">${OLine63c1} = //div[contains(text()," 63c(1)")]/../div/div/div/div/div/label/following-sibling::input</msg>
<var>${OLine63c1}</var>
<arg>${xml}</arg>
<arg>Line63c1</arg>
<doc>Returns all text of the element, possibly whitespace normalized.</doc>
<status status="PASS" start="2024-04-10T13:00:23.862248" elapsed="0.000000"/>
</kw>
<kw name="Get Element Text" owner="XML">
<msg time="2024-04-10T13:00:23.863245" level="INFO">${OLine63c2} = //div[contains(text(),"63c(2)")]/../div/div/div/div/div/label/following-sibling::input</msg>
<var>${OLine63c2}</var>
<arg>${xml}</arg>
<arg>Line63c2</arg>
<doc>Returns all text of the element, possibly whitespace normalized.</doc>
<status status="PASS" start="2024-04-10T13:00:23.862248" elapsed="0.000997"/>
</kw>
<kw name="Get Element Text" owner="XML">
<msg time="2024-04-10T13:00:23.863245" level="INFO">${OLine63d} = //div[contains(text(),"63d")]/../div/div/div/div/div/label/following-sibling::input</msg>
<var>${OLine63d}</var>
<arg>${xml}</arg>
<arg>Line63d</arg>
<doc>Returns all text of the element, possibly whitespace normalized.</doc>
<status status="PASS" start="2024-04-10T13:00:23.863245" elapsed="0.000000"/>
</kw>
<kw name="Get Element Text" owner="XML">
<msg time="2024-04-10T13:00:23.863245" level="INFO">${OLine63e} = //div[contains(text(),"63e")]/../div/div/div/div/div/label/following-sibling::input</msg>
<var>${OLine63e}</var>
<arg>${xml}</arg>
<arg>Line63e</arg>
<doc>Returns all text of the element, possibly whitespace normalized.</doc>
<status status="PASS" start="2024-04-10T13:00:23.863245" elapsed="0.000000"/>
</kw>
<kw name="Get Element Text" owner="XML">
<msg time="2024-04-10T13:00:23.864244" level="INFO">${OLine64a} = //div[contains(text(),"64a")]/../div/div/div/div/div/label/following-sibling::input</msg>
<var>${OLine64a}</var>
<arg>${xml}</arg>
<arg>Line64a</arg>
<doc>Returns all text of the element, possibly whitespace normalized.</doc>
<status status="PASS" start="2024-04-10T13:00:23.864244" elapsed="0.000000"/>
</kw>
<kw name="Get Element Text" owner="XML">
<msg time="2024-04-10T13:00:23.864244" level="INFO">${OLine64b} = //div[contains(text(),"64b")]/../div/div/div/div/div/label/following-sibling::input</msg>
<var>${OLine64b}</var>
<arg>${xml}</arg>
<arg>Line64b</arg>
<doc>Returns all text of the element, possibly whitespace normalized.</doc>
<status status="PASS" start="2024-04-10T13:00:23.864244" elapsed="0.000000"/>
</kw>
<kw name="Get Element Text" owner="XML">
<msg time="2024-04-10T13:00:23.864244" level="INFO">${OLine64c} = //div[contains(text(),"64c")]/../div/div/div/div/div/label/following-sibling::input</msg>
<var>${OLine64c}</var>
<arg>${xml}</arg>
<arg>Line64c</arg>
<doc>Returns all text of the element, possibly whitespace normalized.</doc>
<status status="PASS" start="2024-04-10T13:00:23.864244" elapsed="0.000000"/>
</kw>
<kw name="Get Element Text" owner="XML">
<msg time="2024-04-10T13:00:23.864244" level="INFO">${OLine64d} = //div[contains(text(),"64d")]/../div/div/div/div/div/label/following-sibling::input</msg>
<var>${OLine64d}</var>
<arg>${xml}</arg>
<arg>Line64d</arg>
<doc>Returns all text of the element, possibly whitespace normalized.</doc>
<status status="PASS" start="2024-04-10T13:00:23.864244" elapsed="0.000000"/>
</kw>
<kw name="Get Element Text" owner="XML">
<msg time="2024-04-10T13:00:23.865733" level="INFO">${OLine64e} = //div[contains(text(),"64e")]/../div/div/div/div/div/label/following-sibling::input</msg>
<var>${OLine64e}</var>
<arg>${xml}</arg>
<arg>Line64e</arg>
<doc>Returns all text of the element, possibly whitespace normalized.</doc>
<status status="PASS" start="2024-04-10T13:00:23.865733" elapsed="0.000000"/>
</kw>
<kw name="Get Element Text" owner="XML">
<msg time="2024-04-10T13:00:23.865733" level="INFO">${OLine65a} = //div[contains(text(),"65a")]/../div/div/div/div/div/label/following-sibling::input</msg>
<var>${OLine65a}</var>
<arg>${xml}</arg>
<arg>Line65a</arg>
<doc>Returns all text of the element, possibly whitespace normalized.</doc>
<status status="PASS" start="2024-04-10T13:00:23.865733" elapsed="0.000000"/>
</kw>
<kw name="Get Element Text" owner="XML">
<msg time="2024-04-10T13:00:23.866769" level="INFO">${OLine65b} = //div[contains(text(),"65b")]/../div/div/div/div/div/label/following-sibling::input</msg>
<var>${OLine65b}</var>
<arg>${xml}</arg>
<arg>Line65b</arg>
<doc>Returns all text of the element, possibly whitespace normalized.</doc>
<status status="PASS" start="2024-04-10T13:00:23.865733" elapsed="0.001036"/>
</kw>
<kw name="Get Element Text" owner="XML">
<msg time="2024-04-10T13:00:23.866769" level="INFO">${OLine66} = //div[contains(text(),"66")]/../div/div/div/div/div/label/following-sibling::input</msg>
<var>${OLine66}</var>
<arg>${xml}</arg>
<arg>Line66</arg>
<doc>Returns all text of the element, possibly whitespace normalized.</doc>
<status status="PASS" start="2024-04-10T13:00:23.866769" elapsed="0.000000"/>
</kw>
<kw name="Get Element Text" owner="XML">
<msg time="2024-04-10T13:00:23.866769" level="INFO">${OLine67a} = //div[contains(text(),"67a")]/../div/div/div/div/div/label/following-sibling::input</msg>
<var>${OLine67a}</var>
<arg>${xml}</arg>
<arg>Line67a</arg>
<doc>Returns all text of the element, possibly whitespace normalized.</doc>
<status status="PASS" start="2024-04-10T13:00:23.866769" elapsed="0.000000"/>
</kw>
<kw name="Get Element Text" owner="XML">
<msg time="2024-04-10T13:00:23.867742" level="INFO">${OLine67b} = //div[contains(text(),"67b")]/../div/div/div/div/div/label/following-sibling::input</msg>
<var>${OLine67b}</var>
<arg>${xml}</arg>
<arg>Line67b</arg>
<doc>Returns all text of the element, possibly whitespace normalized.</doc>
<status status="PASS" start="2024-04-10T13:00:23.866769" elapsed="0.000973"/>
</kw>
<kw name="Get Element Text" owner="XML">
<msg time="2024-04-10T13:00:23.867742" level="INFO">${OLine68} = //div[contains(text(),"68")]/../div/div/div/div/div/label/following-sibling::input</msg>
<var>${OLine68}</var>
<arg>${xml}</arg>
<arg>Line68</arg>
<doc>Returns all text of the element, possibly whitespace normalized.</doc>
<status status="PASS" start="2024-04-10T13:00:23.867742" elapsed="0.000000"/>
</kw>
<kw name="Get Element Text" owner="XML">
<msg time="2024-04-10T13:00:23.867742" level="INFO">${OLine69} = //div[contains(text(),"69")]/../div/div/div/div/div/label/following-sibling::input</msg>
<var>${OLine69}</var>
<arg>${xml}</arg>
<arg>Line69</arg>
<doc>Returns all text of the element, possibly whitespace normalized.</doc>
<status status="PASS" start="2024-04-10T13:00:23.867742" elapsed="0.000000"/>
</kw>
<kw name="Get Element Text" owner="XML">
<msg time="2024-04-10T13:00:23.868743" level="INFO">${OLine70a} = //div[contains(text(),"70a")]/../div/div/div/div/div/label/following-sibling::input</msg>
<var>${OLine70a}</var>
<arg>${xml}</arg>
<arg>Line70a</arg>
<doc>Returns all text of the element, possibly whitespace normalized.</doc>
<status status="PASS" start="2024-04-10T13:00:23.867742" elapsed="0.001001"/>
</kw>
<kw name="Get Element Text" owner="XML">
<msg time="2024-04-10T13:00:23.868743" level="INFO">${OLine70b} = //div[contains(text(),"70b")]/../div/div/div/div/div/label/following-sibling::input</msg>
<var>${OLine70b}</var>
<arg>${xml}</arg>
<arg>Line70b</arg>
<doc>Returns all text of the element, possibly whitespace normalized.</doc>
<status status="PASS" start="2024-04-10T13:00:23.868743" elapsed="0.000000"/>
</kw>
<kw name="Get Element Text" owner="XML">
<msg time="2024-04-10T13:00:23.868743" level="INFO">${OLine71Credit} = //label[@class="v-label v-label--clickable" and text()="Credit on 2024 Form 1042"]</msg>
<var>${OLine71Credit}</var>
<arg>${xml}</arg>
<arg>Line71Credit</arg>
<doc>Returns all text of the element, possibly whitespace normalized.</doc>
<status status="PASS" start="2024-04-10T13:00:23.868743" elapsed="0.000000"/>
</kw>
<kw name="Get Element Text" owner="XML">
<msg time="2024-04-10T13:00:23.869767" level="INFO">${OLine71Refund} = //label[@class="v-label v-label--clickable" and text()="Refund"]</msg>
<var>${OLine71Refund}</var>
<arg>${xml}</arg>
<arg>Line71Refund</arg>
<doc>Returns all text of the element, possibly whitespace normalized.</doc>
<status status="PASS" start="2024-04-10T13:00:23.869767" elapsed="0.000000"/>
</kw>
<kw name="Get Element Text" owner="XML">
<msg time="2024-04-10T13:00:23.869767" level="INFO">${OSec2-1} = (//em[contains(text(),"Total U.S. source FDAP income required to be withheld upon under chapter 4")]/../../../../child::div)[2]/div/div/div/div/div/label/following-sibling::input</msg>
<var>${OSec2-1}</var>
<arg>${xml}</arg>
<arg>Sec2-1</arg>
<doc>Returns all text of the element, possibly whitespace normalized.</doc>
<status status="PASS" start="2024-04-10T13:00:23.869767" elapsed="0.000000"/>
</kw>
<kw name="Get Element Text" owner="XML">
<msg time="2024-04-10T13:00:23.869767" level="INFO">${OSec2-2a} = (//div[contains(text(),"2a")]/../div)[2]/div/div/div/div/label/following-sibling::input</msg>
<var>${OSec2-2a}</var>
<arg>${xml}</arg>
<arg>Sec2-2a</arg>
<doc>Returns all text of the element, possibly whitespace normalized.</doc>
<status status="PASS" start="2024-04-10T13:00:23.869767" elapsed="0.000989"/>
</kw>
<kw name="Get Element Text" owner="XML">
<msg time="2024-04-10T13:00:23.870756" level="INFO">${OSec2-2b} = (//div[contains(text(),"2b")]/../div)[2]/div/div/div/div/label/following-sibling::input</msg>
<var>${OSec2-2b}</var>
<arg>${xml}</arg>
<arg>Sec2-2b</arg>
<doc>Returns all text of the element, possibly whitespace normalized.</doc>
<status status="PASS" start="2024-04-10T13:00:23.870756" elapsed="0.000000"/>
</kw>
<kw name="Get Element Text" owner="XML">
<msg time="2024-04-10T13:00:23.871747" level="INFO">${OSec2-2c} = (//div[contains(text(),"2c")]/../div)[2]/div/div/div/div/label/following-sibling::input</msg>
<var>${OSec2-2c}</var>
<arg>${xml}</arg>
<arg>Sec2-2c</arg>
<doc>Returns all text of the element, possibly whitespace normalized.</doc>
<status status="PASS" start="2024-04-10T13:00:23.870756" elapsed="0.000991"/>
</kw>
[...]
</kw>
<kw name="Get cell value">
<var>${IsSection2-2e}</var>
<arg>${i}</arg>
<arg>DY</arg>
<arg>Form1042</arg>
<status status="NOT RUN" start="2024-04-10T13:00:24.216896" elapsed="0.000000"/>
</kw>
<kw name="Get cell value">
<var>${IsSection2-3}</var>
<arg>${i}</arg>
<arg>DZ</arg>
<arg>Form1042</arg>
<status status="NOT RUN" start="2024-04-10T13:00:24.219896" elapsed="0.000000"/>
</kw>
<kw name="Get cell value">
<var>${IsSection2-4}</var>
<arg>${i}</arg>
<arg>EA</arg>
<arg>Form1042</arg>
<status status="NOT RUN" start="2024-04-10T13:00:24.221898" elapsed="0.000000"/>
</kw>
<kw name="Get cell value">
<var>${IsSection2-5}</var>
<arg>${i}</arg>
<arg>EB</arg>
<arg>Form1042</arg>
<status status="NOT RUN" start="2024-04-10T13:00:24.223895" elapsed="0.000000"/>
</kw>
<kw name="Get cell value">
<var>${IsSection2-6}</var>
<arg>${i}</arg>
<arg>EC</arg>
<arg>Form1042</arg>
<status status="NOT RUN" start="2024-04-10T13:00:24.226246" elapsed="0.000000"/>
</kw>
<kw name="Get cell value">
<var>${Section3-Section 871}</var>
<arg>${i}</arg>
<arg>ED</arg>
<arg>Form1042</arg>
<status status="NOT RUN" start="2024-04-10T13:00:24.228261" elapsed="0.000000"/>
</kw>
<kw name="Get cell value">
<var>${Section4-QDD}</var>
<arg>${i}</arg>
<arg>EE</arg>
<arg>Form1042</arg>
<status status="NOT RUN" start="2024-04-10T13:00:24.230256" elapsed="0.000000"/>
</kw>
<kw name="Get cell value">
<var>${PaymentType}</var>
<arg>${i}</arg>
<arg>EI</arg>
<arg>Form1042</arg>
<status status="NOT RUN" start="2024-04-10T13:00:24.233253" elapsed="0.000000"/>
</kw>
<kw name="Get cell value">
<var>${EFWAccountType}</var>
<arg>${i}</arg>
<arg>FJ</arg>
<arg>Form1042</arg>
<status status="NOT RUN" start="2024-04-10T13:00:24.235253" elapsed="0.000000"/>
</kw>
<kw name="Get cell value">
<var>${EFWUSBankRoutingNumber}</var>
<arg>${i}</arg>
<arg>EK</arg>
<arg>Form1042</arg>
<status status="NOT RUN" start="2024-04-10T13:00:24.237253" elapsed="0.000000"/>
</kw>
<kw name="Get cell value">
<var>${USBankAccountNumber}</var>
<arg>${i}</arg>
<arg>EL</arg>
<arg>Form1042</arg>
<status status="NOT RUN" start="2024-04-10T13:00:24.239254" elapsed="0.000000"/>
</kw>
<kw name="Get cell value">
<var>${Editreturn}</var>
<arg>${i}</arg>
<arg>EM</arg>
<arg>Form1042</arg>
<status status="NOT RUN" start="2024-04-10T13:00:24.241253" elapsed="0.000000"/>
</kw>
<kw name="Get cell value">
<var>${EditLine1}</var>
<arg>${i}</arg>
<arg>EN</arg>
<arg>Form1042</arg>
<status status="NOT RUN" start="2024-04-10T13:00:24.243253" elapsed="0.000000"/>
</kw>
<kw name="Get cell value">
<var>${ErrorMessage}</var>
<arg>${i}</arg>
<arg>EO</arg>
<arg>Form1042</arg>
<status status="NOT RUN" start="2024-04-10T13:00:24.245253" elapsed="0.000000"/>
</kw>
<kw name="Get cell value">
<var>${ErrorInput}</var>
<arg>${i}</arg>
<arg>EP</arg>
<arg>Form1042</arg>
<status status="NOT RUN" start="2024-04-10T13:00:24.247256" elapsed="0.000000"/>
</kw>
<kw name="Get cell value">
<var>${AuditError}</var>
<arg>${i}</arg>
<arg>EQ</arg>
<arg>Form1042</arg>
<status status="NOT RUN" start="2024-04-10T13:00:24.249256" elapsed="0.000000"/>
</kw>
<kw name="Get cell value">
<var>${E-signType}</var>
<arg>${i}</arg>
<arg>ER</arg>
<arg>Form1042</arg>
<status status="NOT RUN" start="2024-04-10T13:00:24.251253" elapsed="0.000000"/>
</kw>
<kw name="Get cell value">
<var>${OnlinePIN}</var>
<arg>${i}</arg>
<arg>ES</arg>
<arg>Form1042</arg>
<status status="NOT RUN" start="2024-04-10T13:00:24.254253" elapsed="0.000000"/>
</kw>
<kw name="Get cell value">
<var>${IsReturnusingCredits}</var>
<arg>${i}</arg>
<arg>ET</arg>
<arg>Form1042</arg>
<status status="NOT RUN" start="2024-04-10T13:00:24.256253" elapsed="0.000000"/>
</kw>
<kw name="Get cell value">
<var>${IsFillingFee}</var>
<arg>${i}</arg>
<arg>EU</arg>
<arg>Form1042</arg>
<status status="NOT RUN" start="2024-04-10T13:00:24.258253" elapsed="0.000000"/>
</kw>
<kw name="Get cell value">
<var>${IsPayment}</var>
<arg>${i}</arg>
<arg>EW</arg>
<arg>Form1042</arg>
<status status="NOT RUN" start="2024-04-10T13:00:24.260254" elapsed="0.000000"/>
</kw>
<kw name="Get cell value">
<var>${IsManual}</var>
<arg>${i}</arg>
<arg>EV</arg>
<arg>Form1042</arg>
<status status="NOT RUN" start="2024-04-10T13:00:24.262255" elapsed="0.000000"/>
</kw>
<kw name="Get cell value">
<var>${IsIRSPayment}</var>
<arg>${i}</arg>
<arg>EY</arg>
<arg>Form1042</arg>
<status status="NOT RUN" start="2024-04-10T13:00:24.264253" elapsed="0.000000"/>
</kw>
<kw name="Set Variable" owner="BuiltIn">
<var>${screen}</var>
<arg>../../Test suite/Form1042/1042Screenshot/${obj_ID}.png</arg>
<doc>Returns the given values which can then be assigned to a variables.</doc>
<status status="NOT RUN" start="2024-04-10T13:00:24.264253" elapsed="0.000000"/>
</kw>
<kw name="Set Variable" owner="BuiltIn">
<var>${Auditscreens}</var>
<arg>../../Test suite/Form1042/1042AuditScreenshot/${obj_ID}.png</arg>
<doc>Returns the given values which can then be assigned to a variables.</doc>
<status status="NOT RUN" start="2024-04-10T13:00:24.264253" elapsed="0.000000"/>
</kw>
<kw name="Run Keyword And Continue On Failure" owner="BuiltIn">
<arg>WithholdingAgentInformation</arg>
<arg>${QIEINManual}</arg>
<arg>${einManual}</arg>
<arg>${WHFAddress2}</arg>
<arg>${WHAddress2}</arg>
<arg>${IsManual}</arg>
<arg>${OWHFax}</arg>
<arg>${OWHState}</arg>
<arg>${OWHPostalCode}</arg>
<arg>${OWHCountry}</arg>
<arg>${OIsForeignAddr}</arg>
<arg>${ONQI-EIN}</arg>
<arg>${OWT-EIN}</arg>
<arg>${OWP-EIN}</arg>
<arg>${OQI-EIN}</arg>
<arg>${OEIN}</arg>
<arg>${OWHTitle}</arg>
<arg>${OWHZipCode}</arg>
<arg>${OWHAddress1}</arg>
<arg>${OWHContactName}</arg>
<arg>${OWHEmail}</arg>
<arg>${OWHPhone}</arg>
<arg>${OWHSignatoryName}</arg>
<arg>${obtnsave}</arg>
<arg>${OWHDaytimePhone}</arg>
<arg>${OWHEmail}</arg>
<arg>${OWHCity}</arg>
<arg>${OWHAddress1}</arg>
<arg>${OWithholdingAgentEIN}</arg>
<arg>${OWithholdingAgentName}</arg>
<arg>${WithholdingAgentName}</arg>
<arg>${TypeOfEIN}</arg>
<arg>${WithholdingAgentEIN}</arg>
<arg>${IsForeignAdd}</arg>
<arg>${WHAddress1}</arg>
<arg>${WHCity}</arg>
<arg>${StateName}</arg>
<arg>${WHZipCode}</arg>
<arg>${WHFAddress1}</arg>
<arg>${WHFCity}</arg>
<arg>${WHFCountry}</arg>
<arg>${WHFpostalcode}</arg>
<arg>${ContactName}</arg>
<arg>${WHEmailAddress}</arg>
<arg>${WHPhone}</arg>
<arg>${FaxNumber}</arg>
<arg>${SigningAuthorityName}</arg>
<arg>${Title}</arg>
<arg>${DayTimePhone}</arg>
<arg>${TaxYear}</arg>
<doc>Runs the keyword and continues execution even if a failure occurs.</doc>
<status status="NOT RUN" start="2024-04-10T13:00:24.265253" elapsed="0.000000"/>
</kw>
<kw name="Run Keyword And Continue On Failure" owner="BuiltIn">
<arg>FormPage1-1042</arg>
<arg>${OThirdPartyDesigneeYes}</arg>
<arg>${ODesigneeName}</arg>
<arg>${ODesigneePhoneNumber}</arg>
<arg>${OPIN1}</arg>
<arg>${OPIN2}</arg>
<arg>${OPIN3}</arg>
<arg>${OPIN4}</arg>
<arg>${OPIN5}</arg>
<arg>${OSaveandContinue}</arg>
<arg>${OLine61Onpaper}</arg>
<arg>${OLine61Electronically}</arg>
<arg>${OLine62a}</arg>
<arg>${OLine62b1}</arg>
<arg>${OLine62b2}</arg>
<arg>${OLine62c}</arg>
<arg>${OLine62d}</arg>
<arg>${ONovTotal}</arg>
<arg>${ODec15}</arg>
<arg>${ODec07}</arg>
<arg>${ODec22}</arg>
<arg>${ODec31}</arg>
<arg>${ODecTotal}</arg>
<arg>${ONov07}</arg>
<arg>${ONov15}</arg>
<arg>${ONov22}</arg>
<arg>${ONov30}</arg>
<arg>${OOct07}</arg>
<arg>${OOct15}</arg>
<arg>${OOct22}</arg>
<arg>${OOct31}</arg>
<arg>${OOctTotal}</arg>
<arg>${OSep07}</arg>
<arg>${OSep15}</arg>
<arg>${OSep22}</arg>
<arg>${OSep31}</arg>
<arg>${OSepTotal}</arg>
<arg>${OAug07}</arg>
<arg>${OAug15}</arg>
<arg>${OAug22}</arg>
<arg>${OAug31}</arg>
<arg>${OAugTotal}</arg>
<arg>${OJuly07}</arg>
<arg>${OJuly15}</arg>
<arg>${OJuly22}</arg>
<arg>${OJuly31}</arg>
<arg>${OJulyTotal}</arg>
<arg>${OJune07}</arg>
<arg>${OJune15}</arg>
<arg>${OJune22}</arg>
<arg>${OJune30}</arg>
<arg>${OJuneTotal}</arg>
<arg>${OMay07}</arg>
<arg>${OMay15}</arg>
<arg>${OMay22}</arg>
<arg>${OMay31}</arg>
<arg>${OMayTotal}</arg>
<arg>${OApr15}</arg>
<arg>${OApr22}</arg>
<arg>${OApr30}</arg>
<arg>${OAprTotal}</arg>
<arg>${OApr07}</arg>
<arg>${OMarTotal}</arg>
<arg>${OMar31}</arg>
<arg>${OMar22}</arg>
<arg>${OMar15}</arg>
<arg>${OMar07}</arg>
<arg>${OFebTotal}</arg>
<arg>${OFeb28}</arg>
<arg>${OFeb22}</arg>
<arg>${OFeb15}</arg>
<arg>${OFeb07}</arg>
<arg>${OJan31}</arg>
<arg>${OJan22}</arg>
<arg>${OJan15}</arg>
<arg>${OJan7}</arg>
<arg>${OJanTotal}</arg>
<arg>${Chapter3StatusCode}</arg>
<arg>${Chapter4StatusCode}</arg>
<arg>${IsFinalReturn}</arg>
<arg>${FinalIncomePaidDate}</arg>
<arg>${IsSection1-FederalTaxLiabily}</arg>
<arg>${Jan-07}</arg>
<arg>${Jan-15}</arg>
<arg>${Jan-22}</arg>
<arg>${Jan-31}</arg>
<arg>${Jan.Total}</arg>
<arg>${Feb-07}</arg>
<arg>${Feb-15}</arg>
<arg>${Feb-22}</arg>
<arg>${Feb-28}</arg>
<arg>${Feb.Total}</arg>
<arg>${Mar-07}</arg>
<arg>${Mar-15}</arg>
<arg>${Mar-22}</arg>
<arg>${Mar-31}</arg>
<arg>${Mar.Total}</arg>
<arg>${Apr-07}</arg>
<arg>${Apr-15}</arg>
<arg>${Apr-22}</arg>
<arg>${Apr-30}</arg>
<arg>${Apr.Total}</arg>
<arg>${May-07}</arg>
<arg>${May-15}</arg>
<arg>${May-22}</arg>
<arg>${May-31}</arg>
<arg>${May.Total}</arg>
<arg>${June-07}</arg>
<arg>${June-15}</arg>
<arg>${June-22}</arg>
<arg>${June-30}</arg>
<arg>${June.Total}</arg>
<arg>${July-07}</arg>
<arg>${July-15}</arg>
<arg>${July-22}</arg>
<arg>${July-31}</arg>
<arg>${July.Total}</arg>
<arg>${Aug-07}</arg>
<arg>${Aug-15}</arg>
<arg>${Aug-22}</arg>
<arg>${Aug-31}</arg>
<arg>${Aug.Total}</arg>
<arg>${Sept-07}</arg>
<arg>${Sept-15}</arg>
<arg>${Sept-22}</arg>
<arg>${Sept-31}</arg>
<arg>${Sept.Total}</arg>
<arg>${Oct-07}</arg>
<arg>${Oct-15}</arg>
<arg>${Oct-22}</arg>
<arg>${Oct-31}</arg>
<arg>${Oct.Total}</arg>
<arg>${Nov-07}</arg>
<arg>${Nov-15}</arg>
<arg>${Nov-22}</arg>
<arg>${Nov-30}</arg>
<arg>${Nov.Total}</arg>
<arg>${Dec-07}</arg>
<arg>${Dec-15}</arg>
<arg>${Dec-22}</arg>
<arg>${Dec-31}</arg>
<arg>${Dec.Total}</arg>
<arg>${Line61-OnPaper}</arg>
<arg>${Line61-Electronically}</arg>
<arg>${Line62a-FDAPIncome}</arg>
<arg>${Line62b1-SubstituteDividendPayments}</arg>
<arg>${Line62b2-SubstitutePaymentsReported}</arg>
<arg>${Line62c-TotalGrossAmount}</arg>
<arg>${Line62d-AcutallypaidGross}</arg>
<arg>${IsThirdPartyDesignee}</arg>
<arg>${DesigneeName}</arg>
<arg>${DesigneePhoneNumber}</arg>
<arg>${Pin1}</arg>
<arg>${Pin2}</arg>
<arg>${Pin3}</arg>
<arg>${Pin4}</arg>
<arg>${Pin5}</arg>
<doc>Runs the keyword and continues execution even if a failure occurs.</doc>
<status status="NOT RUN" start="2024-04-10T13:00:24.265253" elapsed="0.000000"/>
</kw>
<kw name="Run Keyword And Continue On Failure" owner="BuiltIn">
<arg>FormPage2-1042</arg>
<arg>${OSec2-3}</arg>
<arg>${OSec2-4}</arg>
<arg>${OSec2-5}</arg>
<arg>${OSec3-871m}</arg>
<arg>${OSec4-QDD}</arg>
<arg>${OSec2-1}</arg>
<arg>${OLine71Credit}</arg>
<arg>${OLine71Refund}</arg>
<arg>${OSec2-2a}</arg>
<arg>${OSec2-2b}</arg>
<arg>${OSec2-2d}</arg>
<arg>${OSec2-2c}</arg>
<arg>${OSec2-2e}</arg>
<arg>${OLine70b}</arg>
<arg>${OLine66}</arg>
<arg>${OLine65a}</arg>
<arg>${OLine65b}</arg>
<arg>${OLine68}</arg>
<arg>${OLine66}</arg>
<arg>${OLine67a}</arg>
<arg>${OLine67b}</arg>
<arg>${OLine69}</arg>
<arg>${OLine68}</arg>
<arg>${OLine70a}</arg>
<arg>${OLine64e}</arg>
<arg>${OLine64d}</arg>
<arg>${OLine64c}</arg>
<arg>${OLine64b}</arg>
<arg>${OLine64a}</arg>
<arg>${OLine63e}</arg>
<arg>${OLine63d}</arg>
<arg>${OLine63c2}</arg>
<arg>${OLine63c1}</arg>
<arg>${OLine63b2}</arg>
<arg>${OLine63b1}</arg>
<arg>${OLine63a}</arg>
<arg>${Line63a}</arg>
<arg>${Line63b1}</arg>
<arg>${Line63b2}</arg>
<arg>${Line63c1}</arg>
<arg>${Line63c2}</arg>
<arg>${Line63d}</arg>
<arg>${Line63e}</arg>
<arg>${Line64a}</arg>
<arg>${Line64b}</arg>
<arg>${Line64c}</arg>
<arg>${Line64d}</arg>
<arg>${Line64e}</arg>
<arg>${Line65a}</arg>
<arg>${Line65b}</arg>
<arg>${Line66}</arg>
<arg>${Line67a}</arg>
<arg>${Line67b}</arg>
<arg>${Line68}</arg>
<arg>${Line69}</arg>
<arg>${Line70a}</arg>
<arg>${Line70b}</arg>
<arg>${Line71}</arg>
<arg>${OverpaymntType}</arg>
<arg>${IsSection2}</arg>
<arg>${IsSection2-1}</arg>
<arg>${IsSection2-2a}</arg>
<arg>${IsSection2-2b}</arg>
<arg>${IsSection2-2c}</arg>
<arg>${IsSection2-2d}</arg>
<arg>${IsSection2-2e}</arg>
<arg>${IsSection2-3}</arg>
<arg>${IsSection2-4}</arg>
<arg>${IsSection2-5}</arg>
<arg>${IsSection2-6}</arg>
<arg>${Section3-Section 871}</arg>
<arg>${Section4-QDD}</arg>
<doc>Runs the keyword and continues execution even if a failure occurs.</doc>
<status status="NOT RUN" start="2024-04-10T13:00:24.265253" elapsed="0.000000"/>
</kw>
<kw name="Run Keyword If" owner="BuiltIn">
<arg>'${IsIRSPayment}'=='YES'</arg>
<arg>Form1042-IRSPayment</arg>
<arg>${PaymentType}</arg>
<arg>${DayTimePhone}</arg>
<doc>Runs the given keyword with the given arguments, if ``condition`` is true.</doc>
<status status="NOT RUN" start="2024-04-10T13:00:24.266253" elapsed="0.000000"/>
</kw>
<kw name="Run Keyword And Continue On Failure" owner="BuiltIn">
<arg>Form1042-Summary</arg>
<doc>Runs the keyword and continues execution even if a failure occurs.</doc>
<status status="NOT RUN" start="2024-04-10T13:00:24.266253" elapsed="0.000000"/>
</kw>
<kw name="Run Keyword And Continue On Failure" owner="BuiltIn">
<arg>Form1042-Audit</arg>
<doc>Runs the keyword and continues execution even if a failure occurs.</doc>
<status status="NOT RUN" start="2024-04-10T13:00:24.266253" elapsed="0.000000"/>
</kw>
<kw name="Run Keyword And Continue On Failure" owner="BuiltIn">
<arg>Form1042-Signature</arg>
<doc>Runs the keyword and continues execution even if a failure occurs.</doc>
<status status="NOT RUN" start="2024-04-10T13:00:24.266253" elapsed="0.000000"/>
</kw>
<kw name="Run Keyword And Continue On Failure" owner="BuiltIn">
<arg>Form1042-Filingfees-TransmitForm</arg>
<arg>${oCompleteFiling}</arg>
<doc>Runs the keyword and continues execution even if a failure occurs.</doc>
<status status="NOT RUN" start="2024-04-10T13:00:24.266253" elapsed="0.000000"/>
</kw>
<kw name="Set Variable" owner="BuiltIn">
<var>${save}</var>
<arg>//a[contains(text(),'Return Home')]</arg>
<doc>Returns the given values which can then be assigned to a variables.</doc>
<status status="NOT RUN" start="2024-04-10T13:00:24.266253" elapsed="0.000000"/>
</kw>
<kw name="Final Message" owner="common">
<arg>${save}</arg>
<arg>${logid}</arg>
<arg>${obj_ID}</arg>
<arg>${obj_Des}</arg>
<arg>${obj_Expected}</arg>
<arg>${obj_PActual}</arg>
<arg>${obj_NActual}</arg>
<arg>${screen}</arg>
<status status="NOT RUN" start="2024-04-10T13:00:24.266253" elapsed="0.000000"/>
</kw>
<kw name="E-FileStaging" owner="commonKeywords">
<arg>${WithholdingAgentName}</arg>
<arg>${obj_ID}</arg>
<status status="NOT RUN" start="2024-04-10T13:00:24.267254" elapsed="0.000000"/>
</kw>
<kw name="Click Element" owner="SeleniumLibrary">
<arg>//a[contains(text(),'Return Home')]</arg>
<doc>Click the element identified by ``locator``.</doc>
<status status="NOT RUN" start="2024-04-10T13:00:24.267254" elapsed="0.000000"/>
</kw>
<kw name="Sleep" owner="BuiltIn">
<arg>15s</arg>
<doc>Pauses the test executed for the given time.</doc>
<status status="NOT RUN" start="2024-04-10T13:00:24.267254" elapsed="0.000000"/>
</kw>
<var name="${i}"/>
<status status="NOT RUN" start="2024-04-10T13:00:23.906183" elapsed="0.361071"/>
</iter>
<var>${i}</var>
<value>2</value>
<value>10</value>
<status status="NOT RUN" start="2024-04-10T13:00:23.905204" elapsed="0.362050"/>
</for>
<status status="FAIL" start="2024-04-10T13:00:23.813050" elapsed="0.454204">No element matching 'startnew' found.</status>
</kw>
<status status="FAIL" start="2024-04-10T13:00:23.811047" elapsed="0.457206">No element matching 'startnew' found.</status>
</test>
<test id="s1-t3" name="Generate Report" line="40">
<kw name="Createh" owner="associatelib">
<msg time="2024-04-10T13:00:24.275972" level="FAIL">FileNotFoundError: [Errno 2] No such file or directory: 'MyFile.txt'</msg>
<status status="FAIL" start="2024-04-10T13:00:24.269939" elapsed="0.006033">FileNotFoundError: [Errno 2] No such file or directory: 'MyFile.txt'</status>
</kw>
<status status="FAIL" start="2024-04-10T13:00:24.269939" elapsed="0.007039">FileNotFoundError: [Errno 2] No such file or directory: 'MyFile.txt'</status>
</test>
<status status="FAIL" start="2024-04-10T12:58:55.177714" elapsed="89.100386"/>
</suite>
<statistics>
<total>
<stat pass="1" fail="2" skip="0">All Tests</stat>
</total>
<tag>
</tag>
<suite>
<stat pass="1" fail="2" skip="0" id="s1" name="1042">1042</stat>
</suite>
</statistics>
<errors>
<msg time="2024-04-10T12:58:55.937981" level="ERROR">Error in file 'D:\Form1042\Form1042\support\1042_support.robot' on line 5: Importing library 'D:\Form1042\Form1042\support\Pdfvalidation.py' failed: ModuleNotFoundError: No module named 'PyPDF2'
Traceback (most recent call last):
  File "D:\Form1042\Form1042\support\Pdfvalidation.py", line 1, in &lt;module&gt;
    from PyPDF2  import PdfReader
PYTHONPATH:
  D:\Form1042\Form1042\support
  C:\Users\STS693-PRADEEP KUMAR\AppData\Local\Programs\Python\Python312\Scripts\robot.exe
  C:\Users\STS693-PRADEEP KUMAR\AppData\Local\Programs\Python\Python312\python312.zip
  C:\Users\STS693-PRADEEP KUMAR\AppData\Local\Programs\Python\Python312\DLLs
  C:\Users\STS693-PRADEEP KUMAR\AppData\Local\Programs\Python\Python312\Lib
  C:\Users\STS693-PRADEEP KUMAR\AppData\Local\Programs\Python\Python312
  C:\Users\STS693-PRADEEP KUMAR\AppData\Local\Programs\Python\Python312\Lib\site-packages</msg>
<msg time="2024-04-10T12:58:55.945003" level="ERROR">Error in file 'D:\Form1042\Form1042\support\1042_support.robot' on line 6: Importing library 'D:\Form1042\Form1042\support\OTAvalidation.py' failed: ModuleNotFoundError: No module named 'bs4'
Traceback (most recent call last):
  File "D:\Form1042\Form1042\support\OTAvalidation.py", line 3, in &lt;module&gt;
    from bs4 import BeautifulSoup
PYTHONPATH:
  D:\Form1042\Form1042\support
  C:\Users\STS693-PRADEEP KUMAR\AppData\Local\Programs\Python\Python312\Scripts\robot.exe
  C:\Users\STS693-PRADEEP KUMAR\AppData\Local\Programs\Python\Python312\python312.zip
  C:\Users\STS693-PRADEEP KUMAR\AppData\Local\Programs\Python\Python312\DLLs
  C:\Users\STS693-PRADEEP KUMAR\AppData\Local\Programs\Python\Python312\Lib
  C:\Users\STS693-PRADEEP KUMAR\AppData\Local\Programs\Python\Python312
  C:\Users\STS693-PRADEEP KUMAR\AppData\Local\Programs\Python\Python312\Lib\site-packages</msg>
<msg time="2024-04-10T12:58:55.951042" level="ERROR">Error in file 'D:\Form1042\Form1042\support\1042_support.robot' on line 7: Importing library 'FakerLibrary' failed: ModuleNotFoundError: No module named 'pkg_resources'
Traceback (most recent call last):
  File "C:\Users\STS693-PRADEEP KUMAR\AppData\Local\Programs\Python\Python312\Lib\site-packages\FakerLibrary\__init__.py", line 1, in &lt;module&gt;
    import pkg_resources
PYTHONPATH:
  C:\Users\STS693-PRADEEP KUMAR\AppData\Local\Programs\Python\Python312\Scripts\robot.exe
  C:\Users\STS693-PRADEEP KUMAR\AppData\Local\Programs\Python\Python312\python312.zip
  C:\Users\STS693-PRADEEP KUMAR\AppData\Local\Programs\Python\Python312\DLLs
  C:\Users\STS693-PRADEEP KUMAR\AppData\Local\Programs\Python\Python312\Lib
  C:\Users\STS693-PRADEEP KUMAR\AppData\Local\Programs\Python\Python312
  C:\Users\STS693-PRADEEP KUMAR\AppData\Local\Programs\Python\Python312\Lib\site-packages</msg>
<msg time="2024-04-10T12:58:55.966468" level="ERROR">Error in file 'D:\Form1042\Form1042\support\1042_support.robot' on line 10: Importing library 'RPA.Excel.Files' failed: ModuleNotFoundError: No module named 'RPA'
Traceback (most recent call last):
  None
PYTHONPATH:
  C:\Users\STS693-PRADEEP KUMAR\AppData\Local\Programs\Python\Python312\Scripts\robot.exe
  C:\Users\STS693-PRADEEP KUMAR\AppData\Local\Programs\Python\Python312\python312.zip
  C:\Users\STS693-PRADEEP KUMAR\AppData\Local\Programs\Python\Python312\DLLs
  C:\Users\STS693-PRADEEP KUMAR\AppData\Local\Programs\Python\Python312\Lib
  C:\Users\STS693-PRADEEP KUMAR\AppData\Local\Programs\Python\Python312
  C:\Users\STS693-PRADEEP KUMAR\AppData\Local\Programs\Python\Python312\Lib\site-packages</msg>
</errors>
</robot>
