<?xml version="1.0" encoding="UTF-8"?>
<robot generator="Robot 6.1.1 (Python 3.10.7 on win32)" generated="20240306 20:06:51.913" rpa="false" schemaversion="4">
<suite id="s1" name="1042Ra" source="D:\Form1042\Test suite\Form1042RA\1042ra.robot">
<test id="s1-t1" name="Login to Account" line="6">
<kw name="ssettings" library="1042ra_support">
<kw name="Logid" library="associatelib">
<var>${logid}</var>
<msg timestamp="20240306 20:07:11.636" level="INFO">${logid} = Log_20240306200711</msg>
<status status="PASS" starttime="20240306 20:07:11.632" endtime="20240306 20:07:11.636"/>
</kw>
<kw name="Set Environment Variable" library="OperatingSystem">
<arg>logid</arg>
<arg>${logid}</arg>
<doc>Sets an environment variable to a specified value.</doc>
<msg timestamp="20240306 20:07:11.637" level="INFO">Environment variable 'logid' set to value 'Log_20240306200711'.</msg>
<status status="PASS" starttime="20240306 20:07:11.636" endtime="20240306 20:07:11.637"/>
</kw>
<kw name="Time" library="associatelib">
<var>${time}</var>
<msg timestamp="20240306 20:07:11.637" level="INFO">${time} = 20:07:11</msg>
<status status="PASS" starttime="20240306 20:07:11.637" endtime="20240306 20:07:11.637"/>
</kw>
<kw name="Set Environment Variable" library="OperatingSystem">
<arg>starttime</arg>
<arg>${time}</arg>
<doc>Sets an environment variable to a specified value.</doc>
<msg timestamp="20240306 20:07:11.637" level="INFO">Environment variable 'starttime' set to value '20:07:11'.</msg>
<status status="PASS" starttime="20240306 20:07:11.637" endtime="20240306 20:07:11.637"/>
</kw>
<status status="PASS" starttime="20240306 20:07:11.632" endtime="20240306 20:07:11.637"/>
</kw>
<kw name="Get Environment Variable" library="OperatingSystem">
<var>${logid}</var>
<arg>logid</arg>
<doc>Returns the value of an environment variable with the given name.</doc>
<msg timestamp="20240306 20:07:11.638" level="INFO">${logid} = Log_20240306200711</msg>
<status status="PASS" starttime="20240306 20:07:11.638" endtime="20240306 20:07:11.638"/>
</kw>
<kw name="Fndbget" library="associatelib">
<var>${apwd}</var>
<arg>select pcode from tb_autodata where SiteName='UAT-Form941'</arg>
<msg timestamp="20240306 20:07:15.099" level="INFO">${apwd} = spanqatesting</msg>
<status status="PASS" starttime="20240306 20:07:11.639" endtime="20240306 20:07:15.100"/>
</kw>
<kw name="Set Variable" library="BuiltIn">
<var>${siteURL}</var>
<arg>https://tbs-secure.spanstage.com/login</arg>
<doc>Returns the given values which can then be assigned to a variables.</doc>
<msg timestamp="20240306 20:07:15.102" level="INFO">${siteURL} = https://tbs-secure.spanstage.com/login</msg>
<status status="PASS" starttime="20240306 20:07:15.101" endtime="20240306 20:07:15.102"/>
</kw>
<kw name="Set Variable" library="BuiltIn">
<var>${uid}</var>
<arg>puvanasri.j+1042rastage@spantechnologyservices.com</arg>
<doc>Returns the given values which can then be assigned to a variables.</doc>
<msg timestamp="20240306 20:07:15.103" level="INFO">${uid} = puvanasri.j+1042rastage@spantechnologyservices.com</msg>
<status status="PASS" starttime="20240306 20:07:15.103" endtime="20240306 20:07:15.103"/>
</kw>
<kw name="Fndbget" library="associatelib">
<var>${pwd}</var>
<arg>select pwd from tb_autodata where SiteName='UAT-Form941'</arg>
<msg timestamp="20240306 20:07:16.146" level="INFO">${pwd} = Span@123</msg>
<status status="PASS" starttime="20240306 20:07:15.105" endtime="20240306 20:07:16.146"/>
</kw>
<kw name="Parse Xml" library="XML">
<var>${xml}</var>
<arg>../../Object Repository/1042.xml</arg>
<doc>Parses the given XML file or string into an element structure.</doc>
<msg timestamp="20240306 20:07:16.148" level="INFO">${xml} = &lt;Element 'OR' at 0x0000028DB502DC60&gt;</msg>
<status status="PASS" starttime="20240306 20:07:16.147" endtime="20240306 20:07:16.148"/>
</kw>
<kw name="Get Element Text" library="XML">
<var>${osigin}</var>
<arg>${xml}</arg>
<arg>signin</arg>
<doc>Returns all text of the element, possibly whitespace normalized.</doc>
<msg timestamp="20240306 20:07:16.149" level="INFO">${osigin} = //span[@class="v-btn__content" and contains(text(),"Sign In")]</msg>
<status status="PASS" starttime="20240306 20:07:16.149" endtime="20240306 20:07:16.149"/>
</kw>
<kw name="Get Element Text" library="XML">
<var>${ouid}</var>
<arg>${xml}</arg>
<arg>uid</arg>
<doc>Returns all text of the element, possibly whitespace normalized.</doc>
<msg timestamp="20240306 20:07:16.151" level="INFO">${ouid} = //label[contains(text(),"Email Address")]/following-sibling::input[1]</msg>
<status status="PASS" starttime="20240306 20:07:16.150" endtime="20240306 20:07:16.151"/>
</kw>
<kw name="Get Element Text" library="XML">
<var>${opwd}</var>
<arg>${xml}</arg>
<arg>pwd</arg>
<doc>Returns all text of the element, possibly whitespace normalized.</doc>
<msg timestamp="20240306 20:07:16.152" level="INFO">${opwd} = //label[contains(text(),"Password")]/following-sibling::input[1]</msg>
<status status="PASS" starttime="20240306 20:07:16.152" endtime="20240306 20:07:16.152"/>
</kw>
<kw name="Get Element Text" library="XML">
<var>${start}</var>
<arg>${xml}</arg>
<arg>start</arg>
<doc>Returns all text of the element, possibly whitespace normalized.</doc>
<msg timestamp="20240306 20:07:16.153" level="INFO">${start} = //span[@class="v-btn__content" and contains(text(),"Start New")]</msg>
<status status="PASS" starttime="20240306 20:07:16.153" endtime="20240306 20:07:16.154"/>
</kw>
<kw name="Get Element Text" library="XML">
<var>${form}</var>
<arg>${xml}</arg>
<arg>form</arg>
<doc>Returns all text of the element, possibly whitespace normalized.</doc>
<msg timestamp="20240306 20:07:16.159" level="INFO">${form} = //div[@class="v-list-item__title cursor-pointer" and text()="Form"]</msg>
<status status="PASS" starttime="20240306 20:07:16.157" endtime="20240306 20:07:16.159"/>
</kw>
<kw name="Set Variable" library="BuiltIn">
<var>${1042}</var>
<arg>(//span[contains(text(),"Form 1042")])[4]</arg>
<doc>Returns the given values which can then be assigned to a variables.</doc>
<msg timestamp="20240306 20:07:16.160" level="INFO">${1042} = (//span[contains(text(),"Form 1042")])[4]</msg>
<status status="PASS" starttime="20240306 20:07:16.160" endtime="20240306 20:07:16.160"/>
</kw>
<kw name="Open Window" library="common">
<arg>${siteURL}</arg>
<kw name="Evaluate" library="BuiltIn">
<var>${browse}</var>
<arg>random.choice(@{Browser})</arg>
<arg>random</arg>
<doc>Evaluates the given expression in Python and returns the result.</doc>
<msg timestamp="20240306 20:07:16.162" level="INFO">${browse} = Chrome</msg>
<status status="PASS" starttime="20240306 20:07:16.162" endtime="20240306 20:07:16.162"/>
</kw>
<kw name="Set Environment Variable" library="OperatingSystem">
<arg>browser</arg>
<arg>Chrome</arg>
<doc>Sets an environment variable to a specified value.</doc>
<msg timestamp="20240306 20:07:16.163" level="INFO">Environment variable 'browser' set to value 'Chrome'.</msg>
<status status="PASS" starttime="20240306 20:07:16.163" endtime="20240306 20:07:16.163"/>
</kw>
<kw name="Log To Console" library="BuiltIn">
<arg>${browse}</arg>
<doc>Logs the given message to the console.</doc>
<status status="PASS" starttime="20240306 20:07:16.163" endtime="20240306 20:07:16.164"/>
</kw>
<kw name="Set Environment Variable" library="OperatingSystem">
<arg>url</arg>
<arg>${siteURL}</arg>
<doc>Sets an environment variable to a specified value.</doc>
<msg timestamp="20240306 20:07:16.165" level="INFO">Environment variable 'url' set to value 'https://tbs-secure.spanstage.com/login'.</msg>
<status status="PASS" starttime="20240306 20:07:16.164" endtime="20240306 20:07:16.165"/>
</kw>
<kw name="Open Browser" library="SeleniumLibrary">
<arg>${siteURL}</arg>
<arg>Chrome</arg>
<doc>Opens a new browser instance to the optional ``url``.</doc>
<msg timestamp="20240306 20:07:16.166" level="INFO">Opening browser 'Chrome' to base url 'https://tbs-secure.spanstage.com/login'.</msg>
<status status="PASS" starttime="20240306 20:07:16.165" endtime="20240306 20:07:24.812"/>
</kw>
<status status="PASS" starttime="20240306 20:07:16.161" endtime="20240306 20:07:24.812"/>
</kw>
<kw name="Sleep" library="BuiltIn">
<arg>2s</arg>
<doc>Pauses the test executed for the given time.</doc>
<msg timestamp="20240306 20:07:26.822" level="INFO">Slept 2 seconds</msg>
<status status="PASS" starttime="20240306 20:07:24.813" endtime="20240306 20:07:26.823"/>
</kw>
<kw name="TestingPopUp" library="common">
<kw name="Sleep" library="BuiltIn">
<arg>2s</arg>
<doc>Pauses the test executed for the given time.</doc>
<msg timestamp="20240306 20:07:28.838" level="INFO">Slept 2 seconds</msg>
<status status="PASS" starttime="20240306 20:07:26.826" endtime="20240306 20:07:28.838"/>
</kw>
<kw name="Run Keyword And Return Status" library="BuiltIn">
<var>${passed}</var>
<arg>Wait Until Element Is Enabled</arg>
<arg>(//input[@type="password"])[2]</arg>
<arg>10s</arg>
<doc>Runs the given keyword with given arguments and returns the status as a Boolean value.</doc>
<kw name="Wait Until Element Is Enabled" library="SeleniumLibrary">
<arg>(//input[@type="password"])[2]</arg>
<arg>10s</arg>
<doc>Waits until the element ``locator`` is enabled.</doc>
<status status="PASS" starttime="20240306 20:07:28.840" endtime="20240306 20:07:28.972"/>
</kw>
<msg timestamp="20240306 20:07:28.973" level="INFO">${passed} = True</msg>
<status status="PASS" starttime="20240306 20:07:28.839" endtime="20240306 20:07:28.973"/>
</kw>
<kw name="Run Keyword If" library="BuiltIn">
<arg>${passed}</arg>
<arg>Input Text</arg>
<arg>(//input[@type="password"])[2]</arg>
<arg>spanqatesting</arg>
<doc>Runs the given keyword with the given arguments, if ``condition`` is true.</doc>
<kw name="Input Text" library="SeleniumLibrary">
<arg>(//input[@type="password"])[2]</arg>
<arg>spanqatesting</arg>
<doc>Types the given ``text`` into the text field identified by ``locator``.</doc>
<msg timestamp="20240306 20:07:28.975" level="INFO">Typing text 'spanqatesting' into text field '(//input[@type="password"])[2]'.</msg>
<status status="PASS" starttime="20240306 20:07:28.974" endtime="20240306 20:07:29.372"/>
</kw>
<status status="PASS" starttime="20240306 20:07:28.973" endtime="20240306 20:07:29.373"/>
</kw>
<kw name="Sleep" library="BuiltIn">
<arg>2s</arg>
<doc>Pauses the test executed for the given time.</doc>
<msg timestamp="20240306 20:07:31.384" level="INFO">Slept 2 seconds</msg>
<status status="PASS" starttime="20240306 20:07:29.373" endtime="20240306 20:07:31.385"/>
</kw>
<kw name="Run Keyword If" library="BuiltIn">
<arg>${passed}</arg>
<arg>Click Element</arg>
<arg>//span[text()="Continue"]</arg>
<doc>Runs the given keyword with the given arguments, if ``condition`` is true.</doc>
<kw name="Click Element" library="SeleniumLibrary">
<arg>//span[text()="Continue"]</arg>
<doc>Click the element identified by ``locator``.</doc>
<msg timestamp="20240306 20:07:31.391" level="INFO">Clicking element '//span[text()="Continue"]'.</msg>
<status status="PASS" starttime="20240306 20:07:31.389" endtime="20240306 20:07:31.583"/>
</kw>
<status status="PASS" starttime="20240306 20:07:31.386" endtime="20240306 20:07:31.583"/>
</kw>
<status status="PASS" starttime="20240306 20:07:26.825" endtime="20240306 20:07:31.583"/>
</kw>
<kw name="Singin_Page" library="common">
<arg>${ouid}</arg>
<arg>${uid}</arg>
<arg>${opwd}</arg>
<arg>${pwd}</arg>
<arg>${osigin}</arg>
<kw name="Input Text" library="SeleniumLibrary">
<arg>${ouid}</arg>
<arg>${uid}</arg>
<doc>Types the given ``text`` into the text field identified by ``locator``.</doc>
<msg timestamp="20240306 20:07:31.589" level="INFO">Typing text 'puvanasri.j+1042rastage@spantechnologyservices.com' into text field '//label[contains(text(),"Email Address")]/following-sibling::input[1]'.</msg>
<status status="PASS" starttime="20240306 20:07:31.588" endtime="20240306 20:07:32.402"/>
</kw>
<kw name="Set Global Variable" library="BuiltIn">
<arg>${uid}</arg>
<doc>Makes a variable available globally in all tests and suites.</doc>
<msg timestamp="20240306 20:07:32.403" level="INFO">${uid} = puvanasri.j+1042rastage@spantechnologyservices.com</msg>
<status status="PASS" starttime="20240306 20:07:32.403" endtime="20240306 20:07:32.404"/>
</kw>
<kw name="Set Environment Variable" library="OperatingSystem">
<arg>EmailAddress</arg>
<arg>${uid}</arg>
<doc>Sets an environment variable to a specified value.</doc>
<msg timestamp="20240306 20:07:32.405" level="INFO">Environment variable 'EmailAddress' set to value 'puvanasri.j+1042rastage@spantechnologyservices.com'.</msg>
<status status="PASS" starttime="20240306 20:07:32.404" endtime="20240306 20:07:32.405"/>
</kw>
<kw name="Input Text" library="SeleniumLibrary">
<arg>${opwd}</arg>
<arg>${pwd}</arg>
<doc>Types the given ``text`` into the text field identified by ``locator``.</doc>
<msg timestamp="20240306 20:07:32.407" level="INFO">Typing text 'Span@123' into text field '//label[contains(text(),"Password")]/following-sibling::input[1]'.</msg>
<status status="PASS" starttime="20240306 20:07:32.405" endtime="20240306 20:07:32.754"/>
</kw>
<kw name="Set Global Variable" library="BuiltIn">
<arg>${pwd}</arg>
<doc>Makes a variable available globally in all tests and suites.</doc>
<msg timestamp="20240306 20:07:32.755" level="INFO">${pwd} = Span@123</msg>
<status status="PASS" starttime="20240306 20:07:32.754" endtime="20240306 20:07:32.755"/>
</kw>
<kw name="Set Environment Variable" library="OperatingSystem">
<arg>Password</arg>
<arg>${pwd}</arg>
<doc>Sets an environment variable to a specified value.</doc>
<msg timestamp="20240306 20:07:32.756" level="INFO">Environment variable 'Password' set to value 'Span@123'.</msg>
<status status="PASS" starttime="20240306 20:07:32.756" endtime="20240306 20:07:32.756"/>
</kw>
<kw name="Run Keyword And Return Status" library="BuiltIn">
<var>${passed}</var>
<arg>Wait Until Element Is Enabled</arg>
<arg>${osigin}</arg>
<arg>10s</arg>
<doc>Runs the given keyword with given arguments and returns the status as a Boolean value.</doc>
<kw name="Wait Until Element Is Enabled" library="SeleniumLibrary">
<arg>${osigin}</arg>
<arg>10s</arg>
<doc>Waits until the element ``locator`` is enabled.</doc>
<status status="PASS" starttime="20240306 20:07:32.757" endtime="20240306 20:07:32.824"/>
</kw>
<msg timestamp="20240306 20:07:32.824" level="INFO">${passed} = True</msg>
<status status="PASS" starttime="20240306 20:07:32.757" endtime="20240306 20:07:32.824"/>
</kw>
<kw name="Click Element" library="SeleniumLibrary">
<arg>${osigin}</arg>
<doc>Click the element identified by ``locator``.</doc>
<msg timestamp="20240306 20:07:32.826" level="INFO">Clicking element '//span[@class="v-btn__content" and contains(text(),"Sign In")]'.</msg>
<status status="PASS" starttime="20240306 20:07:32.824" endtime="20240306 20:07:33.021"/>
</kw>
<status status="PASS" starttime="20240306 20:07:31.586" endtime="20240306 20:07:33.021"/>
</kw>
<kw name="Sleep" library="BuiltIn">
<arg>30s</arg>
<doc>Pauses the test executed for the given time.</doc>
<msg timestamp="20240306 20:08:03.036" level="INFO">Slept 30 seconds</msg>
<status status="PASS" starttime="20240306 20:07:33.022" endtime="20240306 20:08:03.037"/>
</kw>
<kw name="Run Keyword And Return Status" library="BuiltIn">
<var>${passed}</var>
<arg>SeleniumLibrary.Page Should Contain</arg>
<arg>Verify your Email to Sign-In</arg>
<arg>15s</arg>
<doc>Runs the given keyword with given arguments and returns the status as a Boolean value.</doc>
<kw name="Page Should Contain" library="SeleniumLibrary">
<arg>Verify your Email to Sign-In</arg>
<arg>15s</arg>
<doc>Verifies that current page contains ``text``.</doc>
<msg timestamp="20240306 20:08:04.410" level="INFO" html="true">&lt;/td&gt;&lt;/tr&gt;&lt;tr&gt;&lt;td colspan="3"&gt;&lt;a href="selenium-screenshot-1.png"&gt;&lt;img src="selenium-screenshot-1.png" width="800px"&gt;&lt;/a&gt;</msg>
<msg timestamp="20240306 20:08:04.410" level="FAIL">Invalid log level '15S'.</msg>
<status status="FAIL" starttime="20240306 20:08:03.038" endtime="20240306 20:08:04.412"/>
</kw>
<msg timestamp="20240306 20:08:04.412" level="INFO">${passed} = False</msg>
<status status="PASS" starttime="20240306 20:08:03.037" endtime="20240306 20:08:04.412"/>
</kw>
<kw name="Run Keyword If" library="BuiltIn">
<arg>${passed}</arg>
<arg>OTAvalidation</arg>
<doc>Runs the given keyword with the given arguments, if ``condition`` is true.</doc>
<status status="PASS" starttime="20240306 20:08:04.413" endtime="20240306 20:08:04.413"/>
</kw>
<kw name="Two Factor Authentication" library="common">
<kw name="Run Keyword And Return Status" library="BuiltIn">
<var>${passed}</var>
<arg>Wait Until Element Is Enabled</arg>
<arg>//span[@class="v-btn__content" and contains(text(), "Remind Me Later")]</arg>
<arg>10s</arg>
<doc>Runs the given keyword with given arguments and returns the status as a Boolean value.</doc>
<kw name="Wait Until Element Is Enabled" library="SeleniumLibrary">
<arg>//span[@class="v-btn__content" and contains(text(), "Remind Me Later")]</arg>
<arg>10s</arg>
<doc>Waits until the element ``locator`` is enabled.</doc>
<msg timestamp="20240306 20:08:14.618" level="INFO" html="true">&lt;/td&gt;&lt;/tr&gt;&lt;tr&gt;&lt;td colspan="3"&gt;&lt;a href="selenium-screenshot-2.png"&gt;&lt;img src="selenium-screenshot-2.png" width="800px"&gt;&lt;/a&gt;</msg>
<msg timestamp="20240306 20:08:14.618" level="FAIL">Element with locator '//span[@class="v-btn__content" and contains(text(), "Remind Me Later")]' not found.</msg>
<status status="FAIL" starttime="20240306 20:08:04.414" endtime="20240306 20:08:14.619"/>
</kw>
<msg timestamp="20240306 20:08:14.619" level="INFO">${passed} = False</msg>
<status status="PASS" starttime="20240306 20:08:04.414" endtime="20240306 20:08:14.619"/>
</kw>
<kw name="Run Keyword If" library="BuiltIn">
<arg>${passed}</arg>
<arg>Click Element</arg>
<arg>//span[@class="v-btn__content" and contains(text(), "Remind Me Later")]</arg>
<doc>Runs the given keyword with the given arguments, if ``condition`` is true.</doc>
<status status="PASS" starttime="20240306 20:08:14.619" endtime="20240306 20:08:14.619"/>
</kw>
<status status="PASS" starttime="20240306 20:08:04.413" endtime="20240306 20:08:14.619"/>
</kw>
<kw name="Remove Files" library="OperatingSystem">
<arg>../../Test suite/Form1042/Screenshot/*.png</arg>
<doc>Uses `Remove File` to remove multiple files one-by-one.</doc>
<msg timestamp="20240306 20:08:14.620" level="INFO" html="true">File '&lt;a href="file://D:\Form1042\Test suite\Form1042\Screenshot\*.png"&gt;D:\Form1042\Test suite\Form1042\Screenshot\*.png&lt;/a&gt;' does not exist.</msg>
<status status="PASS" starttime="20240306 20:08:14.620" endtime="20240306 20:08:14.620"/>
</kw>
<kw name="SelectNewForm1042" library="common">
<arg>${start}</arg>
<arg>${form}</arg>
<arg>${1042}</arg>
<kw name="Sleep" library="BuiltIn">
<arg>10s</arg>
<doc>Pauses the test executed for the given time.</doc>
<msg timestamp="20240306 20:08:24.631" level="INFO">Slept 10 seconds</msg>
<status status="PASS" starttime="20240306 20:08:14.621" endtime="20240306 20:08:24.631"/>
</kw>
<kw name="Run Keyword And Return Status" library="BuiltIn">
<var>${passed}</var>
<arg>Wait Until Element Is Enabled</arg>
<arg>//span[@class="v-btn__content" and contains(text(),"Start New Form")]</arg>
<arg>100s</arg>
<doc>Runs the given keyword with given arguments and returns the status as a Boolean value.</doc>
<kw name="Wait Until Element Is Enabled" library="SeleniumLibrary">
<arg>//span[@class="v-btn__content" and contains(text(),"Start New Form")]</arg>
<arg>100s</arg>
<doc>Waits until the element ``locator`` is enabled.</doc>
<status status="PASS" starttime="20240306 20:08:24.632" endtime="20240306 20:08:24.738"/>
</kw>
<msg timestamp="20240306 20:08:24.739" level="INFO">${passed} = True</msg>
<status status="PASS" starttime="20240306 20:08:24.631" endtime="20240306 20:08:24.739"/>
</kw>
<kw name="Run Keyword If" library="BuiltIn">
<arg>${passed}</arg>
<arg>Click Element</arg>
<arg>//span[@class="v-btn__content" and contains(text(),"Start New Form")]</arg>
<doc>Runs the given keyword with the given arguments, if ``condition`` is true.</doc>
<kw name="Click Element" library="SeleniumLibrary">
<arg>//span[@class="v-btn__content" and contains(text(),"Start New Form")]</arg>
<doc>Click the element identified by ``locator``.</doc>
<msg timestamp="20240306 20:08:24.743" level="INFO">Clicking element '//span[@class="v-btn__content" and contains(text(),"Start New Form")]'.</msg>
<status status="PASS" starttime="20240306 20:08:24.741" endtime="20240306 20:08:25.112"/>
</kw>
<status status="PASS" starttime="20240306 20:08:24.739" endtime="20240306 20:08:25.112"/>
</kw>
<kw name="Sleep" library="BuiltIn">
<arg>10s</arg>
<doc>Pauses the test executed for the given time.</doc>
<msg timestamp="20240306 20:08:35.128" level="INFO">Slept 10 seconds</msg>
<status status="PASS" starttime="20240306 20:08:25.113" endtime="20240306 20:08:35.128"/>
</kw>
<kw name="Run Keyword And Return Status" library="BuiltIn">
<var>${passed}</var>
<arg>Wait Until Element Is Enabled</arg>
<arg>${1042}</arg>
<arg>100s</arg>
<doc>Runs the given keyword with given arguments and returns the status as a Boolean value.</doc>
<kw name="Wait Until Element Is Enabled" library="SeleniumLibrary">
<arg>${1042}</arg>
<arg>100s</arg>
<doc>Waits until the element ``locator`` is enabled.</doc>
<msg timestamp="20240306 20:10:15.427" level="INFO" html="true">&lt;/td&gt;&lt;/tr&gt;&lt;tr&gt;&lt;td colspan="3"&gt;&lt;a href="selenium-screenshot-3.png"&gt;&lt;img src="selenium-screenshot-3.png" width="800px"&gt;&lt;/a&gt;</msg>
<msg timestamp="20240306 20:10:15.428" level="FAIL">Element with locator '(//span[contains(text(),"Form 1042")])[4]' not found.</msg>
<status status="FAIL" starttime="20240306 20:08:35.129" endtime="20240306 20:10:15.428"/>
</kw>
<msg timestamp="20240306 20:10:15.428" level="INFO">${passed} = False</msg>
<status status="PASS" starttime="20240306 20:08:35.129" endtime="20240306 20:10:15.428"/>
</kw>
<kw name="Run Keyword If" library="BuiltIn">
<arg>${passed}</arg>
<arg>Execute JavaScript</arg>
<arg>document.evaluate('${1042}', document, null, XPathResult.ORDERED_NODE_SNAPSHOT_TYPE, null).snapshotItem(0).click();</arg>
<doc>Runs the given keyword with the given arguments, if ``condition`` is true.</doc>
<status status="PASS" starttime="20240306 20:10:15.428" endtime="20240306 20:10:15.428"/>
</kw>
<kw name="Run Keyword And Return Status" library="BuiltIn">
<var>${passed}</var>
<arg>Wait Until Element Is Enabled</arg>
<arg>(//span[contains(text(),"Form 1042")])</arg>
<arg>100s</arg>
<doc>Runs the given keyword with given arguments and returns the status as a Boolean value.</doc>
<kw name="Wait Until Element Is Enabled" library="SeleniumLibrary">
<arg>(//span[contains(text(),"Form 1042")])</arg>
<arg>100s</arg>
<doc>Waits until the element ``locator`` is enabled.</doc>
<status status="PASS" starttime="20240306 20:10:15.429" endtime="20240306 20:10:15.467"/>
</kw>
<msg timestamp="20240306 20:10:15.467" level="INFO">${passed} = True</msg>
<status status="PASS" starttime="20240306 20:10:15.429" endtime="20240306 20:10:15.467"/>
</kw>
<kw name="Run Keyword If" library="BuiltIn">
<arg>${passed}</arg>
<arg>Execute JavaScript</arg>
<arg>document.evaluate('(//span[contains(text(),"Form 1042")])', document, null, XPathResult.ORDERED_NODE_SNAPSHOT_TYPE, null).snapshotItem(0).click();</arg>
<doc>Runs the given keyword with the given arguments, if ``condition`` is true.</doc>
<kw name="Execute Javascript" library="SeleniumLibrary">
<arg>document.evaluate('(//span[contains(text(),"Form 1042")])', document, null, XPathResult.ORDERED_NODE_SNAPSHOT_TYPE, null).snapshotItem(0).click();</arg>
<doc>Executes the given JavaScript code with possible arguments.</doc>
<msg timestamp="20240306 20:10:15.468" level="INFO">Executing JavaScript:
document.evaluate('(//span[contains(text(),"Form 1042")])', document, null, XPathResult.ORDERED_NODE_SNAPSHOT_TYPE, null).snapshotItem(0).click();
Without any arguments.</msg>
<status status="PASS" starttime="20240306 20:10:15.467" endtime="20240306 20:10:20.493"/>
</kw>
<status status="PASS" starttime="20240306 20:10:15.467" endtime="20240306 20:10:20.493"/>
</kw>
<status status="PASS" starttime="20240306 20:08:14.621" endtime="20240306 20:10:20.493"/>
</kw>
<kw name="Sleep" library="BuiltIn">
<arg>15s</arg>
<doc>Pauses the test executed for the given time.</doc>
<msg timestamp="20240306 20:10:35.503" level="INFO">Slept 15 seconds</msg>
<status status="PASS" starttime="20240306 20:10:20.495" endtime="20240306 20:10:35.504"/>
</kw>
<kw name="Run Keyword And Return Status" library="BuiltIn">
<var>${passed}</var>
<arg>Wait Until Element Is Enabled</arg>
<arg>(//span[@class="v-btn__content"])[28]</arg>
<arg>100s</arg>
<doc>Runs the given keyword with given arguments and returns the status as a Boolean value.</doc>
<kw name="Wait Until Element Is Enabled" library="SeleniumLibrary">
<arg>(//span[@class="v-btn__content"])[28]</arg>
<arg>100s</arg>
<doc>Waits until the element ``locator`` is enabled.</doc>
<status status="PASS" starttime="20240306 20:10:35.505" endtime="20240306 20:10:35.546"/>
</kw>
<msg timestamp="20240306 20:10:35.546" level="INFO">${passed} = True</msg>
<status status="PASS" starttime="20240306 20:10:35.504" endtime="20240306 20:10:35.546"/>
</kw>
<kw name="Run Keyword If" library="BuiltIn">
<arg>${passed}</arg>
<arg>Click Element</arg>
<arg>(//span[@class="v-btn__content"])[28]</arg>
<doc>Runs the given keyword with the given arguments, if ``condition`` is true.</doc>
<kw name="Click Element" library="SeleniumLibrary">
<arg>(//span[@class="v-btn__content"])[28]</arg>
<doc>Click the element identified by ``locator``.</doc>
<msg timestamp="20240306 20:10:35.550" level="INFO">Clicking element '(//span[@class="v-btn__content"])[28]'.</msg>
<msg timestamp="20240306 20:10:36.794" level="INFO" html="true">&lt;/td&gt;&lt;/tr&gt;&lt;tr&gt;&lt;td colspan="3"&gt;&lt;a href="selenium-screenshot-4.png"&gt;&lt;img src="selenium-screenshot-4.png" width="800px"&gt;&lt;/a&gt;</msg>
<msg timestamp="20240306 20:10:36.794" level="FAIL">ElementClickInterceptedException: Message: element click intercepted: Element &lt;span class="v-btn__content" data-no-activator=""&gt;...&lt;/span&gt; is not clickable at point (907, 399). Other element would receive the click: &lt;li class="v-pagination__prev" data-test="v-pagination-prev"&gt;...&lt;/li&gt;
  (Session info: chrome=122.0.6261.95)
Stacktrace:
	GetHandleVerifier [0x00007FF7BEBDAD22+56930]
	(No symbol) [0x00007FF7BEB4F622]
	(No symbol) [0x00007FF7BEA042E5]
	(No symbol) [0x00007FF7BEA50A80]
	(No symbol) [0x00007FF7BEA4E8AB]
	(No symbol) [0x00007FF7BEA4C0B4]
	(No symbol) [0x00007FF7BEA4AE45]
	(No symbol) [0x00007FF7BEA3F798]
	(No symbol) [0x00007FF7BEA6BC9A]
	(No symbol) [0x00007FF7BEA3F09A]
	(No symbol) [0x00007FF7BEA6BEB0]
	(No symbol) [0x00007FF7BEA881E2]
	(No symbol) [0x00007FF7BEA6BA43]
	(No symbol) [0x00007FF7BEA3D438]
	(No symbol) [0x00007FF7BEA3E4D1]
	GetHandleVerifier [0x00007FF7BEF56AAD+3709933]
	GetHandleVerifier [0x00007FF7BEFAFFED+4075821]
	GetHandleVerifier [0x00007FF7BEFA817F+4043455]
	GetHandleVerifier [0x00007FF7BEC79756+706710]
	(No symbol) [0x00007FF7BEB5B8FF]
	(No symbol) [0x00007FF7BEB56AE4]
	(No symbol) [0x00007FF7BEB56C3C]
	(No symbol) [0x00007FF7BEB468F4]
	BaseThreadInitThunk [0x00007FFB85977344+20]
	RtlUserThreadStart [0x00007FFB865026B1+33]
</msg>
<status status="FAIL" starttime="20240306 20:10:35.550" endtime="20240306 20:10:36.797"/>
</kw>
<status status="FAIL" starttime="20240306 20:10:35.550" endtime="20240306 20:10:36.797"/>
</kw>
<kw name="Sleep" library="BuiltIn">
<arg>10s</arg>
<doc>Pauses the test executed for the given time.</doc>
<status status="NOT RUN" starttime="20240306 20:10:36.798" endtime="20240306 20:10:36.798"/>
</kw>
<status status="FAIL" starttime="20240306 20:07:11.630" endtime="20240306 20:10:36.799">ElementClickInterceptedException: Message: element click intercepted: Element &lt;span class="v-btn__content" data-no-activator=""&gt;...&lt;/span&gt; is not clickable at point (907, 399). Other element would receive the click: &lt;li class="v-pagination__prev" data-test="v-pagination-prev"&gt;...&lt;/li&gt;
  (Session info: chrome=122.0.6261.95)
Stacktrace:
	GetHandleVerifier [0x00007FF7BEBDAD22+56930]
	(No symbol) [0x00007FF7BEB4F622]
	(No symbol) [0x00007FF7BEA042E5]
	(No symbol) [0x00007FF7BEA50A80]
	(No symbol) [0x00007FF7BEA4E8AB]
	(No symbol) [0x00007FF7BEA4C0B4]
	(No symbol) [0x00007FF7BEA4AE45]
	(No symbol) [0x00007FF7BEA3F798]
	(No symbol) [0x00007FF7BEA6BC9A]
	(No symbol) [0x00007FF7BEA3F09A]
	(No symbol) [0x00007FF7BEA6BEB0]
	(No symbol) [0x00007FF7BEA881E2]
	(No symbol) [0x00007FF7BEA6BA43]
	(No symbol) [0x00007FF7BEA3D438]
	(No symbol) [0x00007FF7BEA3E4D1]
	GetHandleVerifier [0x00007FF7BEF56AAD+3709933]
	GetHandleVerifier [0x00007FF7BEFAFFED+4075821]
	GetHandleVerifier [0x00007FF7BEFA817F+4043455]
	GetHandleVerifier [0x00007FF7BEC79756+706710]
	(No symbol) [0x00007FF7BEB5B8FF]
	(No symbol) [0x00007FF7BEB56AE4]
	(No symbol) [0x00007FF7BEB56C3C]
	(No symbol) [0x00007FF7BEB468F4]
	BaseThreadInitThunk [0x00007FFB85977344+20]
	RtlUserThreadStart [0x00007FFB865026B1+33]
</status>
</test>
<test id="s1-t2" name="GenerateReturn-Form1042" line="37">
<kw name="ProcessReturn-Form1042RA" library="1042ra">
<kw name="Locators_1042" library="Form1042Locators">
<kw name="Parse Xml" library="XML">
<var>${xml}</var>
<arg>../../Object Repository/1042.xml</arg>
<doc>Parses the given XML file or string into an element structure.</doc>
<msg timestamp="20240306 20:10:36.808" level="INFO">${xml} = &lt;Element 'OR' at 0x0000028DB50FEB60&gt;</msg>
<status status="PASS" starttime="20240306 20:10:36.808" endtime="20240306 20:10:36.808"/>
</kw>
<kw name="Get Environment Variable" library="OperatingSystem">
<var>${logid}</var>
<arg>logid</arg>
<doc>Returns the value of an environment variable with the given name.</doc>
<msg timestamp="20240306 20:10:36.809" level="INFO">${logid} = Log_20240306200711</msg>
<status status="PASS" starttime="20240306 20:10:36.808" endtime="20240306 20:10:36.809"/>
</kw>
<kw name="Get Element Text" library="XML">
<var>${OChapter3SC}</var>
<arg>${xml}</arg>
<arg>Chapter3SC</arg>
<doc>Returns all text of the element, possibly whitespace normalized.</doc>
<msg timestamp="20240306 20:10:36.809" level="INFO">${OChapter3SC} = //div[@class="v-list-item__title" and contains(text(),"02 U.S. Withholding Agent  Other")]</msg>
<status status="PASS" starttime="20240306 20:10:36.809" endtime="20240306 20:10:36.809"/>
</kw>
<kw name="Get Element Text" library="XML">
<var>${OWithholdingAgentName}</var>
<arg>${xml}</arg>
<arg>WithholdingAgentName</arg>
<doc>Returns all text of the element, possibly whitespace normalized.</doc>
<msg timestamp="20240306 20:10:36.809" level="INFO">${OWithholdingAgentName} = (//label[@class="v-label v-field-label"])[1]/following-sibling::input</msg>
<status status="PASS" starttime="20240306 20:10:36.809" endtime="20240306 20:10:36.809"/>
</kw>
<kw name="Get Element Text" library="XML">
<var>${OWithholdingAgentEIN}</var>
<arg>${xml}</arg>
<arg>OWithholdingAgentEIN</arg>
<doc>Returns all text of the element, possibly whitespace normalized.</doc>
<msg timestamp="20240306 20:10:36.810" level="INFO">${OWithholdingAgentEIN} = (//label[@class="v-label v-field-label"])[2]/following-sibling::input</msg>
<status status="PASS" starttime="20240306 20:10:36.809" endtime="20240306 20:10:36.810"/>
</kw>
<kw name="Get Element Text" library="XML">
<var>${OEIN}</var>
<arg>${xml}</arg>
<arg>EIN</arg>
<doc>Returns all text of the element, possibly whitespace normalized.</doc>
<msg timestamp="20240306 20:10:36.810" level="INFO">${OEIN} = (//label[@class="v-label v-label--clickable"])[1]</msg>
<status status="PASS" starttime="20240306 20:10:36.810" endtime="20240306 20:10:36.810"/>
</kw>
<kw name="Get Element Text" library="XML">
<var>${OQI-EIN}</var>
<arg>${xml}</arg>
<arg>QI-EIN</arg>
<doc>Returns all text of the element, possibly whitespace normalized.</doc>
<msg timestamp="20240306 20:10:36.810" level="INFO">${OQI-EIN} = (//label[@class="v-label v-label--clickable"])[2]</msg>
<status status="PASS" starttime="20240306 20:10:36.810" endtime="20240306 20:10:36.810"/>
</kw>
<kw name="Get Element Text" library="XML">
<var>${OWP-EIN}</var>
<arg>${xml}</arg>
<arg>WP-EIN</arg>
<doc>Returns all text of the element, possibly whitespace normalized.</doc>
<msg timestamp="20240306 20:10:36.811" level="INFO">${OWP-EIN} = (//label[@class="v-label v-label--clickable"])[3]</msg>
<status status="PASS" starttime="20240306 20:10:36.810" endtime="20240306 20:10:36.811"/>
</kw>
<kw name="Get Element Text" library="XML">
<var>${OWT-EIN}</var>
<arg>${xml}</arg>
<arg>WT-EIN</arg>
<doc>Returns all text of the element, possibly whitespace normalized.</doc>
<msg timestamp="20240306 20:10:36.811" level="INFO">${OWT-EIN} = (//label[@class="v-label v-label--clickable"])[4]</msg>
<status status="PASS" starttime="20240306 20:10:36.811" endtime="20240306 20:10:36.811"/>
</kw>
<kw name="Get Element Text" library="XML">
<var>${ONQI-EIN}</var>
<arg>${xml}</arg>
<arg>NQI-EIN</arg>
<doc>Returns all text of the element, possibly whitespace normalized.</doc>
<msg timestamp="20240306 20:10:36.812" level="INFO">${ONQI-EIN} = (//label[@class="v-label v-label--clickable"])[5]</msg>
<status status="PASS" starttime="20240306 20:10:36.812" endtime="20240306 20:10:36.812"/>
</kw>
<kw name="Get Element Text" library="XML">
<var>${OIsForeignAddr}</var>
<arg>${xml}</arg>
<arg>IsForeignAddr</arg>
<doc>Returns all text of the element, possibly whitespace normalized.</doc>
<msg timestamp="20240306 20:10:36.812" level="INFO">${OIsForeignAddr} = (//label[@class="v-label v-label--clickable"])[6]</msg>
<status status="PASS" starttime="20240306 20:10:36.812" endtime="20240306 20:10:36.812"/>
</kw>
<kw name="Get Element Text" library="XML">
<var>${OWHAddress1}</var>
<arg>${xml}</arg>
<arg>WHAddress1</arg>
<doc>Returns all text of the element, possibly whitespace normalized.</doc>
<msg timestamp="20240306 20:10:36.813" level="INFO">${OWHAddress1} = (//label[@class="v-label v-field-label"])[3]/following-sibling::input</msg>
<status status="PASS" starttime="20240306 20:10:36.812" endtime="20240306 20:10:36.813"/>
</kw>
<kw name="Get Element Text" library="XML">
<var>${OWHAddress2}</var>
<arg>${xml}</arg>
<arg>WHAddress2</arg>
<doc>Returns all text of the element, possibly whitespace normalized.</doc>
<msg timestamp="20240306 20:10:36.813" level="INFO">${OWHAddress2} = (//label[@class="v-label v-field-label"])[4]/following-sibling::input</msg>
<status status="PASS" starttime="20240306 20:10:36.813" endtime="20240306 20:10:36.813"/>
</kw>
<kw name="Get Element Text" library="XML">
<var>${OWHCity}</var>
<arg>${xml}</arg>
<arg>WHCity</arg>
<doc>Returns all text of the element, possibly whitespace normalized.</doc>
<msg timestamp="20240306 20:10:36.814" level="INFO">${OWHCity} = (//label[@class="v-label v-field-label"])[5]/following-sibling::input</msg>
<status status="PASS" starttime="20240306 20:10:36.814" endtime="20240306 20:10:36.814"/>
</kw>
<kw name="Get Element Text" library="XML">
<var>${OWHState}</var>
<arg>${xml}</arg>
<arg>WHState</arg>
<doc>Returns all text of the element, possibly whitespace normalized.</doc>
<msg timestamp="20240306 20:10:36.815" level="INFO">${OWHState} = (//div[@class="v-field__input"])[1]</msg>
<status status="PASS" starttime="20240306 20:10:36.815" endtime="20240306 20:10:36.815"/>
</kw>
<kw name="Get Element Text" library="XML">
<var>${OWHCountry}</var>
<arg>${xml}</arg>
<arg>WHCountry</arg>
<doc>Returns all text of the element, possibly whitespace normalized.</doc>
<msg timestamp="20240306 20:10:36.815" level="INFO">${OWHCountry} = (//div[@class="v-field__input"])[1]</msg>
<status status="PASS" starttime="20240306 20:10:36.815" endtime="20240306 20:10:36.815"/>
</kw>
<kw name="Get Element Text" library="XML">
<var>${OWHZipCode}</var>
<arg>${xml}</arg>
<arg>WHZipCode</arg>
<doc>Returns all text of the element, possibly whitespace normalized.</doc>
<msg timestamp="20240306 20:10:36.816" level="INFO">${OWHZipCode} = (//label[@class="v-label v-field-label"])[7]/following-sibling::input</msg>
<status status="PASS" starttime="20240306 20:10:36.815" endtime="20240306 20:10:36.816"/>
</kw>
<kw name="Get Element Text" library="XML">
<var>${OWHPostalCode}</var>
<arg>${xml}</arg>
<arg>WHPostalCode</arg>
<doc>Returns all text of the element, possibly whitespace normalized.</doc>
<msg timestamp="20240306 20:10:36.816" level="INFO">${OWHPostalCode} = (//label[@class="v-label v-field-label"])[7]/following-sibling::input</msg>
<status status="PASS" starttime="20240306 20:10:36.816" endtime="20240306 20:10:36.816"/>
</kw>
<kw name="Get Element Text" library="XML">
<var>${OWHContactName}</var>
<arg>${xml}</arg>
<arg>WHContactName</arg>
<doc>Returns all text of the element, possibly whitespace normalized.</doc>
<msg timestamp="20240306 20:10:36.816" level="INFO">${OWHContactName} = (//label[@class="v-label v-field-label"])[8]/following-sibling::input</msg>
<status status="PASS" starttime="20240306 20:10:36.816" endtime="20240306 20:10:36.817"/>
</kw>
<kw name="Get Element Text" library="XML">
<var>${OWHEmail}</var>
<arg>${xml}</arg>
<arg>WHEmail</arg>
<doc>Returns all text of the element, possibly whitespace normalized.</doc>
<msg timestamp="20240306 20:10:36.817" level="INFO">${OWHEmail} = (//label[@class="v-label v-field-label"])[9]/following-sibling::input</msg>
<status status="PASS" starttime="20240306 20:10:36.817" endtime="20240306 20:10:36.817"/>
</kw>
<kw name="Get Element Text" library="XML">
<var>${OWHPhone}</var>
<arg>${xml}</arg>
<arg>WHPhone</arg>
<doc>Returns all text of the element, possibly whitespace normalized.</doc>
<msg timestamp="20240306 20:10:36.817" level="INFO">${OWHPhone} = (//label[@class="v-label v-field-label"])[10]/following-sibling::input</msg>
<status status="PASS" starttime="20240306 20:10:36.817" endtime="20240306 20:10:36.817"/>
</kw>
<kw name="Get Element Text" library="XML">
<var>${OWHFax}</var>
<arg>${xml}</arg>
<arg>WHFax</arg>
<doc>Returns all text of the element, possibly whitespace normalized.</doc>
<msg timestamp="20240306 20:10:36.818" level="INFO">${OWHFax} = (//label[@class="v-label v-field-label"])[11]/following-sibling::input</msg>
<status status="PASS" starttime="20240306 20:10:36.817" endtime="20240306 20:10:36.818"/>
</kw>
<kw name="Get Element Text" library="XML">
<var>${OWHSignatoryName}</var>
<arg>${xml}</arg>
<arg>WHSignatoryName</arg>
<doc>Returns all text of the element, possibly whitespace normalized.</doc>
<msg timestamp="20240306 20:10:36.818" level="INFO">${OWHSignatoryName} = (//label[@class="v-label v-field-label"])[12]/following-sibling::input</msg>
<status status="PASS" starttime="20240306 20:10:36.818" endtime="20240306 20:10:36.818"/>
</kw>
<kw name="Get Element Text" library="XML">
<var>${OWHTitle}</var>
<arg>${xml}</arg>
<arg>WHTitle</arg>
<doc>Returns all text of the element, possibly whitespace normalized.</doc>
<msg timestamp="20240306 20:10:36.818" level="INFO">${OWHTitle} = (//label[@class="v-label v-field-label"])[13]/following-sibling::input</msg>
<status status="PASS" starttime="20240306 20:10:36.818" endtime="20240306 20:10:36.818"/>
</kw>
<kw name="Get Element Text" library="XML">
<var>${OWHDaytimePhone}</var>
<arg>${xml}</arg>
<arg>WHDaytimePhone</arg>
<doc>Returns all text of the element, possibly whitespace normalized.</doc>
<msg timestamp="20240306 20:10:36.819" level="INFO">${OWHDaytimePhone} = (//label[@class="v-label v-field-label"])[14]/following-sibling::input</msg>
<status status="PASS" starttime="20240306 20:10:36.818" endtime="20240306 20:10:36.819"/>
</kw>
<kw name="Get Element Text" library="XML">
<var>${OJan7}</var>
<arg>${xml}</arg>
<arg>Jan07</arg>
<doc>Returns all text of the element, possibly whitespace normalized.</doc>
<msg timestamp="20240306 20:10:36.819" level="INFO">${OJan7} = (//td[contains(text(),"Jan.")])[1]/..//following-sibling::div/div[4]/label/following-sibling::input</msg>
<status status="PASS" starttime="20240306 20:10:36.819" endtime="20240306 20:10:36.819"/>
</kw>
<kw name="Get Element Text" library="XML">
<var>${OJan15}</var>
<arg>${xml}</arg>
<arg>Jan15</arg>
<doc>Returns all text of the element, possibly whitespace normalized.</doc>
<msg timestamp="20240306 20:10:36.820" level="INFO">${OJan15} = (//tbody/tr/td[contains(text()," Jan. ")])[1]/../following-sibling::tr[1]/td[3]/div/div/div/div/label/following-sibling::input</msg>
<status status="PASS" starttime="20240306 20:10:36.819" endtime="20240306 20:10:36.820"/>
</kw>
<kw name="Get Element Text" library="XML">
<var>${OJan22}</var>
<arg>${xml}</arg>
<arg>Jan22</arg>
<doc>Returns all text of the element, possibly whitespace normalized.</doc>
<msg timestamp="20240306 20:10:36.820" level="INFO">${OJan22} = (//tbody/tr/td[contains(text()," Jan. ")])[1]/../following-sibling::tr[2]/td[3]/div/div/div/div/label/following-sibling::input</msg>
<status status="PASS" starttime="20240306 20:10:36.820" endtime="20240306 20:10:36.820"/>
</kw>
<kw name="Get Element Text" library="XML">
<var>${OJan31}</var>
<arg>${xml}</arg>
<arg>Jan31</arg>
<doc>Returns all text of the element, possibly whitespace normalized.</doc>
<msg timestamp="20240306 20:10:36.820" level="INFO">${OJan31} = (//tbody/tr/td[contains(text()," Jan. ")])[1]/../following-sibling::tr[3]/td[3]/div/div/div/div/label/following-sibling::input</msg>
<status status="PASS" starttime="20240306 20:10:36.820" endtime="20240306 20:10:36.820"/>
</kw>
<kw name="Get Element Text" library="XML">
<var>${OJanTotal}</var>
<arg>${xml}</arg>
<arg>JanTotal</arg>
<doc>Returns all text of the element, possibly whitespace normalized.</doc>
<msg timestamp="20240306 20:10:36.820" level="INFO">${OJanTotal} = ((//td[contains(text()," Jan. total ")])[1]/following-sibling::td/descendant::div)[12]/label/following-sibling::input</msg>
<status status="PASS" starttime="20240306 20:10:36.820" endtime="20240306 20:10:36.821"/>
</kw>
<kw name="Get Element Text" library="XML">
<var>${OFeb07}</var>
<arg>${xml}</arg>
<arg>Feb07</arg>
<doc>Returns all text of the element, possibly whitespace normalized.</doc>
<msg timestamp="20240306 20:10:36.821" level="INFO">${OFeb07} = (//td[contains(text(),"Feb.")])[1]/..//following-sibling::div/div[4]/label/following-sibling::input</msg>
<status status="PASS" starttime="20240306 20:10:36.821" endtime="20240306 20:10:36.821"/>
</kw>
<kw name="Get Element Text" library="XML">
<var>${OFeb15}</var>
<arg>${xml}</arg>
<arg>Feb15</arg>
<doc>Returns all text of the element, possibly whitespace normalized.</doc>
<msg timestamp="20240306 20:10:36.821" level="INFO">${OFeb15} = (//tbody/tr/td[contains(text()," Feb. ")])[1]/../following-sibling::tr[1]/td[3]/div/div/div/div/label/following-sibling::input</msg>
<status status="PASS" starttime="20240306 20:10:36.821" endtime="20240306 20:10:36.821"/>
</kw>
<kw name="Get Element Text" library="XML">
<var>${OFeb22}</var>
<arg>${xml}</arg>
<arg>Feb22</arg>
<doc>Returns all text of the element, possibly whitespace normalized.</doc>
<msg timestamp="20240306 20:10:36.821" level="INFO">${OFeb22} = (//tbody/tr/td[contains(text()," Feb. ")])[1]/../following-sibling::tr[2]/td[3]/div/div/div/div/label/following-sibling::input</msg>
<status status="PASS" starttime="20240306 20:10:36.821" endtime="20240306 20:10:36.821"/>
</kw>
<kw name="Get Element Text" library="XML">
<var>${OFeb28}</var>
<arg>${xml}</arg>
<arg>Feb28</arg>
<doc>Returns all text of the element, possibly whitespace normalized.</doc>
<msg timestamp="20240306 20:10:36.822" level="INFO">${OFeb28} = (//tbody/tr/td[contains(text()," Feb. ")])[1]/../following-sibling::tr[3]/td[3]/div/div/div/div/label/following-sibling::input</msg>
<status status="PASS" starttime="20240306 20:10:36.822" endtime="20240306 20:10:36.822"/>
</kw>
<kw name="Get Element Text" library="XML">
<var>${OFebTotal}</var>
<arg>${xml}</arg>
<arg>FebTotal</arg>
<doc>Returns all text of the element, possibly whitespace normalized.</doc>
<msg timestamp="20240306 20:10:36.822" level="INFO">${OFebTotal} = ((//td[contains(text()," Feb. total ")])[1]/following-sibling::td/descendant::div)[12]/label/following-sibling::input</msg>
<status status="PASS" starttime="20240306 20:10:36.822" endtime="20240306 20:10:36.822"/>
</kw>
<kw name="Get Element Text" library="XML">
<var>${OMar07}</var>
<arg>${xml}</arg>
<arg>Mar07</arg>
<doc>Returns all text of the element, possibly whitespace normalized.</doc>
<msg timestamp="20240306 20:10:36.822" level="INFO">${OMar07} = (//td[contains(text(),"Mar.")])[1]/..//following-sibling::div/div[4]/label/following-sibling::input</msg>
<status status="PASS" starttime="20240306 20:10:36.822" endtime="20240306 20:10:36.822"/>
</kw>
<kw name="Get Element Text" library="XML">
<var>${OMar15}</var>
<arg>${xml}</arg>
<arg>Mar15</arg>
<doc>Returns all text of the element, possibly whitespace normalized.</doc>
<msg timestamp="20240306 20:10:36.823" level="INFO">${OMar15} = (//tbody/tr/td[contains(text()," Mar. ")])[1]/../following-sibling::tr[1]/td[3]/div/div/div/div/label/following-sibling::input</msg>
<status status="PASS" starttime="20240306 20:10:36.823" endtime="20240306 20:10:36.823"/>
</kw>
<kw name="Get Element Text" library="XML">
<var>${OMar22}</var>
<arg>${xml}</arg>
<arg>Mar22</arg>
<doc>Returns all text of the element, possibly whitespace normalized.</doc>
<msg timestamp="20240306 20:10:36.823" level="INFO">${OMar22} = (//tbody/tr/td[contains(text()," Mar. ")])[1]/../following-sibling::tr[2]/td[3]/div/div/div/div/label/following-sibling::input</msg>
<status status="PASS" starttime="20240306 20:10:36.823" endtime="20240306 20:10:36.823"/>
</kw>
<kw name="Get Element Text" library="XML">
<var>${OMar31}</var>
<arg>${xml}</arg>
<arg>Mar31</arg>
<doc>Returns all text of the element, possibly whitespace normalized.</doc>
<msg timestamp="20240306 20:10:36.823" level="INFO">${OMar31} = (//tbody/tr/td[contains(text()," Mar. ")])[1]/../following-sibling::tr[3]/td[3]/div/div/div/div/label/following-sibling::input</msg>
<status status="PASS" starttime="20240306 20:10:36.823" endtime="20240306 20:10:36.824"/>
</kw>
<kw name="Get Element Text" library="XML">
<var>${OMarTotal}</var>
<arg>${xml}</arg>
<arg>MarTotal</arg>
<doc>Returns all text of the element, possibly whitespace normalized.</doc>
<msg timestamp="20240306 20:10:36.824" level="INFO">${OMarTotal} = ((//td[contains(text()," Mar. total ")])[1]/following-sibling::td/descendant::div)[12]/label/following-sibling::input</msg>
<status status="PASS" starttime="20240306 20:10:36.824" endtime="20240306 20:10:36.824"/>
</kw>
<kw name="Get Element Text" library="XML">
<var>${OApr07}</var>
<arg>${xml}</arg>
<arg>Apr07</arg>
<doc>Returns all text of the element, possibly whitespace normalized.</doc>
<msg timestamp="20240306 20:10:36.824" level="INFO">${OApr07} = (//td[contains(text(),"Apr.")])[1]/..//following-sibling::div/div[4]/label/following-sibling::input</msg>
<status status="PASS" starttime="20240306 20:10:36.824" endtime="20240306 20:10:36.824"/>
</kw>
<kw name="Get Element Text" library="XML">
<var>${OApr15}</var>
<arg>${xml}</arg>
<arg>Apr15</arg>
<doc>Returns all text of the element, possibly whitespace normalized.</doc>
<msg timestamp="20240306 20:10:36.825" level="INFO">${OApr15} = (//tbody/tr/td[contains(text()," Apr. ")])[1]/../following-sibling::tr[1]/td[3]/div/div/div/div/label/following-sibling::input</msg>
<status status="PASS" starttime="20240306 20:10:36.824" endtime="20240306 20:10:36.825"/>
</kw>
<kw name="Get Element Text" library="XML">
<var>${OApr22}</var>
<arg>${xml}</arg>
<arg>Apr22</arg>
<doc>Returns all text of the element, possibly whitespace normalized.</doc>
<msg timestamp="20240306 20:10:36.825" level="INFO">${OApr22} = (//tbody/tr/td[contains(text()," Apr. ")])[1]/../following-sibling::tr[2]/td[3]/div/div/div/div/label/following-sibling::input</msg>
<status status="PASS" starttime="20240306 20:10:36.825" endtime="20240306 20:10:36.825"/>
</kw>
<kw name="Get Element Text" library="XML">
<var>${OApr30}</var>
<arg>${xml}</arg>
<arg>Apr30</arg>
<doc>Returns all text of the element, possibly whitespace normalized.</doc>
<msg timestamp="20240306 20:10:36.825" level="INFO">${OApr30} = (//tbody/tr/td[contains(text()," Apr. ")])[1]/../following-sibling::tr[3]/td[3]/div/div/div/div/label/following-sibling::input</msg>
<status status="PASS" starttime="20240306 20:10:36.825" endtime="20240306 20:10:36.825"/>
</kw>
<kw name="Get Element Text" library="XML">
<var>${OAprTotal}</var>
<arg>${xml}</arg>
<arg>AprTotal</arg>
<doc>Returns all text of the element, possibly whitespace normalized.</doc>
<msg timestamp="20240306 20:10:36.826" level="INFO">${OAprTotal} = ((//td[contains(text()," Apr. total ")])[1]/following-sibling::td/descendant::div)[12]/label/following-sibling::input</msg>
<status status="PASS" starttime="20240306 20:10:36.825" endtime="20240306 20:10:36.826"/>
</kw>
<kw name="Get Element Text" library="XML">
<var>${OMay07}</var>
<arg>${xml}</arg>
<arg>May07</arg>
<doc>Returns all text of the element, possibly whitespace normalized.</doc>
<msg timestamp="20240306 20:10:36.826" level="INFO">${OMay07} = (//td[contains(text(),"May")])[1]/..//following-sibling::div/div[4]/label/following-sibling::input</msg>
<status status="PASS" starttime="20240306 20:10:36.826" endtime="20240306 20:10:36.826"/>
</kw>
<kw name="Get Element Text" library="XML">
<var>${OMay15}</var>
<arg>${xml}</arg>
<arg>May15</arg>
<doc>Returns all text of the element, possibly whitespace normalized.</doc>
<msg timestamp="20240306 20:10:36.827" level="INFO">${OMay15} = (//tbody/tr/td[contains(text()," May ")])[1]/../following-sibling::tr[1]/td[3]/div/div/div/div/label/following-sibling::input</msg>
<status status="PASS" starttime="20240306 20:10:36.827" endtime="20240306 20:10:36.827"/>
</kw>
<kw name="Get Element Text" library="XML">
<var>${OMay22}</var>
<arg>${xml}</arg>
<arg>May22</arg>
<doc>Returns all text of the element, possibly whitespace normalized.</doc>
<msg timestamp="20240306 20:10:36.827" level="INFO">${OMay22} = (//tbody/tr/td[contains(text()," May ")])[1]/../following-sibling::tr[2]/td[3]/div/div/div/div/label/following-sibling::input</msg>
<status status="PASS" starttime="20240306 20:10:36.827" endtime="20240306 20:10:36.827"/>
</kw>
<kw name="Get Element Text" library="XML">
<var>${OMay31}</var>
<arg>${xml}</arg>
<arg>May31</arg>
<doc>Returns all text of the element, possibly whitespace normalized.</doc>
<msg timestamp="20240306 20:10:36.828" level="INFO">${OMay31} = (//tbody/tr/td[contains(text()," May ")])[1]/../following-sibling::tr[3]/td[3]/div/div/div/div/label/following-sibling::input</msg>
<status status="PASS" starttime="20240306 20:10:36.827" endtime="20240306 20:10:36.828"/>
</kw>
<kw name="Get Element Text" library="XML">
<var>${OMayTotal}</var>
<arg>${xml}</arg>
<arg>MayTotal</arg>
<doc>Returns all text of the element, possibly whitespace normalized.</doc>
<msg timestamp="20240306 20:10:36.828" level="INFO">${OMayTotal} = ((//td[contains(text()," May total ")])[1]/following-sibling::td/descendant::div)[12]/label/following-sibling::input</msg>
<status status="PASS" starttime="20240306 20:10:36.828" endtime="20240306 20:10:36.828"/>
</kw>
<kw name="Get Element Text" library="XML">
<var>${OJune07}</var>
<arg>${xml}</arg>
<arg>June07</arg>
<doc>Returns all text of the element, possibly whitespace normalized.</doc>
<msg timestamp="20240306 20:10:36.828" level="INFO">${OJune07} = (//td[contains(text(),"June")])[1]/..//following-sibling::div/div[4]/label/following-sibling::input</msg>
<status status="PASS" starttime="20240306 20:10:36.828" endtime="20240306 20:10:36.828"/>
</kw>
<kw name="Get Element Text" library="XML">
<var>${OJune15}</var>
<arg>${xml}</arg>
<arg>June15</arg>
<doc>Returns all text of the element, possibly whitespace normalized.</doc>
<msg timestamp="20240306 20:10:36.829" level="INFO">${OJune15} = (//tbody/tr/td[contains(text()," June ")])[1]/../following-sibling::tr[1]/td[3]/div/div/div/div/label/following-sibling::input</msg>
<status status="PASS" starttime="20240306 20:10:36.828" endtime="20240306 20:10:36.829"/>
</kw>
<kw name="Get Element Text" library="XML">
<var>${OJune22}</var>
<arg>${xml}</arg>
<arg>June22</arg>
<doc>Returns all text of the element, possibly whitespace normalized.</doc>
<msg timestamp="20240306 20:10:36.830" level="INFO">${OJune22} = (//tbody/tr/td[contains(text()," June ")])[1]/../following-sibling::tr[2]/td[3]/div/div/div/div/label/following-sibling::input</msg>
<status status="PASS" starttime="20240306 20:10:36.829" endtime="20240306 20:10:36.830"/>
</kw>
<kw name="Get Element Text" library="XML">
<var>${OJune30}</var>
<arg>${xml}</arg>
<arg>June30</arg>
<doc>Returns all text of the element, possibly whitespace normalized.</doc>
<msg timestamp="20240306 20:10:36.831" level="INFO">${OJune30} = (//tbody/tr/td[contains(text()," June ")])[1]/../following-sibling::tr[3]/td[3]/div/div/div/div/label/following-sibling::input</msg>
<status status="PASS" starttime="20240306 20:10:36.830" endtime="20240306 20:10:36.831"/>
</kw>
<kw name="Get Element Text" library="XML">
<var>${OJuneTotal}</var>
<arg>${xml}</arg>
<arg>JuneTotal</arg>
<doc>Returns all text of the element, possibly whitespace normalized.</doc>
<msg timestamp="20240306 20:10:36.832" level="INFO">${OJuneTotal} = ((//td[contains(text()," June total ")])[1]/following-sibling::td/descendant::div)[12]/label/following-sibling::input</msg>
<status status="PASS" starttime="20240306 20:10:36.832" endtime="20240306 20:10:36.832"/>
</kw>
<kw name="Get Element Text" library="XML">
<var>${OJuly07}</var>
<arg>${xml}</arg>
<arg>July07</arg>
<doc>Returns all text of the element, possibly whitespace normalized.</doc>
<msg timestamp="20240306 20:10:36.834" level="INFO">${OJuly07} = (//td[contains(text(),"July")])[1]/..//following-sibling::div/div[4]/label/following-sibling::input</msg>
<status status="PASS" starttime="20240306 20:10:36.833" endtime="20240306 20:10:36.834"/>
</kw>
<kw name="Get Element Text" library="XML">
<var>${OJuly15}</var>
<arg>${xml}</arg>
<arg>July15</arg>
<doc>Returns all text of the element, possibly whitespace normalized.</doc>
<msg timestamp="20240306 20:10:36.835" level="INFO">${OJuly15} = (//tbody/tr/td[contains(text()," July ")])[1]/../following-sibling::tr[1]/td[3]/div/div/div/div/label/following-sibling::input</msg>
<status status="PASS" starttime="20240306 20:10:36.834" endtime="20240306 20:10:36.835"/>
</kw>
<kw name="Get Element Text" library="XML">
<var>${OJuly22}</var>
<arg>${xml}</arg>
<arg>July22</arg>
<doc>Returns all text of the element, possibly whitespace normalized.</doc>
<msg timestamp="20240306 20:10:36.836" level="INFO">${OJuly22} = (//tbody/tr/td[contains(text()," July ")])[1]/../following-sibling::tr[2]/td[3]/div/div/div/div/label/following-sibling::input</msg>
<status status="PASS" starttime="20240306 20:10:36.835" endtime="20240306 20:10:36.836"/>
</kw>
<kw name="Get Element Text" library="XML">
<var>${OJuly31}</var>
<arg>${xml}</arg>
<arg>July31</arg>
<doc>Returns all text of the element, possibly whitespace normalized.</doc>
<msg timestamp="20240306 20:10:36.837" level="INFO">${OJuly31} = (//tbody/tr/td[contains(text()," July ")])[1]/../following-sibling::tr[3]/td[3]/div/div/div/div/label/following-sibling::input</msg>
<status status="PASS" starttime="20240306 20:10:36.836" endtime="20240306 20:10:36.837"/>
</kw>
<kw name="Get Element Text" library="XML">
<var>${OJulyTotal}</var>
<arg>${xml}</arg>
<arg>JulyTotal</arg>
<doc>Returns all text of the element, possibly whitespace normalized.</doc>
<msg timestamp="20240306 20:10:36.837" level="INFO">${OJulyTotal} = ((//td[contains(text()," July total ")])[1]/following-sibling::td/descendant::div)[12]/label/following-sibling::input</msg>
<status status="PASS" starttime="20240306 20:10:36.837" endtime="20240306 20:10:36.837"/>
</kw>
<kw name="Get Element Text" library="XML">
<var>${OAug07}</var>
<arg>${xml}</arg>
<arg>Aug07</arg>
<doc>Returns all text of the element, possibly whitespace normalized.</doc>
<msg timestamp="20240306 20:10:36.838" level="INFO">${OAug07} = (//td[contains(text(),"Aug.")])[1]/..//following-sibling::div/div[4]/label/following-sibling::input</msg>
<status status="PASS" starttime="20240306 20:10:36.838" endtime="20240306 20:10:36.838"/>
</kw>
<kw name="Get Element Text" library="XML">
<var>${OAug15}</var>
<arg>${xml}</arg>
<arg>Aug15</arg>
<doc>Returns all text of the element, possibly whitespace normalized.</doc>
<msg timestamp="20240306 20:10:36.838" level="INFO">${OAug15} = (//tbody/tr/td[contains(text()," Aug. ")])[1]/../following-sibling::tr[1]/td[3]/div/div/div/div/label/following-sibling::input</msg>
<status status="PASS" starttime="20240306 20:10:36.838" endtime="20240306 20:10:36.838"/>
</kw>
<kw name="Get Element Text" library="XML">
<var>${OAug22}</var>
<arg>${xml}</arg>
<arg>Aug22</arg>
<doc>Returns all text of the element, possibly whitespace normalized.</doc>
<msg timestamp="20240306 20:10:36.838" level="INFO">${OAug22} = (//tbody/tr/td[contains(text()," Aug. ")])[1]/../following-sibling::tr[2]/td[3]/div/div/div/div/label/following-sibling::input</msg>
<status status="PASS" starttime="20240306 20:10:36.838" endtime="20240306 20:10:36.838"/>
</kw>
<kw name="Get Element Text" library="XML">
<var>${OAug31}</var>
<arg>${xml}</arg>
<arg>Aug31</arg>
<doc>Returns all text of the element, possibly whitespace normalized.</doc>
<msg timestamp="20240306 20:10:36.839" level="INFO">${OAug31} = (//tbody/tr/td[contains(text()," Aug. ")])[1]/../following-sibling::tr[3]/td[3]/div/div/div/div/label/following-sibling::input</msg>
<status status="PASS" starttime="20240306 20:10:36.838" endtime="20240306 20:10:36.839"/>
</kw>
<kw name="Get Element Text" library="XML">
<var>${OAugTotal}</var>
<arg>${xml}</arg>
<arg>AugTotal</arg>
<doc>Returns all text of the element, possibly whitespace normalized.</doc>
<msg timestamp="20240306 20:10:36.839" level="INFO">${OAugTotal} = ((//td[contains(text()," Aug. total ")])[1]/following-sibling::td/descendant::div)[12]/label/following-sibling::input</msg>
<status status="PASS" starttime="20240306 20:10:36.839" endtime="20240306 20:10:36.839"/>
</kw>
<kw name="Get Element Text" library="XML">
<var>${OSep07}</var>
<arg>${xml}</arg>
<arg>Sep07</arg>
<doc>Returns all text of the element, possibly whitespace normalized.</doc>
<msg timestamp="20240306 20:10:36.839" level="INFO">${OSep07} = (//td[contains(text(),"Sep.")])[1]/..//following-sibling::div/div[4]/label/following-sibling::input</msg>
<status status="PASS" starttime="20240306 20:10:36.839" endtime="20240306 20:10:36.839"/>
</kw>
<kw name="Get Element Text" library="XML">
<var>${OSep15}</var>
<arg>${xml}</arg>
<arg>Sep15</arg>
<doc>Returns all text of the element, possibly whitespace normalized.</doc>
<msg timestamp="20240306 20:10:36.840" level="INFO">${OSep15} = (//tbody/tr/td[contains(text()," Sep. ")])[1]/../following-sibling::tr[1]/td[3]/div/div/div/div/label/following-sibling::input</msg>
<status status="PASS" starttime="20240306 20:10:36.839" endtime="20240306 20:10:36.840"/>
</kw>
<kw name="Get Element Text" library="XML">
<var>${OSep22}</var>
<arg>${xml}</arg>
<arg>Sep22</arg>
<doc>Returns all text of the element, possibly whitespace normalized.</doc>
<msg timestamp="20240306 20:10:36.840" level="INFO">${OSep22} = (//tbody/tr/td[contains(text()," Sep. ")])[1]/../following-sibling::tr[2]/td[3]/div/div/div/div/label/following-sibling::input</msg>
<status status="PASS" starttime="20240306 20:10:36.840" endtime="20240306 20:10:36.840"/>
</kw>
<kw name="Get Element Text" library="XML">
<var>${OSep31}</var>
<arg>${xml}</arg>
<arg>Sep31</arg>
<doc>Returns all text of the element, possibly whitespace normalized.</doc>
<msg timestamp="20240306 20:10:36.840" level="INFO">${OSep31} = (//tbody/tr/td[contains(text()," Sep. ")])[1]/../following-sibling::tr[3]/td[3]/div/div/div/div/label/following-sibling::input</msg>
<status status="PASS" starttime="20240306 20:10:36.840" endtime="20240306 20:10:36.840"/>
</kw>
<kw name="Get Element Text" library="XML">
<var>${OSepTotal}</var>
<arg>${xml}</arg>
<arg>SepTotal</arg>
<doc>Returns all text of the element, possibly whitespace normalized.</doc>
<msg timestamp="20240306 20:10:36.840" level="INFO">${OSepTotal} = ((//td[contains(text()," Sep. total ")])[1]/following-sibling::td/descendant::div)[12]/label/following-sibling::input</msg>
<status status="PASS" starttime="20240306 20:10:36.840" endtime="20240306 20:10:36.840"/>
</kw>
<kw name="Get Element Text" library="XML">
<var>${OOct07}</var>
<arg>${xml}</arg>
<arg>Oct07</arg>
<doc>Returns all text of the element, possibly whitespace normalized.</doc>
<msg timestamp="20240306 20:10:36.841" level="INFO">${OOct07} = (//td[contains(text(),"Oct.")])[1]/..//following-sibling::div/div[4]/label/following-sibling::input</msg>
<status status="PASS" starttime="20240306 20:10:36.841" endtime="20240306 20:10:36.841"/>
</kw>
<kw name="Get Element Text" library="XML">
<var>${OOct15}</var>
<arg>${xml}</arg>
<arg>Oct15</arg>
<doc>Returns all text of the element, possibly whitespace normalized.</doc>
<msg timestamp="20240306 20:10:36.841" level="INFO">${OOct15} = (//tbody/tr/td[contains(text()," Oct. ")])[1]/../following-sibling::tr[1]/td[3]/div/div/div/div/label/following-sibling::input</msg>
<status status="PASS" starttime="20240306 20:10:36.841" endtime="20240306 20:10:36.841"/>
</kw>
<kw name="Get Element Text" library="XML">
<var>${OOct22}</var>
<arg>${xml}</arg>
<arg>Oct22</arg>
<doc>Returns all text of the element, possibly whitespace normalized.</doc>
<msg timestamp="20240306 20:10:36.842" level="INFO">${OOct22} = (//tbody/tr/td[contains(text()," Oct. ")])[1]/../following-sibling::tr[2]/td[3]/div/div/div/div/label/following-sibling::input</msg>
<status status="PASS" starttime="20240306 20:10:36.841" endtime="20240306 20:10:36.842"/>
</kw>
<kw name="Get Element Text" library="XML">
<var>${OOct31}</var>
<arg>${xml}</arg>
<arg>Oct31</arg>
<doc>Returns all text of the element, possibly whitespace normalized.</doc>
<msg timestamp="20240306 20:10:36.842" level="INFO">${OOct31} = (//tbody/tr/td[contains(text()," Oct. ")])[1]/../following-sibling::tr[3]/td[3]/div/div/div/div/label/following-sibling::input</msg>
<status status="PASS" starttime="20240306 20:10:36.842" endtime="20240306 20:10:36.842"/>
</kw>
<kw name="Get Element Text" library="XML">
<var>${OOctTotal}</var>
<arg>${xml}</arg>
<arg>OctTotal</arg>
<doc>Returns all text of the element, possibly whitespace normalized.</doc>
<msg timestamp="20240306 20:10:36.842" level="INFO">${OOctTotal} = ((//td[contains(text()," Oct. total ")])[1]/following-sibling::td/descendant::div)[12]/label/following-sibling::input</msg>
<status status="PASS" starttime="20240306 20:10:36.842" endtime="20240306 20:10:36.842"/>
</kw>
<kw name="Get Element Text" library="XML">
<var>${ONov07}</var>
<arg>${xml}</arg>
<arg>Nov07</arg>
<doc>Returns all text of the element, possibly whitespace normalized.</doc>
<msg timestamp="20240306 20:10:36.842" level="INFO">${ONov07} = (//td[contains(text(),"Nov.")])[1]/..//following-sibling::div/div[4]/label/following-sibling::input</msg>
<status status="PASS" starttime="20240306 20:10:36.842" endtime="20240306 20:10:36.842"/>
</kw>
<kw name="Get Element Text" library="XML">
<var>${ONov15}</var>
<arg>${xml}</arg>
<arg>Nov15</arg>
<doc>Returns all text of the element, possibly whitespace normalized.</doc>
<msg timestamp="20240306 20:10:36.843" level="INFO">${ONov15} = (//tbody/tr/td[contains(text()," Nov. ")])[1]/../following-sibling::tr[1]/td[3]/div/div/div/div/label/following-sibling::input</msg>
<status status="PASS" starttime="20240306 20:10:36.843" endtime="20240306 20:10:36.843"/>
</kw>
<kw name="Get Element Text" library="XML">
<var>${ONov22}</var>
<arg>${xml}</arg>
<arg>Nov22</arg>
<doc>Returns all text of the element, possibly whitespace normalized.</doc>
<msg timestamp="20240306 20:10:36.844" level="INFO">${ONov22} = (//tbody/tr/td[contains(text()," Nov. ")])[1]/../following-sibling::tr[2]/td[3]/div/div/div/div/label/following-sibling::input</msg>
<status status="PASS" starttime="20240306 20:10:36.843" endtime="20240306 20:10:36.844"/>
</kw>
<kw name="Get Element Text" library="XML">
<var>${ONov30}</var>
<arg>${xml}</arg>
<arg>Nov30</arg>
<doc>Returns all text of the element, possibly whitespace normalized.</doc>
<msg timestamp="20240306 20:10:36.844" level="INFO">${ONov30} = (//tbody/tr/td[contains(text()," Nov. ")])[1]/../following-sibling::tr[3]/td[3]/div/div/div/div/label/following-sibling::input</msg>
<status status="PASS" starttime="20240306 20:10:36.844" endtime="20240306 20:10:36.844"/>
</kw>
<kw name="Get Element Text" library="XML">
<var>${ONovTotal}</var>
<arg>${xml}</arg>
<arg>NovTotal</arg>
<doc>Returns all text of the element, possibly whitespace normalized.</doc>
<msg timestamp="20240306 20:10:36.844" level="INFO">${ONovTotal} = ((//td[contains(text()," Nov. total ")])[1]/following-sibling::td/descendant::div)[12]/label/following-sibling::input</msg>
<status status="PASS" starttime="20240306 20:10:36.844" endtime="20240306 20:10:36.844"/>
</kw>
<kw name="Get Element Text" library="XML">
<var>${ODec07}</var>
<arg>${xml}</arg>
<arg>Dec07</arg>
<doc>Returns all text of the element, possibly whitespace normalized.</doc>
<msg timestamp="20240306 20:10:36.844" level="INFO">${ODec07} = (//td[contains(text(),"Dec.")])[1]/..//following-sibling::div/div[4]/label/following-sibling::input</msg>
<status status="PASS" starttime="20240306 20:10:36.844" endtime="20240306 20:10:36.844"/>
</kw>
<kw name="Get Element Text" library="XML">
<var>${ODec15}</var>
<arg>${xml}</arg>
<arg>Dec15</arg>
<doc>Returns all text of the element, possibly whitespace normalized.</doc>
<msg timestamp="20240306 20:10:36.844" level="INFO">${ODec15} = (//tbody/tr/td[contains(text()," Dec. ")])[1]/../following-sibling::tr[1]/td[3]/div/div/div/div/label/following-sibling::input</msg>
<status status="PASS" starttime="20240306 20:10:36.844" endtime="20240306 20:10:36.844"/>
</kw>
<kw name="Get Element Text" library="XML">
<var>${ODec22}</var>
<arg>${xml}</arg>
<arg>Dec22</arg>
<doc>Returns all text of the element, possibly whitespace normalized.</doc>
<msg timestamp="20240306 20:10:36.845" level="INFO">${ODec22} = (//tbody/tr/td[contains(text()," Dec. ")])[1]/../following-sibling::tr[2]/td[3]/div/div/div/div/label/following-sibling::input</msg>
<status status="PASS" starttime="20240306 20:10:36.844" endtime="20240306 20:10:36.845"/>
</kw>
<kw name="Get Element Text" library="XML">
<var>${ODec31}</var>
<arg>${xml}</arg>
<arg>Dec31</arg>
<doc>Returns all text of the element, possibly whitespace normalized.</doc>
<msg timestamp="20240306 20:10:36.845" level="INFO">${ODec31} = (//tbody/tr/td[contains(text()," Dec. ")])[1]/../following-sibling::tr[3]/td[3]/div/div/div/div/label/following-sibling::input</msg>
<status status="PASS" starttime="20240306 20:10:36.845" endtime="20240306 20:10:36.845"/>
</kw>
<kw name="Get Element Text" library="XML">
<var>${ODecTotal}</var>
<arg>${xml}</arg>
<arg>DecTotal</arg>
<doc>Returns all text of the element, possibly whitespace normalized.</doc>
<msg timestamp="20240306 20:10:36.845" level="INFO">${ODecTotal} = ((//td[contains(text()," Dec. total ")])[1]/following-sibling::td/descendant::div)[12]/label/following-sibling::input</msg>
<status status="PASS" starttime="20240306 20:10:36.845" endtime="20240306 20:10:36.845"/>
</kw>
<kw name="Get Element Text" library="XML">
<var>${OLine61Onpaper}</var>
<arg>${xml}</arg>
<arg>Line61Onpaper</arg>
<doc>Returns all text of the element, possibly whitespace normalized.</doc>
<msg timestamp="20240306 20:10:36.846" level="INFO">${OLine61Onpaper} = (//em[contains(text(),"61")]/../../div/div)[2]/div/div/div/div/label/following-sibling::input</msg>
<status status="PASS" starttime="20240306 20:10:36.845" endtime="20240306 20:10:36.846"/>
</kw>
<kw name="Get Element Text" library="XML">
<var>${OLine61Electronically}</var>
<arg>${xml}</arg>
<arg>Line61Electronically</arg>
<doc>Returns all text of the element, possibly whitespace normalized.</doc>
<msg timestamp="20240306 20:10:36.847" level="INFO">${OLine61Electronically} = //em[contains(text(),"61")]/../../following-sibling::div/div/div/div/div/div/label/following-sibling::input</msg>
<status status="PASS" starttime="20240306 20:10:36.846" endtime="20240306 20:10:36.848"/>
</kw>
<kw name="Get Element Text" library="XML">
<var>${OLine62}</var>
<arg>${xml}</arg>
<arg>Line62</arg>
<doc>Returns all text of the element, possibly whitespace normalized.</doc>
<msg timestamp="20240306 20:10:36.850" level="INFO">${OLine62} = //div[contains(text()," 62 ")]/../div/div/div/div/div/label/following-sibling::input</msg>
<status status="PASS" starttime="20240306 20:10:36.848" endtime="20240306 20:10:36.850"/>
</kw>
<kw name="Get Element Text" library="XML">
<var>${OLine62a}</var>
<arg>${xml}</arg>
<arg>Line62a</arg>
<doc>Returns all text of the element, possibly whitespace normalized.</doc>
<msg timestamp="20240306 20:10:36.851" level="INFO">${OLine62a} = //div[contains(text()," 62a ")]/../div/div/div/div/div/label/following-sibling::input</msg>
<status status="PASS" starttime="20240306 20:10:36.850" endtime="20240306 20:10:36.851"/>
</kw>
<kw name="Get Element Text" library="XML">
<var>${OLine62b}</var>
<arg>${xml}</arg>
<arg>Line62b</arg>
<doc>Returns all text of the element, possibly whitespace normalized.</doc>
<msg timestamp="20240306 20:10:36.852" level="INFO">${OLine62b} = //div[contains(text()," 62b ")]/../div/div/div/div/div/label/following-sibling::input</msg>
<status status="PASS" starttime="20240306 20:10:36.851" endtime="20240306 20:10:36.852"/>
</kw>
<kw name="Get Element Text" library="XML">
<var>${OLine62b1}</var>
<arg>${xml}</arg>
<arg>Line62b1</arg>
<doc>Returns all text of the element, possibly whitespace normalized.</doc>
<msg timestamp="20240306 20:10:36.852" level="INFO">${OLine62b1} = //div[contains(text()," 62b(1)")]/../div/div/div/div/div/label/following-sibling::input</msg>
<status status="PASS" starttime="20240306 20:10:36.852" endtime="20240306 20:10:36.852"/>
</kw>
<kw name="Get Element Text" library="XML">
<var>${OLine62b2}</var>
<arg>${xml}</arg>
<arg>Line62b2</arg>
<doc>Returns all text of the element, possibly whitespace normalized.</doc>
<msg timestamp="20240306 20:10:36.852" level="INFO">${OLine62b2} = //div[contains(text(),"62b(2)")]/../div/div/div/div/div/label/following-sibling::input</msg>
<status status="PASS" starttime="20240306 20:10:36.852" endtime="20240306 20:10:36.852"/>
</kw>
<kw name="Get Element Text" library="XML">
<var>${OLine62c}</var>
<arg>${xml}</arg>
<arg>Line62c</arg>
<doc>Returns all text of the element, possibly whitespace normalized.</doc>
<msg timestamp="20240306 20:10:36.852" level="INFO">${OLine62c} = //div[contains(text(),"62c")]/../div/div/div/div/div/label/following-sibling::input</msg>
<status status="PASS" starttime="20240306 20:10:36.852" endtime="20240306 20:10:36.852"/>
</kw>
<kw name="Get Element Text" library="XML">
<var>${OLine62d}</var>
<arg>${xml}</arg>
<arg>Line62d</arg>
<doc>Returns all text of the element, possibly whitespace normalized.</doc>
<msg timestamp="20240306 20:10:36.852" level="INFO">${OLine62d} = //div[contains(text(),"62d")]/../div/div/div/div/div/label/following-sibling::input</msg>
<status status="PASS" starttime="20240306 20:10:36.852" endtime="20240306 20:10:36.852"/>
</kw>
<kw name="Get Element Text" library="XML">
<var>${OThirdPartyDesigneeYes}</var>
<arg>${xml}</arg>
<arg>ThirdPartyDesigneeYes</arg>
<doc>Returns all text of the element, possibly whitespace normalized.</doc>
<msg timestamp="20240306 20:10:36.853" level="INFO">${OThirdPartyDesigneeYes} = //label[contains(text(),"Yes. Complete the following.")]</msg>
<status status="PASS" starttime="20240306 20:10:36.852" endtime="20240306 20:10:36.853"/>
</kw>
<kw name="Get Element Text" library="XML">
<var>${OThirdPartyDesigneeNo}</var>
<arg>${xml}</arg>
<arg>ThirdPartyDesigneeNo</arg>
<doc>Returns all text of the element, possibly whitespace normalized.</doc>
<msg timestamp="20240306 20:10:36.853" level="INFO">${OThirdPartyDesigneeNo} = //label[contains(text(),"No")]</msg>
<status status="PASS" starttime="20240306 20:10:36.853" endtime="20240306 20:10:36.853"/>
</kw>
<kw name="Get Element Text" library="XML">
<var>${ODesigneeName}</var>
<arg>${xml}</arg>
<arg>DesigneeName</arg>
<doc>Returns all text of the element, possibly whitespace normalized.</doc>
<msg timestamp="20240306 20:10:36.854" level="INFO">${ODesigneeName} = //em[contains(text(),"Designee’s name")]/../following-sibling::div/div/div/div/label/following-sibling::input</msg>
<status status="PASS" starttime="20240306 20:10:36.853" endtime="20240306 20:10:36.854"/>
</kw>
<kw name="Get Element Text" library="XML">
<var>${ODesigneePhoneNumber}</var>
<arg>${xml}</arg>
<arg>DesigneePhoneNumber</arg>
<doc>Returns all text of the element, possibly whitespace normalized.</doc>
<msg timestamp="20240306 20:10:36.854" level="INFO">${ODesigneePhoneNumber} = //em[contains(text(),"Phone no")]/../following-sibling::div/div/div/div/label/following-sibling::input</msg>
<status status="PASS" starttime="20240306 20:10:36.854" endtime="20240306 20:10:36.854"/>
</kw>
<kw name="Get Element Text" library="XML">
<var>${OPIN1}</var>
<arg>${xml}</arg>
<arg>PIN1</arg>
<doc>Returns all text of the element, possibly whitespace normalized.</doc>
<msg timestamp="20240306 20:10:36.854" level="INFO">${OPIN1} = (//em[contains(text(),"Personal identification number (PIN) ")]/../following-sibling::div/div/div/div/label/following-sibling::input)[1]</msg>
<status status="PASS" starttime="20240306 20:10:36.854" endtime="20240306 20:10:36.854"/>
</kw>
<kw name="Get Element Text" library="XML">
<var>${OPIN2}</var>
<arg>${xml}</arg>
<arg>PIN2</arg>
<doc>Returns all text of the element, possibly whitespace normalized.</doc>
<msg timestamp="20240306 20:10:36.855" level="INFO">${OPIN2} = (//em[contains(text(),"Personal identification number (PIN) ")]/../following-sibling::div/div/div/div/label/following-sibling::input)[2]</msg>
<status status="PASS" starttime="20240306 20:10:36.854" endtime="20240306 20:10:36.855"/>
</kw>
<kw name="Get Element Text" library="XML">
<var>${OPIN3}</var>
<arg>${xml}</arg>
<arg>PIN3</arg>
<doc>Returns all text of the element, possibly whitespace normalized.</doc>
<msg timestamp="20240306 20:10:36.855" level="INFO">${OPIN3} = (//em[contains(text(),"Personal identification number (PIN) ")]/../following-sibling::div/div/div/div/label/following-sibling::input)[3]</msg>
<status status="PASS" starttime="20240306 20:10:36.855" endtime="20240306 20:10:36.855"/>
</kw>
<kw name="Get Element Text" library="XML">
<var>${OPIN4}</var>
<arg>${xml}</arg>
<arg>PIN4</arg>
<doc>Returns all text of the element, possibly whitespace normalized.</doc>
<msg timestamp="20240306 20:10:36.855" level="INFO">${OPIN4} = (//em[contains(text(),"Personal identification number (PIN) ")]/../following-sibling::div/div/div/div/label/following-sibling::input)[4]</msg>
<status status="PASS" starttime="20240306 20:10:36.855" endtime="20240306 20:10:36.855"/>
</kw>
<kw name="Get Element Text" library="XML">
<var>${OPIN5}</var>
<arg>${xml}</arg>
<arg>PIN5</arg>
<doc>Returns all text of the element, possibly whitespace normalized.</doc>
<msg timestamp="20240306 20:10:36.856" level="INFO">${OPIN5} = (//em[contains(text(),"Personal identification number (PIN) ")]/../following-sibling::div/div/div/div/label/following-sibling::input)[5]</msg>
<status status="PASS" starttime="20240306 20:10:36.855" endtime="20240306 20:10:36.856"/>
</kw>
<kw name="Get Element Text" library="XML">
<var>${OSaveandContinue}</var>
<arg>${xml}</arg>
<arg>SaveandContinue</arg>
<doc>Returns all text of the element, possibly whitespace normalized.</doc>
<msg timestamp="20240306 20:10:36.856" level="INFO">${OSaveandContinue} = (//div[contains(@class,"justify-space-between d-flex align-center")]/button)[2]</msg>
<status status="PASS" starttime="20240306 20:10:36.856" endtime="20240306 20:10:36.856"/>
</kw>
<kw name="Get Element Text" library="XML">
<var>${OLine63a}</var>
<arg>${xml}</arg>
<arg>Line63a</arg>
<doc>Returns all text of the element, possibly whitespace normalized.</doc>
<msg timestamp="20240306 20:10:36.857" level="INFO">${OLine63a} = //div[contains(text(),"63a")]/../div/div/div/div/div/label/following-sibling::input</msg>
<status status="PASS" starttime="20240306 20:10:36.856" endtime="20240306 20:10:36.857"/>
</kw>
<kw name="Get Element Text" library="XML">
<var>${OLine63b1}</var>
<arg>${xml}</arg>
<arg>Line63b1</arg>
<doc>Returns all text of the element, possibly whitespace normalized.</doc>
<msg timestamp="20240306 20:10:36.857" level="INFO">${OLine63b1} = //div[contains(text(),"63b(1)")]/../div/div/div/div/div/label/following-sibling::input</msg>
<status status="PASS" starttime="20240306 20:10:36.857" endtime="20240306 20:10:36.857"/>
</kw>
<kw name="Get Element Text" library="XML">
<var>${OLine63b2}</var>
<arg>${xml}</arg>
<arg>Line63b2</arg>
<doc>Returns all text of the element, possibly whitespace normalized.</doc>
<msg timestamp="20240306 20:10:36.857" level="INFO">${OLine63b2} = //div[contains(text(),"63b(2)")]/../div/div/div/div/div/label/following-sibling::input</msg>
<status status="PASS" starttime="20240306 20:10:36.857" endtime="20240306 20:10:36.857"/>
</kw>
<kw name="Get Element Text" library="XML">
<var>${OLine63c1}</var>
<arg>${xml}</arg>
<arg>Line63c1</arg>
<doc>Returns all text of the element, possibly whitespace normalized.</doc>
<msg timestamp="20240306 20:10:36.858" level="INFO">${OLine63c1} = //div[contains(text()," 63c(1)")]/../div/div/div/div/div/label/following-sibling::input</msg>
<status status="PASS" starttime="20240306 20:10:36.857" endtime="20240306 20:10:36.858"/>
</kw>
<kw name="Get Element Text" library="XML">
<var>${OLine63c2}</var>
<arg>${xml}</arg>
<arg>Line63c2</arg>
<doc>Returns all text of the element, possibly whitespace normalized.</doc>
<msg timestamp="20240306 20:10:36.858" level="INFO">${OLine63c2} = //div[contains(text(),"63c(2)")]/../div/div/div/div/div/label/following-sibling::input</msg>
<status status="PASS" starttime="20240306 20:10:36.858" endtime="20240306 20:10:36.858"/>
</kw>
<kw name="Get Element Text" library="XML">
<var>${OLine63d}</var>
<arg>${xml}</arg>
<arg>Line63d</arg>
<doc>Returns all text of the element, possibly whitespace normalized.</doc>
<msg timestamp="20240306 20:10:36.858" level="INFO">${OLine63d} = //div[contains(text(),"63d")]/../div/div/div/div/div/label/following-sibling::input</msg>
<status status="PASS" starttime="20240306 20:10:36.858" endtime="20240306 20:10:36.858"/>
</kw>
<kw name="Get Element Text" library="XML">
<var>${OLine63e}</var>
<arg>${xml}</arg>
<arg>Line63e</arg>
<doc>Returns all text of the element, possibly whitespace normalized.</doc>
<msg timestamp="20240306 20:10:36.859" level="INFO">${OLine63e} = //div[contains(text(),"63e")]/../div/div/div/div/div/label/following-sibling::input</msg>
<status status="PASS" starttime="20240306 20:10:36.858" endtime="20240306 20:10:36.859"/>
</kw>
<kw name="Get Element Text" library="XML">
<var>${OLine64a}</var>
<arg>${xml}</arg>
<arg>Line64a</arg>
<doc>Returns all text of the element, possibly whitespace normalized.</doc>
<msg timestamp="20240306 20:10:36.859" level="INFO">${OLine64a} = //div[contains(text(),"64a")]/../div/div/div/div/div/label/following-sibling::input</msg>
<status status="PASS" starttime="20240306 20:10:36.859" endtime="20240306 20:10:36.859"/>
</kw>
<kw name="Get Element Text" library="XML">
<var>${OLine64b}</var>
<arg>${xml}</arg>
<arg>Line64b</arg>
<doc>Returns all text of the element, possibly whitespace normalized.</doc>
<msg timestamp="20240306 20:10:36.859" level="INFO">${OLine64b} = //div[contains(text(),"64b")]/../div/div/div/div/div/label/following-sibling::input</msg>
[...]
	BaseThreadInitThunk [0x00007FFB85977344+20]
	RtlUserThreadStart [0x00007FFB865026B1+33]
</msg>
<status status="FAIL" starttime="20240306 20:17:25.693" endtime="20240306 20:17:25.705"/>
</kw>
<msg timestamp="20240306 20:17:25.705" level="INFO">${passed1} = False</msg>
<status status="PASS" starttime="20240306 20:17:25.693" endtime="20240306 20:17:25.705"/>
</kw>
<kw name="Run Keyword If" library="BuiltIn">
<arg>${passed1} == True</arg>
<arg>Capture Page Screenshot</arg>
<arg>${screen}</arg>
<doc>Runs the given keyword with the given arguments, if ``condition`` is true.</doc>
<status status="PASS" starttime="20240306 20:17:25.705" endtime="20240306 20:17:25.706"/>
</kw>
<kw name="Run Keyword If" library="BuiltIn">
<arg>${passed1} == False</arg>
<arg>Capture Page Screenshot</arg>
<arg>${screen}</arg>
<doc>Runs the given keyword with the given arguments, if ``condition`` is true.</doc>
<kw name="Capture Page Screenshot" library="SeleniumLibrary">
<arg>${screen}</arg>
<doc>Takes a screenshot of the current page and embeds it into a log file.</doc>
<msg timestamp="20240306 20:17:25.711" level="WARN">Keyword 'Capture Page Screenshot' could not be run on failure: Message: no such window: target window already closed
from unknown error: web view not found
  (Session info: chrome=122.0.6261.95)
Stacktrace:
	GetHandleVerifier [0x00007FF7BEBDAD22+56930]
	(No symbol) [0x00007FF7BEB4F622]
	(No symbol) [0x00007FF7BEA042E5]
	(No symbol) [0x00007FF7BE9E1D4C]
	(No symbol) [0x00007FF7BEA723F7]
	(No symbol) [0x00007FF7BEA87891]
	(No symbol) [0x00007FF7BEA6BA43]
	(No symbol) [0x00007FF7BEA3D438]
	(No symbol) [0x00007FF7BEA3E4D1]
	GetHandleVerifier [0x00007FF7BEF56AAD+3709933]
	GetHandleVerifier [0x00007FF7BEFAFFED+4075821]
	GetHandleVerifier [0x00007FF7BEFA817F+4043455]
	GetHandleVerifier [0x00007FF7BEC79756+706710]
	(No symbol) [0x00007FF7BEB5B8FF]
	(No symbol) [0x00007FF7BEB56AE4]
	(No symbol) [0x00007FF7BEB56C3C]
	(No symbol) [0x00007FF7BEB468F4]
	BaseThreadInitThunk [0x00007FFB85977344+20]
	RtlUserThreadStart [0x00007FFB865026B1+33]
</msg>
<msg timestamp="20240306 20:17:25.718" level="FAIL">NoSuchWindowException: Message: no such window: target window already closed
from unknown error: web view not found
  (Session info: chrome=122.0.6261.95)
Stacktrace:
	GetHandleVerifier [0x00007FF7BEBDAD22+56930]
	(No symbol) [0x00007FF7BEB4F622]
	(No symbol) [0x00007FF7BEA042E5]
	(No symbol) [0x00007FF7BE9E1D4C]
	(No symbol) [0x00007FF7BEA723F7]
	(No symbol) [0x00007FF7BEA87891]
	(No symbol) [0x00007FF7BEA6BA43]
	(No symbol) [0x00007FF7BEA3D438]
	(No symbol) [0x00007FF7BEA3E4D1]
	GetHandleVerifier [0x00007FF7BEF56AAD+3709933]
	GetHandleVerifier [0x00007FF7BEFAFFED+4075821]
	GetHandleVerifier [0x00007FF7BEFA817F+4043455]
	GetHandleVerifier [0x00007FF7BEC79756+706710]
	(No symbol) [0x00007FF7BEB5B8FF]
	(No symbol) [0x00007FF7BEB56AE4]
	(No symbol) [0x00007FF7BEB56C3C]
	(No symbol) [0x00007FF7BEB468F4]
	BaseThreadInitThunk [0x00007FFB85977344+20]
	RtlUserThreadStart [0x00007FFB865026B1+33]
</msg>
<status status="FAIL" starttime="20240306 20:17:25.707" endtime="20240306 20:17:25.720"/>
</kw>
<status status="FAIL" starttime="20240306 20:17:25.706" endtime="20240306 20:17:25.720"/>
</kw>
<kw name="Sleep" library="BuiltIn">
<arg>5s</arg>
<doc>Pauses the test executed for the given time.</doc>
<status status="NOT RUN" starttime="20240306 20:17:25.720" endtime="20240306 20:17:25.720"/>
</kw>
<kw name="Run Keyword If" library="BuiltIn">
<arg>${passed1} == True</arg>
<arg>writelog</arg>
<arg>'${logid}','${obj_ID}','${obj_Des}','${Expected_Result}','${Actual_Result1}','Pass','${obj_ID}.png'</arg>
<doc>Runs the given keyword with the given arguments, if ``condition`` is true.</doc>
<status status="NOT RUN" starttime="20240306 20:17:25.721" endtime="20240306 20:17:25.721"/>
</kw>
<kw name="Run Keyword If" library="BuiltIn">
<arg>${passed1} == False</arg>
<arg>writelog</arg>
<arg>'${logid}','${obj_ID}','${obj_Des}','${Expected_Result}','${Actual_Result2}','Fail','${obj_ID}.png'</arg>
<doc>Runs the given keyword with the given arguments, if ``condition`` is true.</doc>
<status status="NOT RUN" starttime="20240306 20:17:25.721" endtime="20240306 20:17:25.721"/>
</kw>
<status status="FAIL" starttime="20240306 20:17:25.692" endtime="20240306 20:17:25.721"/>
</kw>
<kw name="Click Element" library="SeleniumLibrary">
<arg>//a[contains(text(),'Return Home')]</arg>
<doc>Click the element identified by ``locator``.</doc>
<status status="NOT RUN" starttime="20240306 20:17:25.721" endtime="20240306 20:17:25.721"/>
</kw>
<kw name="Sleep" library="BuiltIn">
<arg>15s</arg>
<doc>Pauses the test executed for the given time.</doc>
<status status="NOT RUN" starttime="20240306 20:17:25.721" endtime="20240306 20:17:25.721"/>
</kw>
<status status="FAIL" starttime="20240306 20:10:37.016" endtime="20240306 20:17:25.722"/>
</iter>
<status status="FAIL" starttime="20240306 20:10:37.016" endtime="20240306 20:17:25.722"/>
</for>
<status status="FAIL" starttime="20240306 20:10:36.807" endtime="20240306 20:17:25.722"/>
</kw>
<status status="FAIL" starttime="20240306 20:10:36.806" endtime="20240306 20:17:25.723">Several failures occurred:

1) NoSuchWindowException: Message: no such window: target window already closed
from unknown error: web view not found
  (Session info: chrome=122.0.6261.95)
Stacktrace:
	GetHandleVerifier [0x00007FF7BEBDAD22+56930]
	(No symbol) [0x00007FF7BEB4F622]
	(No symbol) [0x00007FF7BEA042E5]
	(No symbol) [0x00007FF7BE9E1D4C]
	(No symbol) [0x00007FF7BEA723F7]
	(No symbol) [0x00007FF7BEA87891]
	(No symbol) [0x00007FF7BEA6BA43]
	(No symbol) [0x00007FF7BEA3D438]
	(No symbol) [0x00007FF7BEA3E4D1]
	GetHandleVerifier [0x00007FF7BEF56AAD+3709933]
	GetHandleVerifier [0x00007FF7BEFAFFED+4075821]
	GetHandleVerifier [0x00007FF7BEFA817F+4043455]
	GetHandleVerifier [0x00007FF7BEC79756+706710]
    [ Message content over the limit has been removed. ]
Stacktrace:
	GetHandleVerifier [0x00007FF7BEBDAD22+56930]
	(No symbol) [0x00007FF7BEB4F622]
	(No symbol) [0x00007FF7BEA042E5]
	(No symbol) [0x00007FF7BE9E1D4C]
	(No symbol) [0x00007FF7BEA723F7]
	(No symbol) [0x00007FF7BEA87891]
	(No symbol) [0x00007FF7BEA6BA43]
	(No symbol) [0x00007FF7BEA3D438]
	(No symbol) [0x00007FF7BEA3E4D1]
	GetHandleVerifier [0x00007FF7BEF56AAD+3709933]
	GetHandleVerifier [0x00007FF7BEFAFFED+4075821]
	GetHandleVerifier [0x00007FF7BEFA817F+4043455]
	GetHandleVerifier [0x00007FF7BEC79756+706710]
	(No symbol) [0x00007FF7BEB5B8FF]
	(No symbol) [0x00007FF7BEB56AE4]
	(No symbol) [0x00007FF7BEB56C3C]
	(No symbol) [0x00007FF7BEB468F4]
	BaseThreadInitThunk [0x00007FFB85977344+20]
	RtlUserThreadStart [0x00007FFB865026B1+33]</status>
</test>
<status status="FAIL" starttime="20240306 20:06:51.914" endtime="20240306 20:17:25.732"/>
</suite>
<statistics>
<total>
<stat pass="0" fail="2" skip="0">All Tests</stat>
</total>
<tag>
</tag>
<suite>
<stat pass="0" fail="2" skip="0" id="s1" name="1042Ra">1042Ra</stat>
</suite>
</statistics>
<errors>
<msg timestamp="20240306 20:17:06.304" level="WARN">Keyword 'Capture Page Screenshot' could not be run on failure: Message: no such window: target window already closed
from unknown error: web view not found
  (Session info: chrome=122.0.6261.95)
Stacktrace:
	GetHandleVerifier [0x00007FF7BEBDAD22+56930]
	(No symbol) [0x00007FF7BEB4F622]
	(No symbol) [0x00007FF7BEA042E5]
	(No symbol) [0x00007FF7BE9E1D4C]
	(No symbol) [0x00007FF7BEA723F7]
	(No symbol) [0x00007FF7BEA87891]
	(No symbol) [0x00007FF7BEA6BA43]
	(No symbol) [0x00007FF7BEA3D438]
	(No symbol) [0x00007FF7BEA3E4D1]
	GetHandleVerifier [0x00007FF7BEF56AAD+3709933]
	GetHandleVerifier [0x00007FF7BEFAFFED+4075821]
	GetHandleVerifier [0x00007FF7BEFA817F+4043455]
	GetHandleVerifier [0x00007FF7BEC79756+706710]
	(No symbol) [0x00007FF7BEB5B8FF]
	(No symbol) [0x00007FF7BEB56AE4]
	(No symbol) [0x00007FF7BEB56C3C]
	(No symbol) [0x00007FF7BEB468F4]
	BaseThreadInitThunk [0x00007FFB85977344+20]
	RtlUserThreadStart [0x00007FFB865026B1+33]
</msg>
<msg timestamp="20240306 20:17:11.327" level="WARN">Keyword 'Capture Page Screenshot' could not be run on failure: Message: no such window: target window already closed
from unknown error: web view not found
  (Session info: chrome=122.0.6261.95)
Stacktrace:
	GetHandleVerifier [0x00007FF7BEBDAD22+56930]
	(No symbol) [0x00007FF7BEB4F622]
	(No symbol) [0x00007FF7BEA042E5]
	(No symbol) [0x00007FF7BE9E1D4C]
	(No symbol) [0x00007FF7BEA723F7]
	(No symbol) [0x00007FF7BEA87891]
	(No symbol) [0x00007FF7BEA6BA43]
	(No symbol) [0x00007FF7BEA3D438]
	(No symbol) [0x00007FF7BEA3E4D1]
	GetHandleVerifier [0x00007FF7BEF56AAD+3709933]
	GetHandleVerifier [0x00007FF7BEFAFFED+4075821]
	GetHandleVerifier [0x00007FF7BEFA817F+4043455]
	GetHandleVerifier [0x00007FF7BEC79756+706710]
	(No symbol) [0x00007FF7BEB5B8FF]
	(No symbol) [0x00007FF7BEB56AE4]
	(No symbol) [0x00007FF7BEB56C3C]
	(No symbol) [0x00007FF7BEB468F4]
	BaseThreadInitThunk [0x00007FFB85977344+20]
	RtlUserThreadStart [0x00007FFB865026B1+33]
</msg>
<msg timestamp="20240306 20:17:11.340" level="WARN">Keyword 'Capture Page Screenshot' could not be run on failure: Message: no such window: target window already closed
from unknown error: web view not found
  (Session info: chrome=122.0.6261.95)
Stacktrace:
	GetHandleVerifier [0x00007FF7BEBDAD22+56930]
	(No symbol) [0x00007FF7BEB4F622]
	(No symbol) [0x00007FF7BEA042E5]
	(No symbol) [0x00007FF7BE9E1D4C]
	(No symbol) [0x00007FF7BEA723F7]
	(No symbol) [0x00007FF7BEA87891]
	(No symbol) [0x00007FF7BEA6BA43]
	(No symbol) [0x00007FF7BEA3D438]
	(No symbol) [0x00007FF7BEA3E4D1]
	GetHandleVerifier [0x00007FF7BEF56AAD+3709933]
	GetHandleVerifier [0x00007FF7BEFAFFED+4075821]
	GetHandleVerifier [0x00007FF7BEFA817F+4043455]
	GetHandleVerifier [0x00007FF7BEC79756+706710]
	(No symbol) [0x00007FF7BEB5B8FF]
	(No symbol) [0x00007FF7BEB56AE4]
	(No symbol) [0x00007FF7BEB56C3C]
	(No symbol) [0x00007FF7BEB468F4]
	BaseThreadInitThunk [0x00007FFB85977344+20]
	RtlUserThreadStart [0x00007FFB865026B1+33]
</msg>
<msg timestamp="20240306 20:17:11.356" level="WARN">Keyword 'Capture Page Screenshot' could not be run on failure: Message: no such window: target window already closed
from unknown error: web view not found
  (Session info: chrome=122.0.6261.95)
Stacktrace:
	GetHandleVerifier [0x00007FF7BEBDAD22+56930]
	(No symbol) [0x00007FF7BEB4F622]
	(No symbol) [0x00007FF7BEA042E5]
	(No symbol) [0x00007FF7BE9E1D4C]
	(No symbol) [0x00007FF7BEA723F7]
	(No symbol) [0x00007FF7BEA87891]
	(No symbol) [0x00007FF7BEA6BA43]
	(No symbol) [0x00007FF7BEA3D438]
	(No symbol) [0x00007FF7BEA3E4D1]
	GetHandleVerifier [0x00007FF7BEF56AAD+3709933]
	GetHandleVerifier [0x00007FF7BEFAFFED+4075821]
	GetHandleVerifier [0x00007FF7BEFA817F+4043455]
	GetHandleVerifier [0x00007FF7BEC79756+706710]
	(No symbol) [0x00007FF7BEB5B8FF]
	(No symbol) [0x00007FF7BEB56AE4]
	(No symbol) [0x00007FF7BEB56C3C]
	(No symbol) [0x00007FF7BEB468F4]
	BaseThreadInitThunk [0x00007FFB85977344+20]
	RtlUserThreadStart [0x00007FFB865026B1+33]
</msg>
<msg timestamp="20240306 20:17:16.374" level="WARN">Keyword 'Capture Page Screenshot' could not be run on failure: Message: no such window: target window already closed
from unknown error: web view not found
  (Session info: chrome=122.0.6261.95)
Stacktrace:
	GetHandleVerifier [0x00007FF7BEBDAD22+56930]
	(No symbol) [0x00007FF7BEB4F622]
	(No symbol) [0x00007FF7BEA042E5]
	(No symbol) [0x00007FF7BE9E1D4C]
	(No symbol) [0x00007FF7BEA723F7]
	(No symbol) [0x00007FF7BEA87891]
	(No symbol) [0x00007FF7BEA6BA43]
	(No symbol) [0x00007FF7BEA3D438]
	(No symbol) [0x00007FF7BEA3E4D1]
	GetHandleVerifier [0x00007FF7BEF56AAD+3709933]
	GetHandleVerifier [0x00007FF7BEFAFFED+4075821]
	GetHandleVerifier [0x00007FF7BEFA817F+4043455]
	GetHandleVerifier [0x00007FF7BEC79756+706710]
	(No symbol) [0x00007FF7BEB5B8FF]
	(No symbol) [0x00007FF7BEB56AE4]
	(No symbol) [0x00007FF7BEB56C3C]
	(No symbol) [0x00007FF7BEB468F4]
	BaseThreadInitThunk [0x00007FFB85977344+20]
	RtlUserThreadStart [0x00007FFB865026B1+33]
</msg>
<msg timestamp="20240306 20:17:23.427" level="WARN">Keyword 'Capture Page Screenshot' could not be run on failure: Message: no such window: target window already closed
from unknown error: web view not found
  (Session info: chrome=122.0.6261.95)
Stacktrace:
	GetHandleVerifier [0x00007FF7BEBDAD22+56930]
	(No symbol) [0x00007FF7BEB4F622]
	(No symbol) [0x00007FF7BEA042E5]
	(No symbol) [0x00007FF7BE9E1D4C]
	(No symbol) [0x00007FF7BEA723F7]
	(No symbol) [0x00007FF7BEA87891]
	(No symbol) [0x00007FF7BEA6BA43]
	(No symbol) [0x00007FF7BEA3D438]
	(No symbol) [0x00007FF7BEA3E4D1]
	GetHandleVerifier [0x00007FF7BEF56AAD+3709933]
	GetHandleVerifier [0x00007FF7BEFAFFED+4075821]
	GetHandleVerifier [0x00007FF7BEFA817F+4043455]
	GetHandleVerifier [0x00007FF7BEC79756+706710]
	(No symbol) [0x00007FF7BEB5B8FF]
	(No symbol) [0x00007FF7BEB56AE4]
	(No symbol) [0x00007FF7BEB56C3C]
	(No symbol) [0x00007FF7BEB468F4]
	BaseThreadInitThunk [0x00007FFB85977344+20]
	RtlUserThreadStart [0x00007FFB865026B1+33]
</msg>
<msg timestamp="20240306 20:17:23.536" level="WARN">Keyword 'Capture Page Screenshot' could not be run on failure: Message: no such window: target window already closed
from unknown error: web view not found
  (Session info: chrome=122.0.6261.95)
Stacktrace:
	GetHandleVerifier [0x00007FF7BEBDAD22+56930]
	(No symbol) [0x00007FF7BEB4F622]
	(No symbol) [0x00007FF7BEA042E5]
	(No symbol) [0x00007FF7BE9E1D4C]
	(No symbol) [0x00007FF7BEA723F7]
	(No symbol) [0x00007FF7BEA87891]
	(No symbol) [0x00007FF7BEA6BA43]
	(No symbol) [0x00007FF7BEA3D438]
	(No symbol) [0x00007FF7BEA3E4D1]
	GetHandleVerifier [0x00007FF7BEF56AAD+3709933]
	GetHandleVerifier [0x00007FF7BEFAFFED+4075821]
	GetHandleVerifier [0x00007FF7BEFA817F+4043455]
	GetHandleVerifier [0x00007FF7BEC79756+706710]
	(No symbol) [0x00007FF7BEB5B8FF]
	(No symbol) [0x00007FF7BEB56AE4]
	(No symbol) [0x00007FF7BEB56C3C]
	(No symbol) [0x00007FF7BEB468F4]
	BaseThreadInitThunk [0x00007FFB85977344+20]
	RtlUserThreadStart [0x00007FFB865026B1+33]
</msg>
<msg timestamp="20240306 20:17:25.599" level="WARN">Keyword 'Capture Page Screenshot' could not be run on failure: Message: no such window: target window already closed
from unknown error: web view not found
  (Session info: chrome=122.0.6261.95)
Stacktrace:
	GetHandleVerifier [0x00007FF7BEBDAD22+56930]
	(No symbol) [0x00007FF7BEB4F622]
	(No symbol) [0x00007FF7BEA042E5]
	(No symbol) [0x00007FF7BE9E1D4C]
	(No symbol) [0x00007FF7BEA723F7]
	(No symbol) [0x00007FF7BEA87891]
	(No symbol) [0x00007FF7BEA6BA43]
	(No symbol) [0x00007FF7BEA3D438]
	(No symbol) [0x00007FF7BEA3E4D1]
	GetHandleVerifier [0x00007FF7BEF56AAD+3709933]
	GetHandleVerifier [0x00007FF7BEFAFFED+4075821]
	GetHandleVerifier [0x00007FF7BEFA817F+4043455]
	GetHandleVerifier [0x00007FF7BEC79756+706710]
	(No symbol) [0x00007FF7BEB5B8FF]
	(No symbol) [0x00007FF7BEB56AE4]
	(No symbol) [0x00007FF7BEB56C3C]
	(No symbol) [0x00007FF7BEB468F4]
	BaseThreadInitThunk [0x00007FFB85977344+20]
	RtlUserThreadStart [0x00007FFB865026B1+33]
</msg>
<msg timestamp="20240306 20:17:25.633" level="WARN">Keyword 'Capture Page Screenshot' could not be run on failure: Message: no such window: target window already closed
from unknown error: web view not found
  (Session info: chrome=122.0.6261.95)
Stacktrace:
	GetHandleVerifier [0x00007FF7BEBDAD22+56930]
	(No symbol) [0x00007FF7BEB4F622]
	(No symbol) [0x00007FF7BEA042E5]
	(No symbol) [0x00007FF7BE9E1D4C]
	(No symbol) [0x00007FF7BEA723F7]
	(No symbol) [0x00007FF7BEA87891]
	(No symbol) [0x00007FF7BEA6BA43]
	(No symbol) [0x00007FF7BEA3D438]
	(No symbol) [0x00007FF7BEA3E4D1]
	GetHandleVerifier [0x00007FF7BEF56AAD+3709933]
	GetHandleVerifier [0x00007FF7BEFAFFED+4075821]
	GetHandleVerifier [0x00007FF7BEFA817F+4043455]
	GetHandleVerifier [0x00007FF7BEC79756+706710]
	(No symbol) [0x00007FF7BEB5B8FF]
	(No symbol) [0x00007FF7BEB56AE4]
	(No symbol) [0x00007FF7BEB56C3C]
	(No symbol) [0x00007FF7BEB468F4]
	BaseThreadInitThunk [0x00007FFB85977344+20]
	RtlUserThreadStart [0x00007FFB865026B1+33]
</msg>
<msg timestamp="20240306 20:17:25.660" level="WARN">Keyword 'Capture Page Screenshot' could not be run on failure: Message: no such window: target window already closed
from unknown error: web view not found
  (Session info: chrome=122.0.6261.95)
Stacktrace:
	GetHandleVerifier [0x00007FF7BEBDAD22+56930]
	(No symbol) [0x00007FF7BEB4F622]
	(No symbol) [0x00007FF7BEA042E5]
	(No symbol) [0x00007FF7BE9E1D4C]
	(No symbol) [0x00007FF7BEA723F7]
	(No symbol) [0x00007FF7BEA87891]
	(No symbol) [0x00007FF7BEA6BA43]
	(No symbol) [0x00007FF7BEA3D438]
	(No symbol) [0x00007FF7BEA3E4D1]
	GetHandleVerifier [0x00007FF7BEF56AAD+3709933]
	GetHandleVerifier [0x00007FF7BEFAFFED+4075821]
	GetHandleVerifier [0x00007FF7BEFA817F+4043455]
	GetHandleVerifier [0x00007FF7BEC79756+706710]
	(No symbol) [0x00007FF7BEB5B8FF]
	(No symbol) [0x00007FF7BEB56AE4]
	(No symbol) [0x00007FF7BEB56C3C]
	(No symbol) [0x00007FF7BEB468F4]
	BaseThreadInitThunk [0x00007FFB85977344+20]
	RtlUserThreadStart [0x00007FFB865026B1+33]
</msg>
<msg timestamp="20240306 20:17:25.680" level="WARN">Keyword 'Capture Page Screenshot' could not be run on failure: Message: no such window: target window already closed
from unknown error: web view not found
  (Session info: chrome=122.0.6261.95)
Stacktrace:
	GetHandleVerifier [0x00007FF7BEBDAD22+56930]
	(No symbol) [0x00007FF7BEB4F622]
	(No symbol) [0x00007FF7BEA042E5]
	(No symbol) [0x00007FF7BE9E1D4C]
	(No symbol) [0x00007FF7BEA723F7]
	(No symbol) [0x00007FF7BEA87891]
	(No symbol) [0x00007FF7BEA6BA43]
	(No symbol) [0x00007FF7BEA3D438]
	(No symbol) [0x00007FF7BEA3E4D1]
	GetHandleVerifier [0x00007FF7BEF56AAD+3709933]
	GetHandleVerifier [0x00007FF7BEFAFFED+4075821]
	GetHandleVerifier [0x00007FF7BEFA817F+4043455]
	GetHandleVerifier [0x00007FF7BEC79756+706710]
	(No symbol) [0x00007FF7BEB5B8FF]
	(No symbol) [0x00007FF7BEB56AE4]
	(No symbol) [0x00007FF7BEB56C3C]
	(No symbol) [0x00007FF7BEB468F4]
	BaseThreadInitThunk [0x00007FFB85977344+20]
	RtlUserThreadStart [0x00007FFB865026B1+33]
</msg>
<msg timestamp="20240306 20:17:25.699" level="WARN">Keyword 'Capture Page Screenshot' could not be run on failure: Message: no such window: target window already closed
from unknown error: web view not found
  (Session info: chrome=122.0.6261.95)
Stacktrace:
	GetHandleVerifier [0x00007FF7BEBDAD22+56930]
	(No symbol) [0x00007FF7BEB4F622]
	(No symbol) [0x00007FF7BEA042E5]
	(No symbol) [0x00007FF7BE9E1D4C]
	(No symbol) [0x00007FF7BEA723F7]
	(No symbol) [0x00007FF7BEA87891]
	(No symbol) [0x00007FF7BEA6BA43]
	(No symbol) [0x00007FF7BEA3D438]
	(No symbol) [0x00007FF7BEA3E4D1]
	GetHandleVerifier [0x00007FF7BEF56AAD+3709933]
	GetHandleVerifier [0x00007FF7BEFAFFED+4075821]
	GetHandleVerifier [0x00007FF7BEFA817F+4043455]
	GetHandleVerifier [0x00007FF7BEC79756+706710]
	(No symbol) [0x00007FF7BEB5B8FF]
	(No symbol) [0x00007FF7BEB56AE4]
	(No symbol) [0x00007FF7BEB56C3C]
	(No symbol) [0x00007FF7BEB468F4]
	BaseThreadInitThunk [0x00007FFB85977344+20]
	RtlUserThreadStart [0x00007FFB865026B1+33]
</msg>
<msg timestamp="20240306 20:17:25.711" level="WARN">Keyword 'Capture Page Screenshot' could not be run on failure: Message: no such window: target window already closed
from unknown error: web view not found
  (Session info: chrome=122.0.6261.95)
Stacktrace:
	GetHandleVerifier [0x00007FF7BEBDAD22+56930]
	(No symbol) [0x00007FF7BEB4F622]
	(No symbol) [0x00007FF7BEA042E5]
	(No symbol) [0x00007FF7BE9E1D4C]
	(No symbol) [0x00007FF7BEA723F7]
	(No symbol) [0x00007FF7BEA87891]
	(No symbol) [0x00007FF7BEA6BA43]
	(No symbol) [0x00007FF7BEA3D438]
	(No symbol) [0x00007FF7BEA3E4D1]
	GetHandleVerifier [0x00007FF7BEF56AAD+3709933]
	GetHandleVerifier [0x00007FF7BEFAFFED+4075821]
	GetHandleVerifier [0x00007FF7BEFA817F+4043455]
	GetHandleVerifier [0x00007FF7BEC79756+706710]
	(No symbol) [0x00007FF7BEB5B8FF]
	(No symbol) [0x00007FF7BEB56AE4]
	(No symbol) [0x00007FF7BEB56C3C]
	(No symbol) [0x00007FF7BEB468F4]
	BaseThreadInitThunk [0x00007FFB85977344+20]
	RtlUserThreadStart [0x00007FFB865026B1+33]
</msg>
</errors>
</robot>
